CRITICAL - 2022-07-10 00:33:17 --> Undefined variable: warga
#0 C:\xampp\htdocs\lab12_Iuran_KAS_RT_php_ci\ci4\app\Views\tambah_iuran.php(16): CodeIgniter\Debug\Exceptions->errorHandler(8, 'Undefined varia...', 'C:\\xampp\\htdocs...', 16, Array)
#1 C:\xampp\htdocs\lab12_Iuran_KAS_RT_php_ci\ci4\system\View\View.php(210): include('C:\\xampp\\htdocs...')
#2 C:\xampp\htdocs\lab12_Iuran_KAS_RT_php_ci\ci4\system\View\View.php(213): CodeIgniter\View\View->CodeIgniter\View\{closure}()
#3 C:\xampp\htdocs\lab12_Iuran_KAS_RT_php_ci\ci4\system\Common.php(1089): CodeIgniter\View\View->render('tambah_iuran', Array, true)
#4 C:\xampp\htdocs\lab12_Iuran_KAS_RT_php_ci\ci4\app\Controllers\iuran.php(25): view('tambah_iuran', Array)
#5 C:\xampp\htdocs\lab12_Iuran_KAS_RT_php_ci\ci4\system\CodeIgniter.php(832): App\Controllers\iuran->tambah()
#6 C:\xampp\htdocs\lab12_Iuran_KAS_RT_php_ci\ci4\system\CodeIgniter.php(419): CodeIgniter\CodeIgniter->runController(Object(App\Controllers\iuran))
#7 C:\xampp\htdocs\lab12_Iuran_KAS_RT_php_ci\ci4\system\CodeIgniter.php(326): CodeIgniter\CodeIgniter->handleRequest(NULL, Object(Config\Cache), false)
#8 C:\xampp\htdocs\lab12_Iuran_KAS_RT_php_ci\ci4\public\index.php(37): CodeIgniter\CodeIgniter->run()
#9 C:\xampp\htdocs\lab12_Iuran_KAS_RT_php_ci\ci4\system\Commands\Server\rewrite.php(43): require_once('C:\\xampp\\htdocs...')
#10 {main}
CRITICAL - 2022-07-10 01:09:54 --> Undefined variable: warga
#0 C:\xampp\htdocs\lab12_Iuran_KAS_RT_php_ci\ci4\app\Views\tambah_iuran.php(16): CodeIgniter\Debug\Exceptions->errorHandler(8, 'Undefined varia...', 'C:\\xampp\\htdocs...', 16, Array)
#1 C:\xampp\htdocs\lab12_Iuran_KAS_RT_php_ci\ci4\system\View\View.php(210): include('C:\\xampp\\htdocs...')
#2 C:\xampp\htdocs\lab12_Iuran_KAS_RT_php_ci\ci4\system\View\View.php(213): CodeIgniter\View\View->CodeIgniter\View\{closure}()
#3 C:\xampp\htdocs\lab12_Iuran_KAS_RT_php_ci\ci4\system\Common.php(1089): CodeIgniter\View\View->render('tambah_iuran', Array, true)
#4 C:\xampp\htdocs\lab12_Iuran_KAS_RT_php_ci\ci4\app\Controllers\iuran.php(25): view('tambah_iuran', Array)
#5 C:\xampp\htdocs\lab12_Iuran_KAS_RT_php_ci\ci4\system\CodeIgniter.php(832): App\Controllers\iuran->tambah()
#6 C:\xampp\htdocs\lab12_Iuran_KAS_RT_php_ci\ci4\system\CodeIgniter.php(419): CodeIgniter\CodeIgniter->runController(Object(App\Controllers\iuran))
#7 C:\xampp\htdocs\lab12_Iuran_KAS_RT_php_ci\ci4\system\CodeIgniter.php(326): CodeIgniter\CodeIgniter->handleRequest(NULL, Object(Config\Cache), false)
#8 C:\xampp\htdocs\lab12_Iuran_KAS_RT_php_ci\ci4\public\index.php(37): CodeIgniter\CodeIgniter->run()
#9 C:\xampp\htdocs\lab12_Iuran_KAS_RT_php_ci\ci4\system\Commands\Server\rewrite.php(43): require_once('C:\\xampp\\htdocs...')
#10 {main}
CRITICAL - 2022-07-10 01:09:55 --> Undefined variable: warga
#0 C:\xampp\htdocs\lab12_Iuran_KAS_RT_php_ci\ci4\app\Views\tambah_iuran.php(16): CodeIgniter\Debug\Exceptions->errorHandler(8, 'Undefined varia...', 'C:\\xampp\\htdocs...', 16, Array)
#1 C:\xampp\htdocs\lab12_Iuran_KAS_RT_php_ci\ci4\system\View\View.php(210): include('C:\\xampp\\htdocs...')
#2 C:\xampp\htdocs\lab12_Iuran_KAS_RT_php_ci\ci4\system\View\View.php(213): CodeIgniter\View\View->CodeIgniter\View\{closure}()
#3 C:\xampp\htdocs\lab12_Iuran_KAS_RT_php_ci\ci4\system\Common.php(1089): CodeIgniter\View\View->render('tambah_iuran', Array, true)
#4 C:\xampp\htdocs\lab12_Iuran_KAS_RT_php_ci\ci4\app\Controllers\iuran.php(25): view('tambah_iuran', Array)
#5 C:\xampp\htdocs\lab12_Iuran_KAS_RT_php_ci\ci4\system\CodeIgniter.php(832): App\Controllers\iuran->tambah()
#6 C:\xampp\htdocs\lab12_Iuran_KAS_RT_php_ci\ci4\system\CodeIgniter.php(419): CodeIgniter\CodeIgniter->runController(Object(App\Controllers\iuran))
#7 C:\xampp\htdocs\lab12_Iuran_KAS_RT_php_ci\ci4\system\CodeIgniter.php(326): CodeIgniter\CodeIgniter->handleRequest(NULL, Object(Config\Cache), false)
#8 C:\xampp\htdocs\lab12_Iuran_KAS_RT_php_ci\ci4\public\index.php(37): CodeIgniter\CodeIgniter->run()
#9 C:\xampp\htdocs\lab12_Iuran_KAS_RT_php_ci\ci4\system\Commands\Server\rewrite.php(43): require_once('C:\\xampp\\htdocs...')
#10 {main}
CRITICAL - 2022-07-10 01:09:56 --> Undefined variable: warga
#0 C:\xampp\htdocs\lab12_Iuran_KAS_RT_php_ci\ci4\app\Views\tambah_iuran.php(16): CodeIgniter\Debug\Exceptions->errorHandler(8, 'Undefined varia...', 'C:\\xampp\\htdocs...', 16, Array)
#1 C:\xampp\htdocs\lab12_Iuran_KAS_RT_php_ci\ci4\system\View\View.php(210): include('C:\\xampp\\htdocs...')
#2 C:\xampp\htdocs\lab12_Iuran_KAS_RT_php_ci\ci4\system\View\View.php(213): CodeIgniter\View\View->CodeIgniter\View\{closure}()
#3 C:\xampp\htdocs\lab12_Iuran_KAS_RT_php_ci\ci4\system\Common.php(1089): CodeIgniter\View\View->render('tambah_iuran', Array, true)
#4 C:\xampp\htdocs\lab12_Iuran_KAS_RT_php_ci\ci4\app\Controllers\iuran.php(25): view('tambah_iuran', Array)
#5 C:\xampp\htdocs\lab12_Iuran_KAS_RT_php_ci\ci4\system\CodeIgniter.php(832): App\Controllers\iuran->tambah()
#6 C:\xampp\htdocs\lab12_Iuran_KAS_RT_php_ci\ci4\system\CodeIgniter.php(419): CodeIgniter\CodeIgniter->runController(Object(App\Controllers\iuran))
#7 C:\xampp\htdocs\lab12_Iuran_KAS_RT_php_ci\ci4\system\CodeIgniter.php(326): CodeIgniter\CodeIgniter->handleRequest(NULL, Object(Config\Cache), false)
#8 C:\xampp\htdocs\lab12_Iuran_KAS_RT_php_ci\ci4\public\index.php(37): CodeIgniter\CodeIgniter->run()
#9 C:\xampp\htdocs\lab12_Iuran_KAS_RT_php_ci\ci4\system\Commands\Server\rewrite.php(43): require_once('C:\\xampp\\htdocs...')
#10 {main}
CRITICAL - 2022-07-10 01:09:57 --> Undefined variable: warga
#0 C:\xampp\htdocs\lab12_Iuran_KAS_RT_php_ci\ci4\app\Views\tambah_iuran.php(16): CodeIgniter\Debug\Exceptions->errorHandler(8, 'Undefined varia...', 'C:\\xampp\\htdocs...', 16, Array)
#1 C:\xampp\htdocs\lab12_Iuran_KAS_RT_php_ci\ci4\system\View\View.php(210): include('C:\\xampp\\htdocs...')
#2 C:\xampp\htdocs\lab12_Iuran_KAS_RT_php_ci\ci4\system\View\View.php(213): CodeIgniter\View\View->CodeIgniter\View\{closure}()
#3 C:\xampp\htdocs\lab12_Iuran_KAS_RT_php_ci\ci4\system\Common.php(1089): CodeIgniter\View\View->render('tambah_iuran', Array, true)
#4 C:\xampp\htdocs\lab12_Iuran_KAS_RT_php_ci\ci4\app\Controllers\iuran.php(25): view('tambah_iuran', Array)
#5 C:\xampp\htdocs\lab12_Iuran_KAS_RT_php_ci\ci4\system\CodeIgniter.php(832): App\Controllers\iuran->tambah()
#6 C:\xampp\htdocs\lab12_Iuran_KAS_RT_php_ci\ci4\system\CodeIgniter.php(419): CodeIgniter\CodeIgniter->runController(Object(App\Controllers\iuran))
#7 C:\xampp\htdocs\lab12_Iuran_KAS_RT_php_ci\ci4\system\CodeIgniter.php(326): CodeIgniter\CodeIgniter->handleRequest(NULL, Object(Config\Cache), false)
#8 C:\xampp\htdocs\lab12_Iuran_KAS_RT_php_ci\ci4\public\index.php(37): CodeIgniter\CodeIgniter->run()
#9 C:\xampp\htdocs\lab12_Iuran_KAS_RT_php_ci\ci4\system\Commands\Server\rewrite.php(43): require_once('C:\\xampp\\htdocs...')
#10 {main}
CRITICAL - 2022-07-10 01:09:58 --> Undefined variable: warga
#0 C:\xampp\htdocs\lab12_Iuran_KAS_RT_php_ci\ci4\app\Views\tambah_iuran.php(16): CodeIgniter\Debug\Exceptions->errorHandler(8, 'Undefined varia...', 'C:\\xampp\\htdocs...', 16, Array)
#1 C:\xampp\htdocs\lab12_Iuran_KAS_RT_php_ci\ci4\system\View\View.php(210): include('C:\\xampp\\htdocs...')
#2 C:\xampp\htdocs\lab12_Iuran_KAS_RT_php_ci\ci4\system\View\View.php(213): CodeIgniter\View\View->CodeIgniter\View\{closure}()
#3 C:\xampp\htdocs\lab12_Iuran_KAS_RT_php_ci\ci4\system\Common.php(1089): CodeIgniter\View\View->render('tambah_iuran', Array, true)
#4 C:\xampp\htdocs\lab12_Iuran_KAS_RT_php_ci\ci4\app\Controllers\iuran.php(25): view('tambah_iuran', Array)
#5 C:\xampp\htdocs\lab12_Iuran_KAS_RT_php_ci\ci4\system\CodeIgniter.php(832): App\Controllers\iuran->tambah()
#6 C:\xampp\htdocs\lab12_Iuran_KAS_RT_php_ci\ci4\system\CodeIgniter.php(419): CodeIgniter\CodeIgniter->runController(Object(App\Controllers\iuran))
#7 C:\xampp\htdocs\lab12_Iuran_KAS_RT_php_ci\ci4\system\CodeIgniter.php(326): CodeIgniter\CodeIgniter->handleRequest(NULL, Object(Config\Cache), false)
#8 C:\xampp\htdocs\lab12_Iuran_KAS_RT_php_ci\ci4\public\index.php(37): CodeIgniter\CodeIgniter->run()
#9 C:\xampp\htdocs\lab12_Iuran_KAS_RT_php_ci\ci4\system\Commands\Server\rewrite.php(43): require_once('C:\\xampp\\htdocs...')
#10 {main}
CRITICAL - 2022-07-10 01:09:59 --> Undefined variable: warga
#0 C:\xampp\htdocs\lab12_Iuran_KAS_RT_php_ci\ci4\app\Views\tambah_iuran.php(16): CodeIgniter\Debug\Exceptions->errorHandler(8, 'Undefined varia...', 'C:\\xampp\\htdocs...', 16, Array)
#1 C:\xampp\htdocs\lab12_Iuran_KAS_RT_php_ci\ci4\system\View\View.php(210): include('C:\\xampp\\htdocs...')
#2 C:\xampp\htdocs\lab12_Iuran_KAS_RT_php_ci\ci4\system\View\View.php(213): CodeIgniter\View\View->CodeIgniter\View\{closure}()
#3 C:\xampp\htdocs\lab12_Iuran_KAS_RT_php_ci\ci4\system\Common.php(1089): CodeIgniter\View\View->render('tambah_iuran', Array, true)
#4 C:\xampp\htdocs\lab12_Iuran_KAS_RT_php_ci\ci4\app\Controllers\iuran.php(25): view('tambah_iuran', Array)
#5 C:\xampp\htdocs\lab12_Iuran_KAS_RT_php_ci\ci4\system\CodeIgniter.php(832): App\Controllers\iuran->tambah()
#6 C:\xampp\htdocs\lab12_Iuran_KAS_RT_php_ci\ci4\system\CodeIgniter.php(419): CodeIgniter\CodeIgniter->runController(Object(App\Controllers\iuran))
#7 C:\xampp\htdocs\lab12_Iuran_KAS_RT_php_ci\ci4\system\CodeIgniter.php(326): CodeIgniter\CodeIgniter->handleRequest(NULL, Object(Config\Cache), false)
#8 C:\xampp\htdocs\lab12_Iuran_KAS_RT_php_ci\ci4\public\index.php(37): CodeIgniter\CodeIgniter->run()
#9 C:\xampp\htdocs\lab12_Iuran_KAS_RT_php_ci\ci4\system\Commands\Server\rewrite.php(43): require_once('C:\\xampp\\htdocs...')
#10 {main}
CRITICAL - 2022-07-10 01:10:00 --> Undefined variable: warga
#0 C:\xampp\htdocs\lab12_Iuran_KAS_RT_php_ci\ci4\app\Views\tambah_iuran.php(16): CodeIgniter\Debug\Exceptions->errorHandler(8, 'Undefined varia...', 'C:\\xampp\\htdocs...', 16, Array)
#1 C:\xampp\htdocs\lab12_Iuran_KAS_RT_php_ci\ci4\system\View\View.php(210): include('C:\\xampp\\htdocs...')
#2 C:\xampp\htdocs\lab12_Iuran_KAS_RT_php_ci\ci4\system\View\View.php(213): CodeIgniter\View\View->CodeIgniter\View\{closure}()
#3 C:\xampp\htdocs\lab12_Iuran_KAS_RT_php_ci\ci4\system\Common.php(1089): CodeIgniter\View\View->render('tambah_iuran', Array, true)
#4 C:\xampp\htdocs\lab12_Iuran_KAS_RT_php_ci\ci4\app\Controllers\iuran.php(25): view('tambah_iuran', Array)
#5 C:\xampp\htdocs\lab12_Iuran_KAS_RT_php_ci\ci4\system\CodeIgniter.php(832): App\Controllers\iuran->tambah()
#6 C:\xampp\htdocs\lab12_Iuran_KAS_RT_php_ci\ci4\system\CodeIgniter.php(419): CodeIgniter\CodeIgniter->runController(Object(App\Controllers\iuran))
#7 C:\xampp\htdocs\lab12_Iuran_KAS_RT_php_ci\ci4\system\CodeIgniter.php(326): CodeIgniter\CodeIgniter->handleRequest(NULL, Object(Config\Cache), false)
#8 C:\xampp\htdocs\lab12_Iuran_KAS_RT_php_ci\ci4\public\index.php(37): CodeIgniter\CodeIgniter->run()
#9 C:\xampp\htdocs\lab12_Iuran_KAS_RT_php_ci\ci4\system\Commands\Server\rewrite.php(43): require_once('C:\\xampp\\htdocs...')
#10 {main}
CRITICAL - 2022-07-10 01:10:01 --> Undefined variable: warga
#0 C:\xampp\htdocs\lab12_Iuran_KAS_RT_php_ci\ci4\app\Views\tambah_iuran.php(16): CodeIgniter\Debug\Exceptions->errorHandler(8, 'Undefined varia...', 'C:\\xampp\\htdocs...', 16, Array)
#1 C:\xampp\htdocs\lab12_Iuran_KAS_RT_php_ci\ci4\system\View\View.php(210): include('C:\\xampp\\htdocs...')
#2 C:\xampp\htdocs\lab12_Iuran_KAS_RT_php_ci\ci4\system\View\View.php(213): CodeIgniter\View\View->CodeIgniter\View\{closure}()
#3 C:\xampp\htdocs\lab12_Iuran_KAS_RT_php_ci\ci4\system\Common.php(1089): CodeIgniter\View\View->render('tambah_iuran', Array, true)
#4 C:\xampp\htdocs\lab12_Iuran_KAS_RT_php_ci\ci4\app\Controllers\iuran.php(25): view('tambah_iuran', Array)
#5 C:\xampp\htdocs\lab12_Iuran_KAS_RT_php_ci\ci4\system\CodeIgniter.php(832): App\Controllers\iuran->tambah()
#6 C:\xampp\htdocs\lab12_Iuran_KAS_RT_php_ci\ci4\system\CodeIgniter.php(419): CodeIgniter\CodeIgniter->runController(Object(App\Controllers\iuran))
#7 C:\xampp\htdocs\lab12_Iuran_KAS_RT_php_ci\ci4\system\CodeIgniter.php(326): CodeIgniter\CodeIgniter->handleRequest(NULL, Object(Config\Cache), false)
#8 C:\xampp\htdocs\lab12_Iuran_KAS_RT_php_ci\ci4\public\index.php(37): CodeIgniter\CodeIgniter->run()
#9 C:\xampp\htdocs\lab12_Iuran_KAS_RT_php_ci\ci4\system\Commands\Server\rewrite.php(43): require_once('C:\\xampp\\htdocs...')
#10 {main}
CRITICAL - 2022-07-10 01:10:02 --> Undefined variable: warga
#0 C:\xampp\htdocs\lab12_Iuran_KAS_RT_php_ci\ci4\app\Views\tambah_iuran.php(16): CodeIgniter\Debug\Exceptions->errorHandler(8, 'Undefined varia...', 'C:\\xampp\\htdocs...', 16, Array)
#1 C:\xampp\htdocs\lab12_Iuran_KAS_RT_php_ci\ci4\system\View\View.php(210): include('C:\\xampp\\htdocs...')
#2 C:\xampp\htdocs\lab12_Iuran_KAS_RT_php_ci\ci4\system\View\View.php(213): CodeIgniter\View\View->CodeIgniter\View\{closure}()
#3 C:\xampp\htdocs\lab12_Iuran_KAS_RT_php_ci\ci4\system\Common.php(1089): CodeIgniter\View\View->render('tambah_iuran', Array, true)
#4 C:\xampp\htdocs\lab12_Iuran_KAS_RT_php_ci\ci4\app\Controllers\iuran.php(25): view('tambah_iuran', Array)
#5 C:\xampp\htdocs\lab12_Iuran_KAS_RT_php_ci\ci4\system\CodeIgniter.php(832): App\Controllers\iuran->tambah()
#6 C:\xampp\htdocs\lab12_Iuran_KAS_RT_php_ci\ci4\system\CodeIgniter.php(419): CodeIgniter\CodeIgniter->runController(Object(App\Controllers\iuran))
#7 C:\xampp\htdocs\lab12_Iuran_KAS_RT_php_ci\ci4\system\CodeIgniter.php(326): CodeIgniter\CodeIgniter->handleRequest(NULL, Object(Config\Cache), false)
#8 C:\xampp\htdocs\lab12_Iuran_KAS_RT_php_ci\ci4\public\index.php(37): CodeIgniter\CodeIgniter->run()
#9 C:\xampp\htdocs\lab12_Iuran_KAS_RT_php_ci\ci4\system\Commands\Server\rewrite.php(43): require_once('C:\\xampp\\htdocs...')
#10 {main}
CRITICAL - 2022-07-10 01:10:03 --> Undefined variable: warga
#0 C:\xampp\htdocs\lab12_Iuran_KAS_RT_php_ci\ci4\app\Views\tambah_iuran.php(16): CodeIgniter\Debug\Exceptions->errorHandler(8, 'Undefined varia...', 'C:\\xampp\\htdocs...', 16, Array)
#1 C:\xampp\htdocs\lab12_Iuran_KAS_RT_php_ci\ci4\system\View\View.php(210): include('C:\\xampp\\htdocs...')
#2 C:\xampp\htdocs\lab12_Iuran_KAS_RT_php_ci\ci4\system\View\View.php(213): CodeIgniter\View\View->CodeIgniter\View\{closure}()
#3 C:\xampp\htdocs\lab12_Iuran_KAS_RT_php_ci\ci4\system\Common.php(1089): CodeIgniter\View\View->render('tambah_iuran', Array, true)
#4 C:\xampp\htdocs\lab12_Iuran_KAS_RT_php_ci\ci4\app\Controllers\iuran.php(25): view('tambah_iuran', Array)
#5 C:\xampp\htdocs\lab12_Iuran_KAS_RT_php_ci\ci4\system\CodeIgniter.php(832): App\Controllers\iuran->tambah()
#6 C:\xampp\htdocs\lab12_Iuran_KAS_RT_php_ci\ci4\system\CodeIgniter.php(419): CodeIgniter\CodeIgniter->runController(Object(App\Controllers\iuran))
#7 C:\xampp\htdocs\lab12_Iuran_KAS_RT_php_ci\ci4\system\CodeIgniter.php(326): CodeIgniter\CodeIgniter->handleRequest(NULL, Object(Config\Cache), false)
#8 C:\xampp\htdocs\lab12_Iuran_KAS_RT_php_ci\ci4\public\index.php(37): CodeIgniter\CodeIgniter->run()
#9 C:\xampp\htdocs\lab12_Iuran_KAS_RT_php_ci\ci4\system\Commands\Server\rewrite.php(43): require_once('C:\\xampp\\htdocs...')
#10 {main}
CRITICAL - 2022-07-10 01:10:04 --> Undefined variable: warga
#0 C:\xampp\htdocs\lab12_Iuran_KAS_RT_php_ci\ci4\app\Views\tambah_iuran.php(16): CodeIgniter\Debug\Exceptions->errorHandler(8, 'Undefined varia...', 'C:\\xampp\\htdocs...', 16, Array)
#1 C:\xampp\htdocs\lab12_Iuran_KAS_RT_php_ci\ci4\system\View\View.php(210): include('C:\\xampp\\htdocs...')
#2 C:\xampp\htdocs\lab12_Iuran_KAS_RT_php_ci\ci4\system\View\View.php(213): CodeIgniter\View\View->CodeIgniter\View\{closure}()
#3 C:\xampp\htdocs\lab12_Iuran_KAS_RT_php_ci\ci4\system\Common.php(1089): CodeIgniter\View\View->render('tambah_iuran', Array, true)
#4 C:\xampp\htdocs\lab12_Iuran_KAS_RT_php_ci\ci4\app\Controllers\iuran.php(25): view('tambah_iuran', Array)
#5 C:\xampp\htdocs\lab12_Iuran_KAS_RT_php_ci\ci4\system\CodeIgniter.php(832): App\Controllers\iuran->tambah()
#6 C:\xampp\htdocs\lab12_Iuran_KAS_RT_php_ci\ci4\system\CodeIgniter.php(419): CodeIgniter\CodeIgniter->runController(Object(App\Controllers\iuran))
#7 C:\xampp\htdocs\lab12_Iuran_KAS_RT_php_ci\ci4\system\CodeIgniter.php(326): CodeIgniter\CodeIgniter->handleRequest(NULL, Object(Config\Cache), false)
#8 C:\xampp\htdocs\lab12_Iuran_KAS_RT_php_ci\ci4\public\index.php(37): CodeIgniter\CodeIgniter->run()
#9 C:\xampp\htdocs\lab12_Iuran_KAS_RT_php_ci\ci4\system\Commands\Server\rewrite.php(43): require_once('C:\\xampp\\htdocs...')
#10 {main}
CRITICAL - 2022-07-10 01:10:04 --> Undefined variable: warga
#0 C:\xampp\htdocs\lab12_Iuran_KAS_RT_php_ci\ci4\app\Views\tambah_iuran.php(16): CodeIgniter\Debug\Exceptions->errorHandler(8, 'Undefined varia...', 'C:\\xampp\\htdocs...', 16, Array)
#1 C:\xampp\htdocs\lab12_Iuran_KAS_RT_php_ci\ci4\system\View\View.php(210): include('C:\\xampp\\htdocs...')
#2 C:\xampp\htdocs\lab12_Iuran_KAS_RT_php_ci\ci4\system\View\View.php(213): CodeIgniter\View\View->CodeIgniter\View\{closure}()
#3 C:\xampp\htdocs\lab12_Iuran_KAS_RT_php_ci\ci4\system\Common.php(1089): CodeIgniter\View\View->render('tambah_iuran', Array, true)
#4 C:\xampp\htdocs\lab12_Iuran_KAS_RT_php_ci\ci4\app\Controllers\iuran.php(25): view('tambah_iuran', Array)
#5 C:\xampp\htdocs\lab12_Iuran_KAS_RT_php_ci\ci4\system\CodeIgniter.php(832): App\Controllers\iuran->tambah()
#6 C:\xampp\htdocs\lab12_Iuran_KAS_RT_php_ci\ci4\system\CodeIgniter.php(419): CodeIgniter\CodeIgniter->runController(Object(App\Controllers\iuran))
#7 C:\xampp\htdocs\lab12_Iuran_KAS_RT_php_ci\ci4\system\CodeIgniter.php(326): CodeIgniter\CodeIgniter->handleRequest(NULL, Object(Config\Cache), false)
#8 C:\xampp\htdocs\lab12_Iuran_KAS_RT_php_ci\ci4\public\index.php(37): CodeIgniter\CodeIgniter->run()
#9 C:\xampp\htdocs\lab12_Iuran_KAS_RT_php_ci\ci4\system\Commands\Server\rewrite.php(43): require_once('C:\\xampp\\htdocs...')
#10 {main}
CRITICAL - 2022-07-10 01:10:05 --> Undefined variable: warga
#0 C:\xampp\htdocs\lab12_Iuran_KAS_RT_php_ci\ci4\app\Views\tambah_iuran.php(16): CodeIgniter\Debug\Exceptions->errorHandler(8, 'Undefined varia...', 'C:\\xampp\\htdocs...', 16, Array)
#1 C:\xampp\htdocs\lab12_Iuran_KAS_RT_php_ci\ci4\system\View\View.php(210): include('C:\\xampp\\htdocs...')
#2 C:\xampp\htdocs\lab12_Iuran_KAS_RT_php_ci\ci4\system\View\View.php(213): CodeIgniter\View\View->CodeIgniter\View\{closure}()
#3 C:\xampp\htdocs\lab12_Iuran_KAS_RT_php_ci\ci4\system\Common.php(1089): CodeIgniter\View\View->render('tambah_iuran', Array, true)
#4 C:\xampp\htdocs\lab12_Iuran_KAS_RT_php_ci\ci4\app\Controllers\iuran.php(25): view('tambah_iuran', Array)
#5 C:\xampp\htdocs\lab12_Iuran_KAS_RT_php_ci\ci4\system\CodeIgniter.php(832): App\Controllers\iuran->tambah()
#6 C:\xampp\htdocs\lab12_Iuran_KAS_RT_php_ci\ci4\system\CodeIgniter.php(419): CodeIgniter\CodeIgniter->runController(Object(App\Controllers\iuran))
#7 C:\xampp\htdocs\lab12_Iuran_KAS_RT_php_ci\ci4\system\CodeIgniter.php(326): CodeIgniter\CodeIgniter->handleRequest(NULL, Object(Config\Cache), false)
#8 C:\xampp\htdocs\lab12_Iuran_KAS_RT_php_ci\ci4\public\index.php(37): CodeIgniter\CodeIgniter->run()
#9 C:\xampp\htdocs\lab12_Iuran_KAS_RT_php_ci\ci4\system\Commands\Server\rewrite.php(43): require_once('C:\\xampp\\htdocs...')
#10 {main}
CRITICAL - 2022-07-10 01:10:05 --> Undefined variable: warga
#0 C:\xampp\htdocs\lab12_Iuran_KAS_RT_php_ci\ci4\app\Views\tambah_iuran.php(16): CodeIgniter\Debug\Exceptions->errorHandler(8, 'Undefined varia...', 'C:\\xampp\\htdocs...', 16, Array)
#1 C:\xampp\htdocs\lab12_Iuran_KAS_RT_php_ci\ci4\system\View\View.php(210): include('C:\\xampp\\htdocs...')
#2 C:\xampp\htdocs\lab12_Iuran_KAS_RT_php_ci\ci4\system\View\View.php(213): CodeIgniter\View\View->CodeIgniter\View\{closure}()
#3 C:\xampp\htdocs\lab12_Iuran_KAS_RT_php_ci\ci4\system\Common.php(1089): CodeIgniter\View\View->render('tambah_iuran', Array, true)
#4 C:\xampp\htdocs\lab12_Iuran_KAS_RT_php_ci\ci4\app\Controllers\iuran.php(25): view('tambah_iuran', Array)
#5 C:\xampp\htdocs\lab12_Iuran_KAS_RT_php_ci\ci4\system\CodeIgniter.php(832): App\Controllers\iuran->tambah()
#6 C:\xampp\htdocs\lab12_Iuran_KAS_RT_php_ci\ci4\system\CodeIgniter.php(419): CodeIgniter\CodeIgniter->runController(Object(App\Controllers\iuran))
#7 C:\xampp\htdocs\lab12_Iuran_KAS_RT_php_ci\ci4\system\CodeIgniter.php(326): CodeIgniter\CodeIgniter->handleRequest(NULL, Object(Config\Cache), false)
#8 C:\xampp\htdocs\lab12_Iuran_KAS_RT_php_ci\ci4\public\index.php(37): CodeIgniter\CodeIgniter->run()
#9 C:\xampp\htdocs\lab12_Iuran_KAS_RT_php_ci\ci4\system\Commands\Server\rewrite.php(43): require_once('C:\\xampp\\htdocs...')
#10 {main}
CRITICAL - 2022-07-10 01:13:09 --> syntax error, unexpected end of file
#0 C:\xampp\htdocs\lab12_Iuran_KAS_RT_php_ci\ci4\system\View\View.php(213): CodeIgniter\View\View->CodeIgniter\View\{closure}()
#1 C:\xampp\htdocs\lab12_Iuran_KAS_RT_php_ci\ci4\system\Common.php(1089): CodeIgniter\View\View->render('tambah_iuran', Array, true)
#2 C:\xampp\htdocs\lab12_Iuran_KAS_RT_php_ci\ci4\app\Controllers\iuran.php(25): view('tambah_iuran', Array)
#3 C:\xampp\htdocs\lab12_Iuran_KAS_RT_php_ci\ci4\system\CodeIgniter.php(832): App\Controllers\iuran->tambah()
#4 C:\xampp\htdocs\lab12_Iuran_KAS_RT_php_ci\ci4\system\CodeIgniter.php(419): CodeIgniter\CodeIgniter->runController(Object(App\Controllers\iuran))
#5 C:\xampp\htdocs\lab12_Iuran_KAS_RT_php_ci\ci4\system\CodeIgniter.php(326): CodeIgniter\CodeIgniter->handleRequest(NULL, Object(Config\Cache), false)
#6 C:\xampp\htdocs\lab12_Iuran_KAS_RT_php_ci\ci4\public\index.php(37): CodeIgniter\CodeIgniter->run()
#7 C:\xampp\htdocs\lab12_Iuran_KAS_RT_php_ci\ci4\system\Commands\Server\rewrite.php(43): require_once('C:\\xampp\\htdocs...')
#8 {main}
CRITICAL - 2022-07-10 01:15:40 --> syntax error, unexpected end of file, expecting elseif (T_ELSEIF) or else (T_ELSE) or endif (T_ENDIF)
#0 C:\xampp\htdocs\lab12_Iuran_KAS_RT_php_ci\ci4\system\View\View.php(213): CodeIgniter\View\View->CodeIgniter\View\{closure}()
#1 C:\xampp\htdocs\lab12_Iuran_KAS_RT_php_ci\ci4\system\Common.php(1089): CodeIgniter\View\View->render('tambah_iuran', Array, true)
#2 C:\xampp\htdocs\lab12_Iuran_KAS_RT_php_ci\ci4\app\Controllers\iuran.php(25): view('tambah_iuran', Array)
#3 C:\xampp\htdocs\lab12_Iuran_KAS_RT_php_ci\ci4\system\CodeIgniter.php(832): App\Controllers\iuran->tambah()
#4 C:\xampp\htdocs\lab12_Iuran_KAS_RT_php_ci\ci4\system\CodeIgniter.php(419): CodeIgniter\CodeIgniter->runController(Object(App\Controllers\iuran))
#5 C:\xampp\htdocs\lab12_Iuran_KAS_RT_php_ci\ci4\system\CodeIgniter.php(326): CodeIgniter\CodeIgniter->handleRequest(NULL, Object(Config\Cache), false)
#6 C:\xampp\htdocs\lab12_Iuran_KAS_RT_php_ci\ci4\public\index.php(37): CodeIgniter\CodeIgniter->run()
#7 C:\xampp\htdocs\lab12_Iuran_KAS_RT_php_ci\ci4\system\Commands\Server\rewrite.php(43): require_once('C:\\xampp\\htdocs...')
#8 {main}
CRITICAL - 2022-07-10 01:16:39 --> Undefined variable: warga
#0 C:\xampp\htdocs\lab12_Iuran_KAS_RT_php_ci\ci4\app\Views\tambah_iuran.php(15): CodeIgniter\Debug\Exceptions->errorHandler(8, 'Undefined varia...', 'C:\\xampp\\htdocs...', 15, Array)
#1 C:\xampp\htdocs\lab12_Iuran_KAS_RT_php_ci\ci4\system\View\View.php(210): include('C:\\xampp\\htdocs...')
#2 C:\xampp\htdocs\lab12_Iuran_KAS_RT_php_ci\ci4\system\View\View.php(213): CodeIgniter\View\View->CodeIgniter\View\{closure}()
#3 C:\xampp\htdocs\lab12_Iuran_KAS_RT_php_ci\ci4\system\Common.php(1089): CodeIgniter\View\View->render('tambah_iuran', Array, true)
#4 C:\xampp\htdocs\lab12_Iuran_KAS_RT_php_ci\ci4\app\Controllers\iuran.php(25): view('tambah_iuran', Array)
#5 C:\xampp\htdocs\lab12_Iuran_KAS_RT_php_ci\ci4\system\CodeIgniter.php(832): App\Controllers\iuran->tambah()
#6 C:\xampp\htdocs\lab12_Iuran_KAS_RT_php_ci\ci4\system\CodeIgniter.php(419): CodeIgniter\CodeIgniter->runController(Object(App\Controllers\iuran))
#7 C:\xampp\htdocs\lab12_Iuran_KAS_RT_php_ci\ci4\system\CodeIgniter.php(326): CodeIgniter\CodeIgniter->handleRequest(NULL, Object(Config\Cache), false)
#8 C:\xampp\htdocs\lab12_Iuran_KAS_RT_php_ci\ci4\public\index.php(37): CodeIgniter\CodeIgniter->run()
#9 C:\xampp\htdocs\lab12_Iuran_KAS_RT_php_ci\ci4\system\Commands\Server\rewrite.php(43): require_once('C:\\xampp\\htdocs...')
#10 {main}
CRITICAL - 2022-07-10 01:26:55 --> Undefined variable: warga
#0 C:\xampp\htdocs\lab12_Iuran_KAS_RT_php_ci\ci4\app\Views\tambah_iuran.php(18): CodeIgniter\Debug\Exceptions->errorHandler(8, 'Undefined varia...', 'C:\\xampp\\htdocs...', 18, Array)
#1 C:\xampp\htdocs\lab12_Iuran_KAS_RT_php_ci\ci4\system\View\View.php(210): include('C:\\xampp\\htdocs...')
#2 C:\xampp\htdocs\lab12_Iuran_KAS_RT_php_ci\ci4\system\View\View.php(213): CodeIgniter\View\View->CodeIgniter\View\{closure}()
#3 C:\xampp\htdocs\lab12_Iuran_KAS_RT_php_ci\ci4\system\Common.php(1089): CodeIgniter\View\View->render('tambah_iuran', Array, true)
#4 C:\xampp\htdocs\lab12_Iuran_KAS_RT_php_ci\ci4\app\Controllers\iuran.php(25): view('tambah_iuran', Array)
#5 C:\xampp\htdocs\lab12_Iuran_KAS_RT_php_ci\ci4\system\CodeIgniter.php(832): App\Controllers\iuran->tambah()
#6 C:\xampp\htdocs\lab12_Iuran_KAS_RT_php_ci\ci4\system\CodeIgniter.php(419): CodeIgniter\CodeIgniter->runController(Object(App\Controllers\iuran))
#7 C:\xampp\htdocs\lab12_Iuran_KAS_RT_php_ci\ci4\system\CodeIgniter.php(326): CodeIgniter\CodeIgniter->handleRequest(NULL, Object(Config\Cache), false)
#8 C:\xampp\htdocs\lab12_Iuran_KAS_RT_php_ci\ci4\public\index.php(37): CodeIgniter\CodeIgniter->run()
#9 C:\xampp\htdocs\lab12_Iuran_KAS_RT_php_ci\ci4\system\Commands\Server\rewrite.php(43): require_once('C:\\xampp\\htdocs...')
#10 {main}
CRITICAL - 2022-07-10 01:31:08 --> Undefined variable: HTTP_RAW_POST_DATA
#0 C:\xampp\htdocs\lab12_Iuran_KAS_RT_php_ci\ci4\app\Views\tambah_iuran.php(18): CodeIgniter\Debug\Exceptions->errorHandler(8, 'Undefined varia...', 'C:\\xampp\\htdocs...', 18, Array)
#1 C:\xampp\htdocs\lab12_Iuran_KAS_RT_php_ci\ci4\system\View\View.php(210): include('C:\\xampp\\htdocs...')
#2 C:\xampp\htdocs\lab12_Iuran_KAS_RT_php_ci\ci4\system\View\View.php(213): CodeIgniter\View\View->CodeIgniter\View\{closure}()
#3 C:\xampp\htdocs\lab12_Iuran_KAS_RT_php_ci\ci4\system\Common.php(1089): CodeIgniter\View\View->render('tambah_iuran', Array, true)
#4 C:\xampp\htdocs\lab12_Iuran_KAS_RT_php_ci\ci4\app\Controllers\iuran.php(25): view('tambah_iuran', Array)
#5 C:\xampp\htdocs\lab12_Iuran_KAS_RT_php_ci\ci4\system\CodeIgniter.php(832): App\Controllers\iuran->tambah()
#6 C:\xampp\htdocs\lab12_Iuran_KAS_RT_php_ci\ci4\system\CodeIgniter.php(419): CodeIgniter\CodeIgniter->runController(Object(App\Controllers\iuran))
#7 C:\xampp\htdocs\lab12_Iuran_KAS_RT_php_ci\ci4\system\CodeIgniter.php(326): CodeIgniter\CodeIgniter->handleRequest(NULL, Object(Config\Cache), false)
#8 C:\xampp\htdocs\lab12_Iuran_KAS_RT_php_ci\ci4\public\index.php(37): CodeIgniter\CodeIgniter->run()
#9 C:\xampp\htdocs\lab12_Iuran_KAS_RT_php_ci\ci4\system\Commands\Server\rewrite.php(43): require_once('C:\\xampp\\htdocs...')
#10 {main}
CRITICAL - 2022-07-10 01:31:27 --> Undefined variable: data
#0 C:\xampp\htdocs\lab12_Iuran_KAS_RT_php_ci\ci4\app\Views\tambah_iuran.php(18): CodeIgniter\Debug\Exceptions->errorHandler(8, 'Undefined varia...', 'C:\\xampp\\htdocs...', 18, Array)
#1 C:\xampp\htdocs\lab12_Iuran_KAS_RT_php_ci\ci4\system\View\View.php(210): include('C:\\xampp\\htdocs...')
#2 C:\xampp\htdocs\lab12_Iuran_KAS_RT_php_ci\ci4\system\View\View.php(213): CodeIgniter\View\View->CodeIgniter\View\{closure}()
#3 C:\xampp\htdocs\lab12_Iuran_KAS_RT_php_ci\ci4\system\Common.php(1089): CodeIgniter\View\View->render('tambah_iuran', Array, true)
#4 C:\xampp\htdocs\lab12_Iuran_KAS_RT_php_ci\ci4\app\Controllers\iuran.php(25): view('tambah_iuran', Array)
#5 C:\xampp\htdocs\lab12_Iuran_KAS_RT_php_ci\ci4\system\CodeIgniter.php(832): App\Controllers\iuran->tambah()
#6 C:\xampp\htdocs\lab12_Iuran_KAS_RT_php_ci\ci4\system\CodeIgniter.php(419): CodeIgniter\CodeIgniter->runController(Object(App\Controllers\iuran))
#7 C:\xampp\htdocs\lab12_Iuran_KAS_RT_php_ci\ci4\system\CodeIgniter.php(326): CodeIgniter\CodeIgniter->handleRequest(NULL, Object(Config\Cache), false)
#8 C:\xampp\htdocs\lab12_Iuran_KAS_RT_php_ci\ci4\public\index.php(37): CodeIgniter\CodeIgniter->run()
#9 C:\xampp\htdocs\lab12_Iuran_KAS_RT_php_ci\ci4\system\Commands\Server\rewrite.php(43): require_once('C:\\xampp\\htdocs...')
#10 {main}
CRITICAL - 2022-07-10 01:31:28 --> Undefined variable: data
#0 C:\xampp\htdocs\lab12_Iuran_KAS_RT_php_ci\ci4\app\Views\tambah_iuran.php(18): CodeIgniter\Debug\Exceptions->errorHandler(8, 'Undefined varia...', 'C:\\xampp\\htdocs...', 18, Array)
#1 C:\xampp\htdocs\lab12_Iuran_KAS_RT_php_ci\ci4\system\View\View.php(210): include('C:\\xampp\\htdocs...')
#2 C:\xampp\htdocs\lab12_Iuran_KAS_RT_php_ci\ci4\system\View\View.php(213): CodeIgniter\View\View->CodeIgniter\View\{closure}()
#3 C:\xampp\htdocs\lab12_Iuran_KAS_RT_php_ci\ci4\system\Common.php(1089): CodeIgniter\View\View->render('tambah_iuran', Array, true)
#4 C:\xampp\htdocs\lab12_Iuran_KAS_RT_php_ci\ci4\app\Controllers\iuran.php(25): view('tambah_iuran', Array)
#5 C:\xampp\htdocs\lab12_Iuran_KAS_RT_php_ci\ci4\system\CodeIgniter.php(832): App\Controllers\iuran->tambah()
#6 C:\xampp\htdocs\lab12_Iuran_KAS_RT_php_ci\ci4\system\CodeIgniter.php(419): CodeIgniter\CodeIgniter->runController(Object(App\Controllers\iuran))
#7 C:\xampp\htdocs\lab12_Iuran_KAS_RT_php_ci\ci4\system\CodeIgniter.php(326): CodeIgniter\CodeIgniter->handleRequest(NULL, Object(Config\Cache), false)
#8 C:\xampp\htdocs\lab12_Iuran_KAS_RT_php_ci\ci4\public\index.php(37): CodeIgniter\CodeIgniter->run()
#9 C:\xampp\htdocs\lab12_Iuran_KAS_RT_php_ci\ci4\system\Commands\Server\rewrite.php(43): require_once('C:\\xampp\\htdocs...')
#10 {main}
CRITICAL - 2022-07-10 01:31:29 --> Undefined variable: data
#0 C:\xampp\htdocs\lab12_Iuran_KAS_RT_php_ci\ci4\app\Views\tambah_iuran.php(18): CodeIgniter\Debug\Exceptions->errorHandler(8, 'Undefined varia...', 'C:\\xampp\\htdocs...', 18, Array)
#1 C:\xampp\htdocs\lab12_Iuran_KAS_RT_php_ci\ci4\system\View\View.php(210): include('C:\\xampp\\htdocs...')
#2 C:\xampp\htdocs\lab12_Iuran_KAS_RT_php_ci\ci4\system\View\View.php(213): CodeIgniter\View\View->CodeIgniter\View\{closure}()
#3 C:\xampp\htdocs\lab12_Iuran_KAS_RT_php_ci\ci4\system\Common.php(1089): CodeIgniter\View\View->render('tambah_iuran', Array, true)
#4 C:\xampp\htdocs\lab12_Iuran_KAS_RT_php_ci\ci4\app\Controllers\iuran.php(25): view('tambah_iuran', Array)
#5 C:\xampp\htdocs\lab12_Iuran_KAS_RT_php_ci\ci4\system\CodeIgniter.php(832): App\Controllers\iuran->tambah()
#6 C:\xampp\htdocs\lab12_Iuran_KAS_RT_php_ci\ci4\system\CodeIgniter.php(419): CodeIgniter\CodeIgniter->runController(Object(App\Controllers\iuran))
#7 C:\xampp\htdocs\lab12_Iuran_KAS_RT_php_ci\ci4\system\CodeIgniter.php(326): CodeIgniter\CodeIgniter->handleRequest(NULL, Object(Config\Cache), false)
#8 C:\xampp\htdocs\lab12_Iuran_KAS_RT_php_ci\ci4\public\index.php(37): CodeIgniter\CodeIgniter->run()
#9 C:\xampp\htdocs\lab12_Iuran_KAS_RT_php_ci\ci4\system\Commands\Server\rewrite.php(43): require_once('C:\\xampp\\htdocs...')
#10 {main}
CRITICAL - 2022-07-10 01:31:29 --> Undefined variable: data
#0 C:\xampp\htdocs\lab12_Iuran_KAS_RT_php_ci\ci4\app\Views\tambah_iuran.php(18): CodeIgniter\Debug\Exceptions->errorHandler(8, 'Undefined varia...', 'C:\\xampp\\htdocs...', 18, Array)
#1 C:\xampp\htdocs\lab12_Iuran_KAS_RT_php_ci\ci4\system\View\View.php(210): include('C:\\xampp\\htdocs...')
#2 C:\xampp\htdocs\lab12_Iuran_KAS_RT_php_ci\ci4\system\View\View.php(213): CodeIgniter\View\View->CodeIgniter\View\{closure}()
#3 C:\xampp\htdocs\lab12_Iuran_KAS_RT_php_ci\ci4\system\Common.php(1089): CodeIgniter\View\View->render('tambah_iuran', Array, true)
#4 C:\xampp\htdocs\lab12_Iuran_KAS_RT_php_ci\ci4\app\Controllers\iuran.php(25): view('tambah_iuran', Array)
#5 C:\xampp\htdocs\lab12_Iuran_KAS_RT_php_ci\ci4\system\CodeIgniter.php(832): App\Controllers\iuran->tambah()
#6 C:\xampp\htdocs\lab12_Iuran_KAS_RT_php_ci\ci4\system\CodeIgniter.php(419): CodeIgniter\CodeIgniter->runController(Object(App\Controllers\iuran))
#7 C:\xampp\htdocs\lab12_Iuran_KAS_RT_php_ci\ci4\system\CodeIgniter.php(326): CodeIgniter\CodeIgniter->handleRequest(NULL, Object(Config\Cache), false)
#8 C:\xampp\htdocs\lab12_Iuran_KAS_RT_php_ci\ci4\public\index.php(37): CodeIgniter\CodeIgniter->run()
#9 C:\xampp\htdocs\lab12_Iuran_KAS_RT_php_ci\ci4\system\Commands\Server\rewrite.php(43): require_once('C:\\xampp\\htdocs...')
#10 {main}
CRITICAL - 2022-07-10 01:31:29 --> Undefined variable: data
#0 C:\xampp\htdocs\lab12_Iuran_KAS_RT_php_ci\ci4\app\Views\tambah_iuran.php(18): CodeIgniter\Debug\Exceptions->errorHandler(8, 'Undefined varia...', 'C:\\xampp\\htdocs...', 18, Array)
#1 C:\xampp\htdocs\lab12_Iuran_KAS_RT_php_ci\ci4\system\View\View.php(210): include('C:\\xampp\\htdocs...')
#2 C:\xampp\htdocs\lab12_Iuran_KAS_RT_php_ci\ci4\system\View\View.php(213): CodeIgniter\View\View->CodeIgniter\View\{closure}()
#3 C:\xampp\htdocs\lab12_Iuran_KAS_RT_php_ci\ci4\system\Common.php(1089): CodeIgniter\View\View->render('tambah_iuran', Array, true)
#4 C:\xampp\htdocs\lab12_Iuran_KAS_RT_php_ci\ci4\app\Controllers\iuran.php(25): view('tambah_iuran', Array)
#5 C:\xampp\htdocs\lab12_Iuran_KAS_RT_php_ci\ci4\system\CodeIgniter.php(832): App\Controllers\iuran->tambah()
#6 C:\xampp\htdocs\lab12_Iuran_KAS_RT_php_ci\ci4\system\CodeIgniter.php(419): CodeIgniter\CodeIgniter->runController(Object(App\Controllers\iuran))
#7 C:\xampp\htdocs\lab12_Iuran_KAS_RT_php_ci\ci4\system\CodeIgniter.php(326): CodeIgniter\CodeIgniter->handleRequest(NULL, Object(Config\Cache), false)
#8 C:\xampp\htdocs\lab12_Iuran_KAS_RT_php_ci\ci4\public\index.php(37): CodeIgniter\CodeIgniter->run()
#9 C:\xampp\htdocs\lab12_Iuran_KAS_RT_php_ci\ci4\system\Commands\Server\rewrite.php(43): require_once('C:\\xampp\\htdocs...')
#10 {main}
CRITICAL - 2022-07-10 01:33:53 --> Undefined variable: data
#0 C:\xampp\htdocs\lab12_Iuran_KAS_RT_php_ci\ci4\app\Views\tambah_iuran.php(17): CodeIgniter\Debug\Exceptions->errorHandler(8, 'Undefined varia...', 'C:\\xampp\\htdocs...', 17, Array)
#1 C:\xampp\htdocs\lab12_Iuran_KAS_RT_php_ci\ci4\system\View\View.php(210): include('C:\\xampp\\htdocs...')
#2 C:\xampp\htdocs\lab12_Iuran_KAS_RT_php_ci\ci4\system\View\View.php(213): CodeIgniter\View\View->CodeIgniter\View\{closure}()
#3 C:\xampp\htdocs\lab12_Iuran_KAS_RT_php_ci\ci4\system\Common.php(1089): CodeIgniter\View\View->render('tambah_iuran', Array, true)
#4 C:\xampp\htdocs\lab12_Iuran_KAS_RT_php_ci\ci4\app\Controllers\iuran.php(25): view('tambah_iuran', Array)
#5 C:\xampp\htdocs\lab12_Iuran_KAS_RT_php_ci\ci4\system\CodeIgniter.php(832): App\Controllers\iuran->tambah()
#6 C:\xampp\htdocs\lab12_Iuran_KAS_RT_php_ci\ci4\system\CodeIgniter.php(419): CodeIgniter\CodeIgniter->runController(Object(App\Controllers\iuran))
#7 C:\xampp\htdocs\lab12_Iuran_KAS_RT_php_ci\ci4\system\CodeIgniter.php(326): CodeIgniter\CodeIgniter->handleRequest(NULL, Object(Config\Cache), false)
#8 C:\xampp\htdocs\lab12_Iuran_KAS_RT_php_ci\ci4\public\index.php(37): CodeIgniter\CodeIgniter->run()
#9 C:\xampp\htdocs\lab12_Iuran_KAS_RT_php_ci\ci4\system\Commands\Server\rewrite.php(43): require_once('C:\\xampp\\htdocs...')
#10 {main}
CRITICAL - 2022-07-10 01:34:16 --> Undefined variable: warga
#0 C:\xampp\htdocs\lab12_Iuran_KAS_RT_php_ci\ci4\app\Views\tambah_iuran.php(17): CodeIgniter\Debug\Exceptions->errorHandler(8, 'Undefined varia...', 'C:\\xampp\\htdocs...', 17, Array)
#1 C:\xampp\htdocs\lab12_Iuran_KAS_RT_php_ci\ci4\system\View\View.php(210): include('C:\\xampp\\htdocs...')
#2 C:\xampp\htdocs\lab12_Iuran_KAS_RT_php_ci\ci4\system\View\View.php(213): CodeIgniter\View\View->CodeIgniter\View\{closure}()
#3 C:\xampp\htdocs\lab12_Iuran_KAS_RT_php_ci\ci4\system\Common.php(1089): CodeIgniter\View\View->render('tambah_iuran', Array, true)
#4 C:\xampp\htdocs\lab12_Iuran_KAS_RT_php_ci\ci4\app\Controllers\iuran.php(25): view('tambah_iuran', Array)
#5 C:\xampp\htdocs\lab12_Iuran_KAS_RT_php_ci\ci4\system\CodeIgniter.php(832): App\Controllers\iuran->tambah()
#6 C:\xampp\htdocs\lab12_Iuran_KAS_RT_php_ci\ci4\system\CodeIgniter.php(419): CodeIgniter\CodeIgniter->runController(Object(App\Controllers\iuran))
#7 C:\xampp\htdocs\lab12_Iuran_KAS_RT_php_ci\ci4\system\CodeIgniter.php(326): CodeIgniter\CodeIgniter->handleRequest(NULL, Object(Config\Cache), false)
#8 C:\xampp\htdocs\lab12_Iuran_KAS_RT_php_ci\ci4\public\index.php(37): CodeIgniter\CodeIgniter->run()
#9 C:\xampp\htdocs\lab12_Iuran_KAS_RT_php_ci\ci4\system\Commands\Server\rewrite.php(43): require_once('C:\\xampp\\htdocs...')
#10 {main}
CRITICAL - 2022-07-10 01:34:17 --> Undefined variable: warga
#0 C:\xampp\htdocs\lab12_Iuran_KAS_RT_php_ci\ci4\app\Views\tambah_iuran.php(17): CodeIgniter\Debug\Exceptions->errorHandler(8, 'Undefined varia...', 'C:\\xampp\\htdocs...', 17, Array)
#1 C:\xampp\htdocs\lab12_Iuran_KAS_RT_php_ci\ci4\system\View\View.php(210): include('C:\\xampp\\htdocs...')
#2 C:\xampp\htdocs\lab12_Iuran_KAS_RT_php_ci\ci4\system\View\View.php(213): CodeIgniter\View\View->CodeIgniter\View\{closure}()
#3 C:\xampp\htdocs\lab12_Iuran_KAS_RT_php_ci\ci4\system\Common.php(1089): CodeIgniter\View\View->render('tambah_iuran', Array, true)
#4 C:\xampp\htdocs\lab12_Iuran_KAS_RT_php_ci\ci4\app\Controllers\iuran.php(25): view('tambah_iuran', Array)
#5 C:\xampp\htdocs\lab12_Iuran_KAS_RT_php_ci\ci4\system\CodeIgniter.php(832): App\Controllers\iuran->tambah()
#6 C:\xampp\htdocs\lab12_Iuran_KAS_RT_php_ci\ci4\system\CodeIgniter.php(419): CodeIgniter\CodeIgniter->runController(Object(App\Controllers\iuran))
#7 C:\xampp\htdocs\lab12_Iuran_KAS_RT_php_ci\ci4\system\CodeIgniter.php(326): CodeIgniter\CodeIgniter->handleRequest(NULL, Object(Config\Cache), false)
#8 C:\xampp\htdocs\lab12_Iuran_KAS_RT_php_ci\ci4\public\index.php(37): CodeIgniter\CodeIgniter->run()
#9 C:\xampp\htdocs\lab12_Iuran_KAS_RT_php_ci\ci4\system\Commands\Server\rewrite.php(43): require_once('C:\\xampp\\htdocs...')
#10 {main}
CRITICAL - 2022-07-10 01:34:37 --> Undefined variable: row
#0 C:\xampp\htdocs\lab12_Iuran_KAS_RT_php_ci\ci4\app\Views\tambah_iuran.php(17): CodeIgniter\Debug\Exceptions->errorHandler(8, 'Undefined varia...', 'C:\\xampp\\htdocs...', 17, Array)
#1 C:\xampp\htdocs\lab12_Iuran_KAS_RT_php_ci\ci4\system\View\View.php(210): include('C:\\xampp\\htdocs...')
#2 C:\xampp\htdocs\lab12_Iuran_KAS_RT_php_ci\ci4\system\View\View.php(213): CodeIgniter\View\View->CodeIgniter\View\{closure}()
#3 C:\xampp\htdocs\lab12_Iuran_KAS_RT_php_ci\ci4\system\Common.php(1089): CodeIgniter\View\View->render('tambah_iuran', Array, true)
#4 C:\xampp\htdocs\lab12_Iuran_KAS_RT_php_ci\ci4\app\Controllers\iuran.php(25): view('tambah_iuran', Array)
#5 C:\xampp\htdocs\lab12_Iuran_KAS_RT_php_ci\ci4\system\CodeIgniter.php(832): App\Controllers\iuran->tambah()
#6 C:\xampp\htdocs\lab12_Iuran_KAS_RT_php_ci\ci4\system\CodeIgniter.php(419): CodeIgniter\CodeIgniter->runController(Object(App\Controllers\iuran))
#7 C:\xampp\htdocs\lab12_Iuran_KAS_RT_php_ci\ci4\system\CodeIgniter.php(326): CodeIgniter\CodeIgniter->handleRequest(NULL, Object(Config\Cache), false)
#8 C:\xampp\htdocs\lab12_Iuran_KAS_RT_php_ci\ci4\public\index.php(37): CodeIgniter\CodeIgniter->run()
#9 C:\xampp\htdocs\lab12_Iuran_KAS_RT_php_ci\ci4\system\Commands\Server\rewrite.php(43): require_once('C:\\xampp\\htdocs...')
#10 {main}
CRITICAL - 2022-07-10 01:34:38 --> Undefined variable: row
#0 C:\xampp\htdocs\lab12_Iuran_KAS_RT_php_ci\ci4\app\Views\tambah_iuran.php(17): CodeIgniter\Debug\Exceptions->errorHandler(8, 'Undefined varia...', 'C:\\xampp\\htdocs...', 17, Array)
#1 C:\xampp\htdocs\lab12_Iuran_KAS_RT_php_ci\ci4\system\View\View.php(210): include('C:\\xampp\\htdocs...')
#2 C:\xampp\htdocs\lab12_Iuran_KAS_RT_php_ci\ci4\system\View\View.php(213): CodeIgniter\View\View->CodeIgniter\View\{closure}()
#3 C:\xampp\htdocs\lab12_Iuran_KAS_RT_php_ci\ci4\system\Common.php(1089): CodeIgniter\View\View->render('tambah_iuran', Array, true)
#4 C:\xampp\htdocs\lab12_Iuran_KAS_RT_php_ci\ci4\app\Controllers\iuran.php(25): view('tambah_iuran', Array)
#5 C:\xampp\htdocs\lab12_Iuran_KAS_RT_php_ci\ci4\system\CodeIgniter.php(832): App\Controllers\iuran->tambah()
#6 C:\xampp\htdocs\lab12_Iuran_KAS_RT_php_ci\ci4\system\CodeIgniter.php(419): CodeIgniter\CodeIgniter->runController(Object(App\Controllers\iuran))
#7 C:\xampp\htdocs\lab12_Iuran_KAS_RT_php_ci\ci4\system\CodeIgniter.php(326): CodeIgniter\CodeIgniter->handleRequest(NULL, Object(Config\Cache), false)
#8 C:\xampp\htdocs\lab12_Iuran_KAS_RT_php_ci\ci4\public\index.php(37): CodeIgniter\CodeIgniter->run()
#9 C:\xampp\htdocs\lab12_Iuran_KAS_RT_php_ci\ci4\system\Commands\Server\rewrite.php(43): require_once('C:\\xampp\\htdocs...')
#10 {main}
ERROR - 2022-07-10 01:35:38 --> Column 'id' cannot be null
CRITICAL - 2022-07-10 01:35:38 --> Column 'id' cannot be null
#0 C:\xampp\htdocs\lab12_Iuran_KAS_RT_php_ci\ci4\system\Database\MySQLi\Connection.php(292): mysqli->query('INSERT INTO `wa...', 0)
#1 C:\xampp\htdocs\lab12_Iuran_KAS_RT_php_ci\ci4\system\Database\BaseConnection.php(670): CodeIgniter\Database\MySQLi\Connection->execute('INSERT INTO `wa...')
#2 C:\xampp\htdocs\lab12_Iuran_KAS_RT_php_ci\ci4\system\Database\BaseConnection.php(598): CodeIgniter\Database\BaseConnection->simpleQuery('INSERT INTO `wa...')
#3 C:\xampp\htdocs\lab12_Iuran_KAS_RT_php_ci\ci4\system\Database\BaseBuilder.php(1771): CodeIgniter\Database\BaseConnection->query('INSERT INTO `wa...', Array, false)
#4 C:\xampp\htdocs\lab12_Iuran_KAS_RT_php_ci\ci4\app\Models\Warga_Model.php(23): CodeIgniter\Database\BaseBuilder->insert(Array)
#5 C:\xampp\htdocs\lab12_Iuran_KAS_RT_php_ci\ci4\app\Controllers\warga.php(38): App\Models\Warga_Model->savewarga(Array)
#6 C:\xampp\htdocs\lab12_Iuran_KAS_RT_php_ci\ci4\system\CodeIgniter.php(832): App\Controllers\warga->add()
#7 C:\xampp\htdocs\lab12_Iuran_KAS_RT_php_ci\ci4\system\CodeIgniter.php(419): CodeIgniter\CodeIgniter->runController(Object(App\Controllers\warga))
#8 C:\xampp\htdocs\lab12_Iuran_KAS_RT_php_ci\ci4\system\CodeIgniter.php(326): CodeIgniter\CodeIgniter->handleRequest(NULL, Object(Config\Cache), false)
#9 C:\xampp\htdocs\lab12_Iuran_KAS_RT_php_ci\ci4\public\index.php(37): CodeIgniter\CodeIgniter->run()
#10 C:\xampp\htdocs\lab12_Iuran_KAS_RT_php_ci\ci4\system\Commands\Server\rewrite.php(43): require_once('C:\\xampp\\htdocs...')
#11 {main}
ERROR - 2022-07-10 01:36:26 --> Column 'id' cannot be null
CRITICAL - 2022-07-10 01:36:26 --> Column 'id' cannot be null
#0 C:\xampp\htdocs\lab12_Iuran_KAS_RT_php_ci\ci4\system\Database\MySQLi\Connection.php(292): mysqli->query('INSERT INTO `wa...', 0)
#1 C:\xampp\htdocs\lab12_Iuran_KAS_RT_php_ci\ci4\system\Database\BaseConnection.php(670): CodeIgniter\Database\MySQLi\Connection->execute('INSERT INTO `wa...')
#2 C:\xampp\htdocs\lab12_Iuran_KAS_RT_php_ci\ci4\system\Database\BaseConnection.php(598): CodeIgniter\Database\BaseConnection->simpleQuery('INSERT INTO `wa...')
#3 C:\xampp\htdocs\lab12_Iuran_KAS_RT_php_ci\ci4\system\Database\BaseBuilder.php(1771): CodeIgniter\Database\BaseConnection->query('INSERT INTO `wa...', Array, false)
#4 C:\xampp\htdocs\lab12_Iuran_KAS_RT_php_ci\ci4\app\Models\Warga_Model.php(23): CodeIgniter\Database\BaseBuilder->insert(Array)
#5 C:\xampp\htdocs\lab12_Iuran_KAS_RT_php_ci\ci4\app\Controllers\warga.php(38): App\Models\Warga_Model->savewarga(Array)
#6 C:\xampp\htdocs\lab12_Iuran_KAS_RT_php_ci\ci4\system\CodeIgniter.php(832): App\Controllers\warga->add()
#7 C:\xampp\htdocs\lab12_Iuran_KAS_RT_php_ci\ci4\system\CodeIgniter.php(419): CodeIgniter\CodeIgniter->runController(Object(App\Controllers\warga))
#8 C:\xampp\htdocs\lab12_Iuran_KAS_RT_php_ci\ci4\system\CodeIgniter.php(326): CodeIgniter\CodeIgniter->handleRequest(NULL, Object(Config\Cache), false)
#9 C:\xampp\htdocs\lab12_Iuran_KAS_RT_php_ci\ci4\public\index.php(37): CodeIgniter\CodeIgniter->run()
#10 C:\xampp\htdocs\lab12_Iuran_KAS_RT_php_ci\ci4\system\Commands\Server\rewrite.php(43): require_once('C:\\xampp\\htdocs...')
#11 {main}
ERROR - 2022-07-10 01:36:29 --> Column 'id' cannot be null
CRITICAL - 2022-07-10 01:36:29 --> Column 'id' cannot be null
#0 C:\xampp\htdocs\lab12_Iuran_KAS_RT_php_ci\ci4\system\Database\MySQLi\Connection.php(292): mysqli->query('INSERT INTO `wa...', 0)
#1 C:\xampp\htdocs\lab12_Iuran_KAS_RT_php_ci\ci4\system\Database\BaseConnection.php(670): CodeIgniter\Database\MySQLi\Connection->execute('INSERT INTO `wa...')
#2 C:\xampp\htdocs\lab12_Iuran_KAS_RT_php_ci\ci4\system\Database\BaseConnection.php(598): CodeIgniter\Database\BaseConnection->simpleQuery('INSERT INTO `wa...')
#3 C:\xampp\htdocs\lab12_Iuran_KAS_RT_php_ci\ci4\system\Database\BaseBuilder.php(1771): CodeIgniter\Database\BaseConnection->query('INSERT INTO `wa...', Array, false)
#4 C:\xampp\htdocs\lab12_Iuran_KAS_RT_php_ci\ci4\app\Models\Warga_Model.php(23): CodeIgniter\Database\BaseBuilder->insert(Array)
#5 C:\xampp\htdocs\lab12_Iuran_KAS_RT_php_ci\ci4\app\Controllers\warga.php(38): App\Models\Warga_Model->savewarga(Array)
#6 C:\xampp\htdocs\lab12_Iuran_KAS_RT_php_ci\ci4\system\CodeIgniter.php(832): App\Controllers\warga->add()
#7 C:\xampp\htdocs\lab12_Iuran_KAS_RT_php_ci\ci4\system\CodeIgniter.php(419): CodeIgniter\CodeIgniter->runController(Object(App\Controllers\warga))
#8 C:\xampp\htdocs\lab12_Iuran_KAS_RT_php_ci\ci4\system\CodeIgniter.php(326): CodeIgniter\CodeIgniter->handleRequest(NULL, Object(Config\Cache), false)
#9 C:\xampp\htdocs\lab12_Iuran_KAS_RT_php_ci\ci4\public\index.php(37): CodeIgniter\CodeIgniter->run()
#10 C:\xampp\htdocs\lab12_Iuran_KAS_RT_php_ci\ci4\system\Commands\Server\rewrite.php(43): require_once('C:\\xampp\\htdocs...')
#11 {main}
ERROR - 2022-07-10 01:36:35 --> Column 'id' cannot be null
CRITICAL - 2022-07-10 01:36:35 --> Column 'id' cannot be null
#0 C:\xampp\htdocs\lab12_Iuran_KAS_RT_php_ci\ci4\system\Database\MySQLi\Connection.php(292): mysqli->query('INSERT INTO `wa...', 0)
#1 C:\xampp\htdocs\lab12_Iuran_KAS_RT_php_ci\ci4\system\Database\BaseConnection.php(670): CodeIgniter\Database\MySQLi\Connection->execute('INSERT INTO `wa...')
#2 C:\xampp\htdocs\lab12_Iuran_KAS_RT_php_ci\ci4\system\Database\BaseConnection.php(598): CodeIgniter\Database\BaseConnection->simpleQuery('INSERT INTO `wa...')
#3 C:\xampp\htdocs\lab12_Iuran_KAS_RT_php_ci\ci4\system\Database\BaseBuilder.php(1771): CodeIgniter\Database\BaseConnection->query('INSERT INTO `wa...', Array, false)
#4 C:\xampp\htdocs\lab12_Iuran_KAS_RT_php_ci\ci4\app\Models\Warga_Model.php(23): CodeIgniter\Database\BaseBuilder->insert(Array)
#5 C:\xampp\htdocs\lab12_Iuran_KAS_RT_php_ci\ci4\app\Controllers\warga.php(38): App\Models\Warga_Model->savewarga(Array)
#6 C:\xampp\htdocs\lab12_Iuran_KAS_RT_php_ci\ci4\system\CodeIgniter.php(832): App\Controllers\warga->add()
#7 C:\xampp\htdocs\lab12_Iuran_KAS_RT_php_ci\ci4\system\CodeIgniter.php(419): CodeIgniter\CodeIgniter->runController(Object(App\Controllers\warga))
#8 C:\xampp\htdocs\lab12_Iuran_KAS_RT_php_ci\ci4\system\CodeIgniter.php(326): CodeIgniter\CodeIgniter->handleRequest(NULL, Object(Config\Cache), false)
#9 C:\xampp\htdocs\lab12_Iuran_KAS_RT_php_ci\ci4\public\index.php(37): CodeIgniter\CodeIgniter->run()
#10 C:\xampp\htdocs\lab12_Iuran_KAS_RT_php_ci\ci4\system\Commands\Server\rewrite.php(43): require_once('C:\\xampp\\htdocs...')
#11 {main}
ERROR - 2022-07-10 01:36:50 --> Column 'id' cannot be null
CRITICAL - 2022-07-10 01:36:50 --> Column 'id' cannot be null
#0 C:\xampp\htdocs\lab12_Iuran_KAS_RT_php_ci\ci4\system\Database\MySQLi\Connection.php(292): mysqli->query('INSERT INTO `wa...', 0)
#1 C:\xampp\htdocs\lab12_Iuran_KAS_RT_php_ci\ci4\system\Database\BaseConnection.php(670): CodeIgniter\Database\MySQLi\Connection->execute('INSERT INTO `wa...')
#2 C:\xampp\htdocs\lab12_Iuran_KAS_RT_php_ci\ci4\system\Database\BaseConnection.php(598): CodeIgniter\Database\BaseConnection->simpleQuery('INSERT INTO `wa...')
#3 C:\xampp\htdocs\lab12_Iuran_KAS_RT_php_ci\ci4\system\Database\BaseBuilder.php(1771): CodeIgniter\Database\BaseConnection->query('INSERT INTO `wa...', Array, false)
#4 C:\xampp\htdocs\lab12_Iuran_KAS_RT_php_ci\ci4\app\Models\Warga_Model.php(23): CodeIgniter\Database\BaseBuilder->insert(Array)
#5 C:\xampp\htdocs\lab12_Iuran_KAS_RT_php_ci\ci4\app\Controllers\warga.php(38): App\Models\Warga_Model->savewarga(Array)
#6 C:\xampp\htdocs\lab12_Iuran_KAS_RT_php_ci\ci4\system\CodeIgniter.php(832): App\Controllers\warga->add()
#7 C:\xampp\htdocs\lab12_Iuran_KAS_RT_php_ci\ci4\system\CodeIgniter.php(419): CodeIgniter\CodeIgniter->runController(Object(App\Controllers\warga))
#8 C:\xampp\htdocs\lab12_Iuran_KAS_RT_php_ci\ci4\system\CodeIgniter.php(326): CodeIgniter\CodeIgniter->handleRequest(NULL, Object(Config\Cache), false)
#9 C:\xampp\htdocs\lab12_Iuran_KAS_RT_php_ci\ci4\public\index.php(37): CodeIgniter\CodeIgniter->run()
#10 C:\xampp\htdocs\lab12_Iuran_KAS_RT_php_ci\ci4\system\Commands\Server\rewrite.php(43): require_once('C:\\xampp\\htdocs...')
#11 {main}
ERROR - 2022-07-10 01:37:27 --> Column 'id' cannot be null
CRITICAL - 2022-07-10 01:37:27 --> Column 'id' cannot be null
#0 C:\xampp\htdocs\lab12_Iuran_KAS_RT_php_ci\ci4\system\Database\MySQLi\Connection.php(292): mysqli->query('INSERT INTO `wa...', 0)
#1 C:\xampp\htdocs\lab12_Iuran_KAS_RT_php_ci\ci4\system\Database\BaseConnection.php(670): CodeIgniter\Database\MySQLi\Connection->execute('INSERT INTO `wa...')
#2 C:\xampp\htdocs\lab12_Iuran_KAS_RT_php_ci\ci4\system\Database\BaseConnection.php(598): CodeIgniter\Database\BaseConnection->simpleQuery('INSERT INTO `wa...')
#3 C:\xampp\htdocs\lab12_Iuran_KAS_RT_php_ci\ci4\system\Database\BaseBuilder.php(1771): CodeIgniter\Database\BaseConnection->query('INSERT INTO `wa...', Array, false)
#4 C:\xampp\htdocs\lab12_Iuran_KAS_RT_php_ci\ci4\app\Models\Warga_Model.php(23): CodeIgniter\Database\BaseBuilder->insert(Array)
#5 C:\xampp\htdocs\lab12_Iuran_KAS_RT_php_ci\ci4\app\Controllers\warga.php(38): App\Models\Warga_Model->savewarga(Array)
#6 C:\xampp\htdocs\lab12_Iuran_KAS_RT_php_ci\ci4\system\CodeIgniter.php(832): App\Controllers\warga->add()
#7 C:\xampp\htdocs\lab12_Iuran_KAS_RT_php_ci\ci4\system\CodeIgniter.php(419): CodeIgniter\CodeIgniter->runController(Object(App\Controllers\warga))
#8 C:\xampp\htdocs\lab12_Iuran_KAS_RT_php_ci\ci4\system\CodeIgniter.php(326): CodeIgniter\CodeIgniter->handleRequest(NULL, Object(Config\Cache), false)
#9 C:\xampp\htdocs\lab12_Iuran_KAS_RT_php_ci\ci4\public\index.php(37): CodeIgniter\CodeIgniter->run()
#10 C:\xampp\htdocs\lab12_Iuran_KAS_RT_php_ci\ci4\system\Commands\Server\rewrite.php(43): require_once('C:\\xampp\\htdocs...')
#11 {main}
ERROR - 2022-07-10 01:37:30 --> Column 'id' cannot be null
CRITICAL - 2022-07-10 01:37:30 --> Column 'id' cannot be null
#0 C:\xampp\htdocs\lab12_Iuran_KAS_RT_php_ci\ci4\system\Database\MySQLi\Connection.php(292): mysqli->query('INSERT INTO `wa...', 0)
#1 C:\xampp\htdocs\lab12_Iuran_KAS_RT_php_ci\ci4\system\Database\BaseConnection.php(670): CodeIgniter\Database\MySQLi\Connection->execute('INSERT INTO `wa...')
#2 C:\xampp\htdocs\lab12_Iuran_KAS_RT_php_ci\ci4\system\Database\BaseConnection.php(598): CodeIgniter\Database\BaseConnection->simpleQuery('INSERT INTO `wa...')
#3 C:\xampp\htdocs\lab12_Iuran_KAS_RT_php_ci\ci4\system\Database\BaseBuilder.php(1771): CodeIgniter\Database\BaseConnection->query('INSERT INTO `wa...', Array, false)
#4 C:\xampp\htdocs\lab12_Iuran_KAS_RT_php_ci\ci4\app\Models\Warga_Model.php(23): CodeIgniter\Database\BaseBuilder->insert(Array)
#5 C:\xampp\htdocs\lab12_Iuran_KAS_RT_php_ci\ci4\app\Controllers\warga.php(38): App\Models\Warga_Model->savewarga(Array)
#6 C:\xampp\htdocs\lab12_Iuran_KAS_RT_php_ci\ci4\system\CodeIgniter.php(832): App\Controllers\warga->add()
#7 C:\xampp\htdocs\lab12_Iuran_KAS_RT_php_ci\ci4\system\CodeIgniter.php(419): CodeIgniter\CodeIgniter->runController(Object(App\Controllers\warga))
#8 C:\xampp\htdocs\lab12_Iuran_KAS_RT_php_ci\ci4\system\CodeIgniter.php(326): CodeIgniter\CodeIgniter->handleRequest(NULL, Object(Config\Cache), false)
#9 C:\xampp\htdocs\lab12_Iuran_KAS_RT_php_ci\ci4\public\index.php(37): CodeIgniter\CodeIgniter->run()
#10 C:\xampp\htdocs\lab12_Iuran_KAS_RT_php_ci\ci4\system\Commands\Server\rewrite.php(43): require_once('C:\\xampp\\htdocs...')
#11 {main}
ERROR - 2022-07-10 01:37:37 --> Column 'id' cannot be null
CRITICAL - 2022-07-10 01:37:37 --> Column 'id' cannot be null
#0 C:\xampp\htdocs\lab12_Iuran_KAS_RT_php_ci\ci4\system\Database\MySQLi\Connection.php(292): mysqli->query('INSERT INTO `wa...', 0)
#1 C:\xampp\htdocs\lab12_Iuran_KAS_RT_php_ci\ci4\system\Database\BaseConnection.php(670): CodeIgniter\Database\MySQLi\Connection->execute('INSERT INTO `wa...')
#2 C:\xampp\htdocs\lab12_Iuran_KAS_RT_php_ci\ci4\system\Database\BaseConnection.php(598): CodeIgniter\Database\BaseConnection->simpleQuery('INSERT INTO `wa...')
#3 C:\xampp\htdocs\lab12_Iuran_KAS_RT_php_ci\ci4\system\Database\BaseBuilder.php(1771): CodeIgniter\Database\BaseConnection->query('INSERT INTO `wa...', Array, false)
#4 C:\xampp\htdocs\lab12_Iuran_KAS_RT_php_ci\ci4\app\Models\Warga_Model.php(23): CodeIgniter\Database\BaseBuilder->insert(Array)
#5 C:\xampp\htdocs\lab12_Iuran_KAS_RT_php_ci\ci4\app\Controllers\warga.php(38): App\Models\Warga_Model->savewarga(Array)
#6 C:\xampp\htdocs\lab12_Iuran_KAS_RT_php_ci\ci4\system\CodeIgniter.php(832): App\Controllers\warga->add()
#7 C:\xampp\htdocs\lab12_Iuran_KAS_RT_php_ci\ci4\system\CodeIgniter.php(419): CodeIgniter\CodeIgniter->runController(Object(App\Controllers\warga))
#8 C:\xampp\htdocs\lab12_Iuran_KAS_RT_php_ci\ci4\system\CodeIgniter.php(326): CodeIgniter\CodeIgniter->handleRequest(NULL, Object(Config\Cache), false)
#9 C:\xampp\htdocs\lab12_Iuran_KAS_RT_php_ci\ci4\public\index.php(37): CodeIgniter\CodeIgniter->run()
#10 C:\xampp\htdocs\lab12_Iuran_KAS_RT_php_ci\ci4\system\Commands\Server\rewrite.php(43): require_once('C:\\xampp\\htdocs...')
#11 {main}
ERROR - 2022-07-10 01:42:38 --> Column 'id' cannot be null
CRITICAL - 2022-07-10 01:42:38 --> Column 'id' cannot be null
#0 C:\xampp\htdocs\lab12_Iuran_KAS_RT_php_ci\ci4\system\Database\MySQLi\Connection.php(292): mysqli->query('INSERT INTO `wa...', 0)
#1 C:\xampp\htdocs\lab12_Iuran_KAS_RT_php_ci\ci4\system\Database\BaseConnection.php(670): CodeIgniter\Database\MySQLi\Connection->execute('INSERT INTO `wa...')
#2 C:\xampp\htdocs\lab12_Iuran_KAS_RT_php_ci\ci4\system\Database\BaseConnection.php(598): CodeIgniter\Database\BaseConnection->simpleQuery('INSERT INTO `wa...')
#3 C:\xampp\htdocs\lab12_Iuran_KAS_RT_php_ci\ci4\system\Database\BaseBuilder.php(1771): CodeIgniter\Database\BaseConnection->query('INSERT INTO `wa...', Array, false)
#4 C:\xampp\htdocs\lab12_Iuran_KAS_RT_php_ci\ci4\app\Models\Warga_Model.php(23): CodeIgniter\Database\BaseBuilder->insert(Array)
#5 C:\xampp\htdocs\lab12_Iuran_KAS_RT_php_ci\ci4\app\Controllers\warga.php(38): App\Models\Warga_Model->savewarga(Array)
#6 C:\xampp\htdocs\lab12_Iuran_KAS_RT_php_ci\ci4\system\CodeIgniter.php(832): App\Controllers\warga->add()
#7 C:\xampp\htdocs\lab12_Iuran_KAS_RT_php_ci\ci4\system\CodeIgniter.php(419): CodeIgniter\CodeIgniter->runController(Object(App\Controllers\warga))
#8 C:\xampp\htdocs\lab12_Iuran_KAS_RT_php_ci\ci4\system\CodeIgniter.php(326): CodeIgniter\CodeIgniter->handleRequest(NULL, Object(Config\Cache), false)
#9 C:\xampp\htdocs\lab12_Iuran_KAS_RT_php_ci\ci4\public\index.php(37): CodeIgniter\CodeIgniter->run()
#10 C:\xampp\htdocs\lab12_Iuran_KAS_RT_php_ci\ci4\system\Commands\Server\rewrite.php(43): require_once('C:\\xampp\\htdocs...')
#11 {main}
ERROR - 2022-07-10 01:42:56 --> Column 'id' cannot be null
CRITICAL - 2022-07-10 01:42:56 --> Column 'id' cannot be null
#0 C:\xampp\htdocs\lab12_Iuran_KAS_RT_php_ci\ci4\system\Database\MySQLi\Connection.php(292): mysqli->query('INSERT INTO `wa...', 0)
#1 C:\xampp\htdocs\lab12_Iuran_KAS_RT_php_ci\ci4\system\Database\BaseConnection.php(670): CodeIgniter\Database\MySQLi\Connection->execute('INSERT INTO `wa...')
#2 C:\xampp\htdocs\lab12_Iuran_KAS_RT_php_ci\ci4\system\Database\BaseConnection.php(598): CodeIgniter\Database\BaseConnection->simpleQuery('INSERT INTO `wa...')
#3 C:\xampp\htdocs\lab12_Iuran_KAS_RT_php_ci\ci4\system\Database\BaseBuilder.php(1771): CodeIgniter\Database\BaseConnection->query('INSERT INTO `wa...', Array, false)
#4 C:\xampp\htdocs\lab12_Iuran_KAS_RT_php_ci\ci4\app\Models\Warga_Model.php(23): CodeIgniter\Database\BaseBuilder->insert(Array)
#5 C:\xampp\htdocs\lab12_Iuran_KAS_RT_php_ci\ci4\app\Controllers\warga.php(38): App\Models\Warga_Model->savewarga(Array)
#6 C:\xampp\htdocs\lab12_Iuran_KAS_RT_php_ci\ci4\system\CodeIgniter.php(832): App\Controllers\warga->add()
#7 C:\xampp\htdocs\lab12_Iuran_KAS_RT_php_ci\ci4\system\CodeIgniter.php(419): CodeIgniter\CodeIgniter->runController(Object(App\Controllers\warga))
#8 C:\xampp\htdocs\lab12_Iuran_KAS_RT_php_ci\ci4\system\CodeIgniter.php(326): CodeIgniter\CodeIgniter->handleRequest(NULL, Object(Config\Cache), false)
#9 C:\xampp\htdocs\lab12_Iuran_KAS_RT_php_ci\ci4\public\index.php(37): CodeIgniter\CodeIgniter->run()
#10 C:\xampp\htdocs\lab12_Iuran_KAS_RT_php_ci\ci4\system\Commands\Server\rewrite.php(43): require_once('C:\\xampp\\htdocs...')
#11 {main}
ERROR - 2022-07-10 01:43:15 --> Column 'id' cannot be null
CRITICAL - 2022-07-10 01:43:15 --> Column 'id' cannot be null
#0 C:\xampp\htdocs\lab12_Iuran_KAS_RT_php_ci\ci4\system\Database\MySQLi\Connection.php(292): mysqli->query('INSERT INTO `wa...', 0)
#1 C:\xampp\htdocs\lab12_Iuran_KAS_RT_php_ci\ci4\system\Database\BaseConnection.php(670): CodeIgniter\Database\MySQLi\Connection->execute('INSERT INTO `wa...')
#2 C:\xampp\htdocs\lab12_Iuran_KAS_RT_php_ci\ci4\system\Database\BaseConnection.php(598): CodeIgniter\Database\BaseConnection->simpleQuery('INSERT INTO `wa...')
#3 C:\xampp\htdocs\lab12_Iuran_KAS_RT_php_ci\ci4\system\Database\BaseBuilder.php(1771): CodeIgniter\Database\BaseConnection->query('INSERT INTO `wa...', Array, false)
#4 C:\xampp\htdocs\lab12_Iuran_KAS_RT_php_ci\ci4\app\Models\Warga_Model.php(23): CodeIgniter\Database\BaseBuilder->insert(Array)
#5 C:\xampp\htdocs\lab12_Iuran_KAS_RT_php_ci\ci4\app\Controllers\warga.php(38): App\Models\Warga_Model->savewarga(Array)
#6 C:\xampp\htdocs\lab12_Iuran_KAS_RT_php_ci\ci4\system\CodeIgniter.php(832): App\Controllers\warga->add()
#7 C:\xampp\htdocs\lab12_Iuran_KAS_RT_php_ci\ci4\system\CodeIgniter.php(419): CodeIgniter\CodeIgniter->runController(Object(App\Controllers\warga))
#8 C:\xampp\htdocs\lab12_Iuran_KAS_RT_php_ci\ci4\system\CodeIgniter.php(326): CodeIgniter\CodeIgniter->handleRequest(NULL, Object(Config\Cache), false)
#9 C:\xampp\htdocs\lab12_Iuran_KAS_RT_php_ci\ci4\public\index.php(37): CodeIgniter\CodeIgniter->run()
#10 C:\xampp\htdocs\lab12_Iuran_KAS_RT_php_ci\ci4\system\Commands\Server\rewrite.php(43): require_once('C:\\xampp\\htdocs...')
#11 {main}
ERROR - 2022-07-10 01:43:31 --> Column 'id' cannot be null
CRITICAL - 2022-07-10 01:43:31 --> Column 'id' cannot be null
#0 C:\xampp\htdocs\lab12_Iuran_KAS_RT_php_ci\ci4\system\Database\MySQLi\Connection.php(292): mysqli->query('INSERT INTO `wa...', 0)
#1 C:\xampp\htdocs\lab12_Iuran_KAS_RT_php_ci\ci4\system\Database\BaseConnection.php(670): CodeIgniter\Database\MySQLi\Connection->execute('INSERT INTO `wa...')
#2 C:\xampp\htdocs\lab12_Iuran_KAS_RT_php_ci\ci4\system\Database\BaseConnection.php(598): CodeIgniter\Database\BaseConnection->simpleQuery('INSERT INTO `wa...')
#3 C:\xampp\htdocs\lab12_Iuran_KAS_RT_php_ci\ci4\system\Database\BaseBuilder.php(1771): CodeIgniter\Database\BaseConnection->query('INSERT INTO `wa...', Array, false)
#4 C:\xampp\htdocs\lab12_Iuran_KAS_RT_php_ci\ci4\app\Models\Warga_Model.php(23): CodeIgniter\Database\BaseBuilder->insert(Array)
#5 C:\xampp\htdocs\lab12_Iuran_KAS_RT_php_ci\ci4\app\Controllers\warga.php(38): App\Models\Warga_Model->savewarga(Array)
#6 C:\xampp\htdocs\lab12_Iuran_KAS_RT_php_ci\ci4\system\CodeIgniter.php(832): App\Controllers\warga->add()
#7 C:\xampp\htdocs\lab12_Iuran_KAS_RT_php_ci\ci4\system\CodeIgniter.php(419): CodeIgniter\CodeIgniter->runController(Object(App\Controllers\warga))
#8 C:\xampp\htdocs\lab12_Iuran_KAS_RT_php_ci\ci4\system\CodeIgniter.php(326): CodeIgniter\CodeIgniter->handleRequest(NULL, Object(Config\Cache), false)
#9 C:\xampp\htdocs\lab12_Iuran_KAS_RT_php_ci\ci4\public\index.php(37): CodeIgniter\CodeIgniter->run()
#10 C:\xampp\htdocs\lab12_Iuran_KAS_RT_php_ci\ci4\system\Commands\Server\rewrite.php(43): require_once('C:\\xampp\\htdocs...')
#11 {main}
ERROR - 2022-07-10 01:57:45 --> Column 'id' cannot be null
CRITICAL - 2022-07-10 01:57:45 --> Column 'id' cannot be null
#0 C:\xampp\htdocs\lab12_Iuran_KAS_RT_php_ci\ci4\system\Database\MySQLi\Connection.php(292): mysqli->query('INSERT INTO `wa...', 0)
#1 C:\xampp\htdocs\lab12_Iuran_KAS_RT_php_ci\ci4\system\Database\BaseConnection.php(670): CodeIgniter\Database\MySQLi\Connection->execute('INSERT INTO `wa...')
#2 C:\xampp\htdocs\lab12_Iuran_KAS_RT_php_ci\ci4\system\Database\BaseConnection.php(598): CodeIgniter\Database\BaseConnection->simpleQuery('INSERT INTO `wa...')
#3 C:\xampp\htdocs\lab12_Iuran_KAS_RT_php_ci\ci4\system\Database\BaseBuilder.php(1771): CodeIgniter\Database\BaseConnection->query('INSERT INTO `wa...', Array, false)
#4 C:\xampp\htdocs\lab12_Iuran_KAS_RT_php_ci\ci4\app\Models\Warga_Model.php(23): CodeIgniter\Database\BaseBuilder->insert(Array)
#5 C:\xampp\htdocs\lab12_Iuran_KAS_RT_php_ci\ci4\app\Controllers\warga.php(38): App\Models\Warga_Model->savewarga(Array)
#6 C:\xampp\htdocs\lab12_Iuran_KAS_RT_php_ci\ci4\system\CodeIgniter.php(832): App\Controllers\warga->add()
#7 C:\xampp\htdocs\lab12_Iuran_KAS_RT_php_ci\ci4\system\CodeIgniter.php(419): CodeIgniter\CodeIgniter->runController(Object(App\Controllers\warga))
#8 C:\xampp\htdocs\lab12_Iuran_KAS_RT_php_ci\ci4\system\CodeIgniter.php(326): CodeIgniter\CodeIgniter->handleRequest(NULL, Object(Config\Cache), false)
#9 C:\xampp\htdocs\lab12_Iuran_KAS_RT_php_ci\ci4\public\index.php(37): CodeIgniter\CodeIgniter->run()
#10 C:\xampp\htdocs\lab12_Iuran_KAS_RT_php_ci\ci4\system\Commands\Server\rewrite.php(43): require_once('C:\\xampp\\htdocs...')
#11 {main}
ERROR - 2022-07-10 01:58:48 --> Column 'id' cannot be null
CRITICAL - 2022-07-10 01:58:48 --> Column 'id' cannot be null
#0 C:\xampp\htdocs\lab12_Iuran_KAS_RT_php_ci\ci4\system\Database\MySQLi\Connection.php(292): mysqli->query('INSERT INTO `wa...', 0)
#1 C:\xampp\htdocs\lab12_Iuran_KAS_RT_php_ci\ci4\system\Database\BaseConnection.php(670): CodeIgniter\Database\MySQLi\Connection->execute('INSERT INTO `wa...')
#2 C:\xampp\htdocs\lab12_Iuran_KAS_RT_php_ci\ci4\system\Database\BaseConnection.php(598): CodeIgniter\Database\BaseConnection->simpleQuery('INSERT INTO `wa...')
#3 C:\xampp\htdocs\lab12_Iuran_KAS_RT_php_ci\ci4\system\Database\BaseBuilder.php(1771): CodeIgniter\Database\BaseConnection->query('INSERT INTO `wa...', Array, false)
#4 C:\xampp\htdocs\lab12_Iuran_KAS_RT_php_ci\ci4\app\Models\Warga_Model.php(23): CodeIgniter\Database\BaseBuilder->insert(Array)
#5 C:\xampp\htdocs\lab12_Iuran_KAS_RT_php_ci\ci4\app\Controllers\warga.php(38): App\Models\Warga_Model->savewarga(Array)
#6 C:\xampp\htdocs\lab12_Iuran_KAS_RT_php_ci\ci4\system\CodeIgniter.php(832): App\Controllers\warga->add()
#7 C:\xampp\htdocs\lab12_Iuran_KAS_RT_php_ci\ci4\system\CodeIgniter.php(419): CodeIgniter\CodeIgniter->runController(Object(App\Controllers\warga))
#8 C:\xampp\htdocs\lab12_Iuran_KAS_RT_php_ci\ci4\system\CodeIgniter.php(326): CodeIgniter\CodeIgniter->handleRequest(NULL, Object(Config\Cache), false)
#9 C:\xampp\htdocs\lab12_Iuran_KAS_RT_php_ci\ci4\public\index.php(37): CodeIgniter\CodeIgniter->run()
#10 C:\xampp\htdocs\lab12_Iuran_KAS_RT_php_ci\ci4\system\Commands\Server\rewrite.php(43): require_once('C:\\xampp\\htdocs...')
#11 {main}
ERROR - 2022-07-10 01:59:06 --> Column 'nik' cannot be null
CRITICAL - 2022-07-10 01:59:06 --> Column 'nik' cannot be null
#0 C:\xampp\htdocs\lab12_Iuran_KAS_RT_php_ci\ci4\system\Database\MySQLi\Connection.php(292): mysqli->query('INSERT INTO `wa...', 0)
#1 C:\xampp\htdocs\lab12_Iuran_KAS_RT_php_ci\ci4\system\Database\BaseConnection.php(670): CodeIgniter\Database\MySQLi\Connection->execute('INSERT INTO `wa...')
#2 C:\xampp\htdocs\lab12_Iuran_KAS_RT_php_ci\ci4\system\Database\BaseConnection.php(598): CodeIgniter\Database\BaseConnection->simpleQuery('INSERT INTO `wa...')
#3 C:\xampp\htdocs\lab12_Iuran_KAS_RT_php_ci\ci4\system\Database\BaseBuilder.php(1771): CodeIgniter\Database\BaseConnection->query('INSERT INTO `wa...', Array, false)
#4 C:\xampp\htdocs\lab12_Iuran_KAS_RT_php_ci\ci4\app\Models\Warga_Model.php(23): CodeIgniter\Database\BaseBuilder->insert(Array)
#5 C:\xampp\htdocs\lab12_Iuran_KAS_RT_php_ci\ci4\app\Controllers\warga.php(38): App\Models\Warga_Model->savewarga(Array)
#6 C:\xampp\htdocs\lab12_Iuran_KAS_RT_php_ci\ci4\system\CodeIgniter.php(832): App\Controllers\warga->add()
#7 C:\xampp\htdocs\lab12_Iuran_KAS_RT_php_ci\ci4\system\CodeIgniter.php(419): CodeIgniter\CodeIgniter->runController(Object(App\Controllers\warga))
#8 C:\xampp\htdocs\lab12_Iuran_KAS_RT_php_ci\ci4\system\CodeIgniter.php(326): CodeIgniter\CodeIgniter->handleRequest(NULL, Object(Config\Cache), false)
#9 C:\xampp\htdocs\lab12_Iuran_KAS_RT_php_ci\ci4\public\index.php(37): CodeIgniter\CodeIgniter->run()
#10 C:\xampp\htdocs\lab12_Iuran_KAS_RT_php_ci\ci4\system\Commands\Server\rewrite.php(43): require_once('C:\\xampp\\htdocs...')
#11 {main}
ERROR - 2022-07-10 02:00:30 --> Column 'nik' cannot be null
CRITICAL - 2022-07-10 02:00:30 --> Column 'nik' cannot be null
#0 C:\xampp\htdocs\lab12_Iuran_KAS_RT_php_ci\ci4\system\Database\MySQLi\Connection.php(292): mysqli->query('INSERT INTO `wa...', 0)
#1 C:\xampp\htdocs\lab12_Iuran_KAS_RT_php_ci\ci4\system\Database\BaseConnection.php(670): CodeIgniter\Database\MySQLi\Connection->execute('INSERT INTO `wa...')
#2 C:\xampp\htdocs\lab12_Iuran_KAS_RT_php_ci\ci4\system\Database\BaseConnection.php(598): CodeIgniter\Database\BaseConnection->simpleQuery('INSERT INTO `wa...')
#3 C:\xampp\htdocs\lab12_Iuran_KAS_RT_php_ci\ci4\system\Database\BaseBuilder.php(1771): CodeIgniter\Database\BaseConnection->query('INSERT INTO `wa...', Array, false)
#4 C:\xampp\htdocs\lab12_Iuran_KAS_RT_php_ci\ci4\app\Models\Warga_Model.php(23): CodeIgniter\Database\BaseBuilder->insert(Array)
#5 C:\xampp\htdocs\lab12_Iuran_KAS_RT_php_ci\ci4\app\Controllers\warga.php(38): App\Models\Warga_Model->savewarga(Array)
#6 C:\xampp\htdocs\lab12_Iuran_KAS_RT_php_ci\ci4\system\CodeIgniter.php(832): App\Controllers\warga->add()
#7 C:\xampp\htdocs\lab12_Iuran_KAS_RT_php_ci\ci4\system\CodeIgniter.php(419): CodeIgniter\CodeIgniter->runController(Object(App\Controllers\warga))
#8 C:\xampp\htdocs\lab12_Iuran_KAS_RT_php_ci\ci4\system\CodeIgniter.php(326): CodeIgniter\CodeIgniter->handleRequest(NULL, Object(Config\Cache), false)
#9 C:\xampp\htdocs\lab12_Iuran_KAS_RT_php_ci\ci4\public\index.php(37): CodeIgniter\CodeIgniter->run()
#10 C:\xampp\htdocs\lab12_Iuran_KAS_RT_php_ci\ci4\system\Commands\Server\rewrite.php(43): require_once('C:\\xampp\\htdocs...')
#11 {main}
ERROR - 2022-07-10 02:00:45 --> Duplicate entry '1' for key 'PRIMARY'
CRITICAL - 2022-07-10 02:00:45 --> Duplicate entry '1' for key 'PRIMARY'
#0 C:\xampp\htdocs\lab12_Iuran_KAS_RT_php_ci\ci4\system\Database\MySQLi\Connection.php(292): mysqli->query('INSERT INTO `iu...', 0)
#1 C:\xampp\htdocs\lab12_Iuran_KAS_RT_php_ci\ci4\system\Database\BaseConnection.php(670): CodeIgniter\Database\MySQLi\Connection->execute('INSERT INTO `iu...')
#2 C:\xampp\htdocs\lab12_Iuran_KAS_RT_php_ci\ci4\system\Database\BaseConnection.php(598): CodeIgniter\Database\BaseConnection->simpleQuery('INSERT INTO `iu...')
#3 C:\xampp\htdocs\lab12_Iuran_KAS_RT_php_ci\ci4\system\Database\BaseBuilder.php(1771): CodeIgniter\Database\BaseConnection->query('INSERT INTO `iu...', Array, false)
#4 C:\xampp\htdocs\lab12_Iuran_KAS_RT_php_ci\ci4\app\Models\Iuran_Model.php(26): CodeIgniter\Database\BaseBuilder->insert(Array)
#5 C:\xampp\htdocs\lab12_Iuran_KAS_RT_php_ci\ci4\app\Controllers\iuran.php(38): App\Models\Iuran_Model->saveiuran(Array)
#6 C:\xampp\htdocs\lab12_Iuran_KAS_RT_php_ci\ci4\system\CodeIgniter.php(832): App\Controllers\iuran->add()
#7 C:\xampp\htdocs\lab12_Iuran_KAS_RT_php_ci\ci4\system\CodeIgniter.php(419): CodeIgniter\CodeIgniter->runController(Object(App\Controllers\iuran))
#8 C:\xampp\htdocs\lab12_Iuran_KAS_RT_php_ci\ci4\system\CodeIgniter.php(326): CodeIgniter\CodeIgniter->handleRequest(NULL, Object(Config\Cache), false)
#9 C:\xampp\htdocs\lab12_Iuran_KAS_RT_php_ci\ci4\public\index.php(37): CodeIgniter\CodeIgniter->run()
#10 C:\xampp\htdocs\lab12_Iuran_KAS_RT_php_ci\ci4\system\Commands\Server\rewrite.php(43): require_once('C:\\xampp\\htdocs...')
#11 {main}
ERROR - 2022-07-10 02:01:01 --> Duplicate entry '2' for key 'PRIMARY'
CRITICAL - 2022-07-10 02:01:01 --> Duplicate entry '2' for key 'PRIMARY'
#0 C:\xampp\htdocs\lab12_Iuran_KAS_RT_php_ci\ci4\system\Database\MySQLi\Connection.php(292): mysqli->query('INSERT INTO `iu...', 0)
#1 C:\xampp\htdocs\lab12_Iuran_KAS_RT_php_ci\ci4\system\Database\BaseConnection.php(670): CodeIgniter\Database\MySQLi\Connection->execute('INSERT INTO `iu...')
#2 C:\xampp\htdocs\lab12_Iuran_KAS_RT_php_ci\ci4\system\Database\BaseConnection.php(598): CodeIgniter\Database\BaseConnection->simpleQuery('INSERT INTO `iu...')
#3 C:\xampp\htdocs\lab12_Iuran_KAS_RT_php_ci\ci4\system\Database\BaseBuilder.php(1771): CodeIgniter\Database\BaseConnection->query('INSERT INTO `iu...', Array, false)
#4 C:\xampp\htdocs\lab12_Iuran_KAS_RT_php_ci\ci4\app\Models\Iuran_Model.php(26): CodeIgniter\Database\BaseBuilder->insert(Array)
#5 C:\xampp\htdocs\lab12_Iuran_KAS_RT_php_ci\ci4\app\Controllers\iuran.php(38): App\Models\Iuran_Model->saveiuran(Array)
#6 C:\xampp\htdocs\lab12_Iuran_KAS_RT_php_ci\ci4\system\CodeIgniter.php(832): App\Controllers\iuran->add()
#7 C:\xampp\htdocs\lab12_Iuran_KAS_RT_php_ci\ci4\system\CodeIgniter.php(419): CodeIgniter\CodeIgniter->runController(Object(App\Controllers\iuran))
#8 C:\xampp\htdocs\lab12_Iuran_KAS_RT_php_ci\ci4\system\CodeIgniter.php(326): CodeIgniter\CodeIgniter->handleRequest(NULL, Object(Config\Cache), false)
#9 C:\xampp\htdocs\lab12_Iuran_KAS_RT_php_ci\ci4\public\index.php(37): CodeIgniter\CodeIgniter->run()
#10 C:\xampp\htdocs\lab12_Iuran_KAS_RT_php_ci\ci4\system\Commands\Server\rewrite.php(43): require_once('C:\\xampp\\htdocs...')
#11 {main}
ERROR - 2022-07-10 02:01:08 --> Duplicate entry '5' for key 'PRIMARY'
CRITICAL - 2022-07-10 02:01:08 --> Duplicate entry '5' for key 'PRIMARY'
#0 C:\xampp\htdocs\lab12_Iuran_KAS_RT_php_ci\ci4\system\Database\MySQLi\Connection.php(292): mysqli->query('INSERT INTO `iu...', 0)
#1 C:\xampp\htdocs\lab12_Iuran_KAS_RT_php_ci\ci4\system\Database\BaseConnection.php(670): CodeIgniter\Database\MySQLi\Connection->execute('INSERT INTO `iu...')
#2 C:\xampp\htdocs\lab12_Iuran_KAS_RT_php_ci\ci4\system\Database\BaseConnection.php(598): CodeIgniter\Database\BaseConnection->simpleQuery('INSERT INTO `iu...')
#3 C:\xampp\htdocs\lab12_Iuran_KAS_RT_php_ci\ci4\system\Database\BaseBuilder.php(1771): CodeIgniter\Database\BaseConnection->query('INSERT INTO `iu...', Array, false)
#4 C:\xampp\htdocs\lab12_Iuran_KAS_RT_php_ci\ci4\app\Models\Iuran_Model.php(26): CodeIgniter\Database\BaseBuilder->insert(Array)
#5 C:\xampp\htdocs\lab12_Iuran_KAS_RT_php_ci\ci4\app\Controllers\iuran.php(38): App\Models\Iuran_Model->saveiuran(Array)
#6 C:\xampp\htdocs\lab12_Iuran_KAS_RT_php_ci\ci4\system\CodeIgniter.php(832): App\Controllers\iuran->add()
#7 C:\xampp\htdocs\lab12_Iuran_KAS_RT_php_ci\ci4\system\CodeIgniter.php(419): CodeIgniter\CodeIgniter->runController(Object(App\Controllers\iuran))
#8 C:\xampp\htdocs\lab12_Iuran_KAS_RT_php_ci\ci4\system\CodeIgniter.php(326): CodeIgniter\CodeIgniter->handleRequest(NULL, Object(Config\Cache), false)
#9 C:\xampp\htdocs\lab12_Iuran_KAS_RT_php_ci\ci4\public\index.php(37): CodeIgniter\CodeIgniter->run()
#10 C:\xampp\htdocs\lab12_Iuran_KAS_RT_php_ci\ci4\system\Commands\Server\rewrite.php(43): require_once('C:\\xampp\\htdocs...')
#11 {main}
ERROR - 2022-07-10 02:01:16 --> Cannot add or update a child row: a foreign key constraint fails (`iuran_kas`.`iuran`, CONSTRAINT `fk_iuran_warga_idx` FOREIGN KEY (`warga_id`) REFERENCES `warga` (`id`))
CRITICAL - 2022-07-10 02:01:16 --> Cannot add or update a child row: a foreign key constraint fails (`iuran_kas`.`iuran`, CONSTRAINT `fk_iuran_warga_idx` FOREIGN KEY (`warga_id`) REFERENCES `warga` (`id`))
#0 C:\xampp\htdocs\lab12_Iuran_KAS_RT_php_ci\ci4\system\Database\MySQLi\Connection.php(292): mysqli->query('INSERT INTO `iu...', 0)
#1 C:\xampp\htdocs\lab12_Iuran_KAS_RT_php_ci\ci4\system\Database\BaseConnection.php(670): CodeIgniter\Database\MySQLi\Connection->execute('INSERT INTO `iu...')
#2 C:\xampp\htdocs\lab12_Iuran_KAS_RT_php_ci\ci4\system\Database\BaseConnection.php(598): CodeIgniter\Database\BaseConnection->simpleQuery('INSERT INTO `iu...')
#3 C:\xampp\htdocs\lab12_Iuran_KAS_RT_php_ci\ci4\system\Database\BaseBuilder.php(1771): CodeIgniter\Database\BaseConnection->query('INSERT INTO `iu...', Array, false)
#4 C:\xampp\htdocs\lab12_Iuran_KAS_RT_php_ci\ci4\app\Models\Iuran_Model.php(26): CodeIgniter\Database\BaseBuilder->insert(Array)
#5 C:\xampp\htdocs\lab12_Iuran_KAS_RT_php_ci\ci4\app\Controllers\iuran.php(38): App\Models\Iuran_Model->saveiuran(Array)
#6 C:\xampp\htdocs\lab12_Iuran_KAS_RT_php_ci\ci4\system\CodeIgniter.php(832): App\Controllers\iuran->add()
#7 C:\xampp\htdocs\lab12_Iuran_KAS_RT_php_ci\ci4\system\CodeIgniter.php(419): CodeIgniter\CodeIgniter->runController(Object(App\Controllers\iuran))
#8 C:\xampp\htdocs\lab12_Iuran_KAS_RT_php_ci\ci4\system\CodeIgniter.php(326): CodeIgniter\CodeIgniter->handleRequest(NULL, Object(Config\Cache), false)
#9 C:\xampp\htdocs\lab12_Iuran_KAS_RT_php_ci\ci4\public\index.php(37): CodeIgniter\CodeIgniter->run()
#10 C:\xampp\htdocs\lab12_Iuran_KAS_RT_php_ci\ci4\system\Commands\Server\rewrite.php(43): require_once('C:\\xampp\\htdocs...')
#11 {main}
ERROR - 2022-07-10 02:02:32 --> Cannot add or update a child row: a foreign key constraint fails (`iuran_kas`.`iuran`, CONSTRAINT `fk_iuran_warga_idx` FOREIGN KEY (`warga_id`) REFERENCES `warga` (`id`))
CRITICAL - 2022-07-10 02:02:32 --> Cannot add or update a child row: a foreign key constraint fails (`iuran_kas`.`iuran`, CONSTRAINT `fk_iuran_warga_idx` FOREIGN KEY (`warga_id`) REFERENCES `warga` (`id`))
#0 C:\xampp\htdocs\lab12_Iuran_KAS_RT_php_ci\ci4\system\Database\MySQLi\Connection.php(292): mysqli->query('INSERT INTO `iu...', 0)
#1 C:\xampp\htdocs\lab12_Iuran_KAS_RT_php_ci\ci4\system\Database\BaseConnection.php(670): CodeIgniter\Database\MySQLi\Connection->execute('INSERT INTO `iu...')
#2 C:\xampp\htdocs\lab12_Iuran_KAS_RT_php_ci\ci4\system\Database\BaseConnection.php(598): CodeIgniter\Database\BaseConnection->simpleQuery('INSERT INTO `iu...')
#3 C:\xampp\htdocs\lab12_Iuran_KAS_RT_php_ci\ci4\system\Database\BaseBuilder.php(1771): CodeIgniter\Database\BaseConnection->query('INSERT INTO `iu...', Array, false)
#4 C:\xampp\htdocs\lab12_Iuran_KAS_RT_php_ci\ci4\app\Models\Iuran_Model.php(26): CodeIgniter\Database\BaseBuilder->insert(Array)
#5 C:\xampp\htdocs\lab12_Iuran_KAS_RT_php_ci\ci4\app\Controllers\iuran.php(38): App\Models\Iuran_Model->saveiuran(Array)
#6 C:\xampp\htdocs\lab12_Iuran_KAS_RT_php_ci\ci4\system\CodeIgniter.php(832): App\Controllers\iuran->add()
#7 C:\xampp\htdocs\lab12_Iuran_KAS_RT_php_ci\ci4\system\CodeIgniter.php(419): CodeIgniter\CodeIgniter->runController(Object(App\Controllers\iuran))
#8 C:\xampp\htdocs\lab12_Iuran_KAS_RT_php_ci\ci4\system\CodeIgniter.php(326): CodeIgniter\CodeIgniter->handleRequest(NULL, Object(Config\Cache), false)
#9 C:\xampp\htdocs\lab12_Iuran_KAS_RT_php_ci\ci4\public\index.php(37): CodeIgniter\CodeIgniter->run()
#10 C:\xampp\htdocs\lab12_Iuran_KAS_RT_php_ci\ci4\system\Commands\Server\rewrite.php(43): require_once('C:\\xampp\\htdocs...')
#11 {main}
ERROR - 2022-07-10 08:08:13 --> Duplicate entry '4' for key 'PRIMARY'
CRITICAL - 2022-07-10 08:08:13 --> Duplicate entry '4' for key 'PRIMARY'
#0 C:\xampp\htdocs\lab12_Iuran_KAS_RT_php_ci\ci4\system\Database\MySQLi\Connection.php(292): mysqli->query('INSERT INTO `iu...', 0)
#1 C:\xampp\htdocs\lab12_Iuran_KAS_RT_php_ci\ci4\system\Database\BaseConnection.php(670): CodeIgniter\Database\MySQLi\Connection->execute('INSERT INTO `iu...')
#2 C:\xampp\htdocs\lab12_Iuran_KAS_RT_php_ci\ci4\system\Database\BaseConnection.php(598): CodeIgniter\Database\BaseConnection->simpleQuery('INSERT INTO `iu...')
#3 C:\xampp\htdocs\lab12_Iuran_KAS_RT_php_ci\ci4\system\Database\BaseBuilder.php(1771): CodeIgniter\Database\BaseConnection->query('INSERT INTO `iu...', Array, false)
#4 C:\xampp\htdocs\lab12_Iuran_KAS_RT_php_ci\ci4\app\Models\Iuran_Model.php(26): CodeIgniter\Database\BaseBuilder->insert(Array)
#5 C:\xampp\htdocs\lab12_Iuran_KAS_RT_php_ci\ci4\app\Controllers\iuran.php(38): App\Models\Iuran_Model->saveiuran(Array)
#6 C:\xampp\htdocs\lab12_Iuran_KAS_RT_php_ci\ci4\system\CodeIgniter.php(832): App\Controllers\iuran->add()
#7 C:\xampp\htdocs\lab12_Iuran_KAS_RT_php_ci\ci4\system\CodeIgniter.php(419): CodeIgniter\CodeIgniter->runController(Object(App\Controllers\iuran))
#8 C:\xampp\htdocs\lab12_Iuran_KAS_RT_php_ci\ci4\system\CodeIgniter.php(326): CodeIgniter\CodeIgniter->handleRequest(NULL, Object(Config\Cache), false)
#9 C:\xampp\htdocs\lab12_Iuran_KAS_RT_php_ci\ci4\public\index.php(37): CodeIgniter\CodeIgniter->run()
#10 C:\xampp\htdocs\lab12_Iuran_KAS_RT_php_ci\ci4\system\Commands\Server\rewrite.php(43): require_once('C:\\xampp\\htdocs...')
#11 {main}
CRITICAL - 2022-07-10 10:46:29 --> syntax error, unexpected 'content' (T_STRING), expecting ']'
#0 C:\xampp\htdocs\lab12_Iuran_KAS_RT_php_ci\ci4\system\Autoloader\Autoloader.php(241): CodeIgniter\Autoloader\Autoloader->includeFile('C:\\xampp\\htdocs...')
#1 C:\xampp\htdocs\lab12_Iuran_KAS_RT_php_ci\ci4\system\Autoloader\Autoloader.php(219): CodeIgniter\Autoloader\Autoloader->loadInNamespace('App\\Controllers...')
#2 [internal function]: CodeIgniter\Autoloader\Autoloader->loadClass('App\\Controllers...')
#3 [internal function]: spl_autoload_call('App\\Controllers...')
#4 C:\xampp\htdocs\lab12_Iuran_KAS_RT_php_ci\ci4\system\CodeIgniter.php(797): class_exists('\\App\\Controller...', true)
#5 C:\xampp\htdocs\lab12_Iuran_KAS_RT_php_ci\ci4\system\CodeIgniter.php(406): CodeIgniter\CodeIgniter->startController()
#6 C:\xampp\htdocs\lab12_Iuran_KAS_RT_php_ci\ci4\system\CodeIgniter.php(326): CodeIgniter\CodeIgniter->handleRequest(NULL, Object(Config\Cache), false)
#7 C:\xampp\htdocs\lab12_Iuran_KAS_RT_php_ci\ci4\public\index.php(37): CodeIgniter\CodeIgniter->run()
#8 C:\xampp\htdocs\lab12_Iuran_KAS_RT_php_ci\ci4\system\Commands\Server\rewrite.php(43): require_once('C:\\xampp\\htdocs...')
#9 {main}
CRITICAL - 2022-07-10 11:53:44 --> syntax error, unexpected ''pager'' (T_CONSTANT_ENCAPSED_STRING), expecting ']'
#0 C:\xampp\htdocs\lab12_Iuran_KAS_RT_php_ci\ci4\system\Router\Router.php(175): CodeIgniter\Router\Router->autoRoute('warga')
#1 C:\xampp\htdocs\lab12_Iuran_KAS_RT_php_ci\ci4\system\CodeIgniter.php(726): CodeIgniter\Router\Router->handle('warga')
#2 C:\xampp\htdocs\lab12_Iuran_KAS_RT_php_ci\ci4\system\CodeIgniter.php(368): CodeIgniter\CodeIgniter->tryToRouteIt(Object(CodeIgniter\Router\RouteCollection))
#3 C:\xampp\htdocs\lab12_Iuran_KAS_RT_php_ci\ci4\system\CodeIgniter.php(326): CodeIgniter\CodeIgniter->handleRequest(NULL, Object(Config\Cache), false)
#4 C:\xampp\htdocs\lab12_Iuran_KAS_RT_php_ci\ci4\public\index.php(37): CodeIgniter\CodeIgniter->run()
#5 C:\xampp\htdocs\lab12_Iuran_KAS_RT_php_ci\ci4\system\Commands\Server\rewrite.php(43): require_once('C:\\xampp\\htdocs...')
#6 {main}
CRITICAL - 2022-07-10 12:05:17 --> syntax error, unexpected ''pager'' (T_CONSTANT_ENCAPSED_STRING), expecting ']'
#0 C:\xampp\htdocs\lab12_Iuran_KAS_RT_php_ci\ci4\system\Router\Router.php(175): CodeIgniter\Router\Router->autoRoute('warga')
#1 C:\xampp\htdocs\lab12_Iuran_KAS_RT_php_ci\ci4\system\CodeIgniter.php(726): CodeIgniter\Router\Router->handle('warga')
#2 C:\xampp\htdocs\lab12_Iuran_KAS_RT_php_ci\ci4\system\CodeIgniter.php(368): CodeIgniter\CodeIgniter->tryToRouteIt(Object(CodeIgniter\Router\RouteCollection))
#3 C:\xampp\htdocs\lab12_Iuran_KAS_RT_php_ci\ci4\system\CodeIgniter.php(326): CodeIgniter\CodeIgniter->handleRequest(NULL, Object(Config\Cache), false)
#4 C:\xampp\htdocs\lab12_Iuran_KAS_RT_php_ci\ci4\public\index.php(37): CodeIgniter\CodeIgniter->run()
#5 C:\xampp\htdocs\lab12_Iuran_KAS_RT_php_ci\ci4\system\Commands\Server\rewrite.php(43): require_once('C:\\xampp\\htdocs...')
#6 {main}
CRITICAL - 2022-07-10 12:05:19 --> syntax error, unexpected ''pager'' (T_CONSTANT_ENCAPSED_STRING), expecting ']'
#0 C:\xampp\htdocs\lab12_Iuran_KAS_RT_php_ci\ci4\system\Router\Router.php(175): CodeIgniter\Router\Router->autoRoute('warga')
#1 C:\xampp\htdocs\lab12_Iuran_KAS_RT_php_ci\ci4\system\CodeIgniter.php(726): CodeIgniter\Router\Router->handle('warga')
#2 C:\xampp\htdocs\lab12_Iuran_KAS_RT_php_ci\ci4\system\CodeIgniter.php(368): CodeIgniter\CodeIgniter->tryToRouteIt(Object(CodeIgniter\Router\RouteCollection))
#3 C:\xampp\htdocs\lab12_Iuran_KAS_RT_php_ci\ci4\system\CodeIgniter.php(326): CodeIgniter\CodeIgniter->handleRequest(NULL, Object(Config\Cache), false)
#4 C:\xampp\htdocs\lab12_Iuran_KAS_RT_php_ci\ci4\public\index.php(37): CodeIgniter\CodeIgniter->run()
#5 C:\xampp\htdocs\lab12_Iuran_KAS_RT_php_ci\ci4\system\Commands\Server\rewrite.php(43): require_once('C:\\xampp\\htdocs...')
#6 {main}
CRITICAL - 2022-07-10 12:05:20 --> syntax error, unexpected ''pager'' (T_CONSTANT_ENCAPSED_STRING), expecting ']'
#0 C:\xampp\htdocs\lab12_Iuran_KAS_RT_php_ci\ci4\system\Router\Router.php(175): CodeIgniter\Router\Router->autoRoute('warga')
#1 C:\xampp\htdocs\lab12_Iuran_KAS_RT_php_ci\ci4\system\CodeIgniter.php(726): CodeIgniter\Router\Router->handle('warga')
#2 C:\xampp\htdocs\lab12_Iuran_KAS_RT_php_ci\ci4\system\CodeIgniter.php(368): CodeIgniter\CodeIgniter->tryToRouteIt(Object(CodeIgniter\Router\RouteCollection))
#3 C:\xampp\htdocs\lab12_Iuran_KAS_RT_php_ci\ci4\system\CodeIgniter.php(326): CodeIgniter\CodeIgniter->handleRequest(NULL, Object(Config\Cache), false)
#4 C:\xampp\htdocs\lab12_Iuran_KAS_RT_php_ci\ci4\public\index.php(37): CodeIgniter\CodeIgniter->run()
#5 C:\xampp\htdocs\lab12_Iuran_KAS_RT_php_ci\ci4\system\Commands\Server\rewrite.php(43): require_once('C:\\xampp\\htdocs...')
#6 {main}
CRITICAL - 2022-07-10 12:05:20 --> syntax error, unexpected ''pager'' (T_CONSTANT_ENCAPSED_STRING), expecting ']'
#0 C:\xampp\htdocs\lab12_Iuran_KAS_RT_php_ci\ci4\system\Router\Router.php(175): CodeIgniter\Router\Router->autoRoute('warga')
#1 C:\xampp\htdocs\lab12_Iuran_KAS_RT_php_ci\ci4\system\CodeIgniter.php(726): CodeIgniter\Router\Router->handle('warga')
#2 C:\xampp\htdocs\lab12_Iuran_KAS_RT_php_ci\ci4\system\CodeIgniter.php(368): CodeIgniter\CodeIgniter->tryToRouteIt(Object(CodeIgniter\Router\RouteCollection))
#3 C:\xampp\htdocs\lab12_Iuran_KAS_RT_php_ci\ci4\system\CodeIgniter.php(326): CodeIgniter\CodeIgniter->handleRequest(NULL, Object(Config\Cache), false)
#4 C:\xampp\htdocs\lab12_Iuran_KAS_RT_php_ci\ci4\public\index.php(37): CodeIgniter\CodeIgniter->run()
#5 C:\xampp\htdocs\lab12_Iuran_KAS_RT_php_ci\ci4\system\Commands\Server\rewrite.php(43): require_once('C:\\xampp\\htdocs...')
#6 {main}
CRITICAL - 2022-07-10 12:05:25 --> syntax error, unexpected ''pager'' (T_CONSTANT_ENCAPSED_STRING), expecting ']'
#0 C:\xampp\htdocs\lab12_Iuran_KAS_RT_php_ci\ci4\system\Router\Router.php(175): CodeIgniter\Router\Router->autoRoute('warga')
#1 C:\xampp\htdocs\lab12_Iuran_KAS_RT_php_ci\ci4\system\CodeIgniter.php(726): CodeIgniter\Router\Router->handle('warga')
#2 C:\xampp\htdocs\lab12_Iuran_KAS_RT_php_ci\ci4\system\CodeIgniter.php(368): CodeIgniter\CodeIgniter->tryToRouteIt(Object(CodeIgniter\Router\RouteCollection))
#3 C:\xampp\htdocs\lab12_Iuran_KAS_RT_php_ci\ci4\system\CodeIgniter.php(326): CodeIgniter\CodeIgniter->handleRequest(NULL, Object(Config\Cache), false)
#4 C:\xampp\htdocs\lab12_Iuran_KAS_RT_php_ci\ci4\public\index.php(37): CodeIgniter\CodeIgniter->run()
#5 C:\xampp\htdocs\lab12_Iuran_KAS_RT_php_ci\ci4\system\Commands\Server\rewrite.php(43): require_once('C:\\xampp\\htdocs...')
#6 {main}
CRITICAL - 2022-07-10 12:05:43 --> Undefined variable: pager
#0 C:\xampp\htdocs\lab12_Iuran_KAS_RT_php_ci\ci4\app\Views\warga_view.php(55): CodeIgniter\Debug\Exceptions->errorHandler(8, 'Undefined varia...', 'C:\\xampp\\htdocs...', 55, Array)
#1 C:\xampp\htdocs\lab12_Iuran_KAS_RT_php_ci\ci4\system\View\View.php(210): include('C:\\xampp\\htdocs...')
#2 C:\xampp\htdocs\lab12_Iuran_KAS_RT_php_ci\ci4\system\View\View.php(213): CodeIgniter\View\View->CodeIgniter\View\{closure}()
#3 C:\xampp\htdocs\lab12_Iuran_KAS_RT_php_ci\ci4\system\Common.php(1089): CodeIgniter\View\View->render('warga_view', Array, true)
#4 C:\xampp\htdocs\lab12_Iuran_KAS_RT_php_ci\ci4\app\Controllers\warga.php(13): view('warga_view', Array)
#5 C:\xampp\htdocs\lab12_Iuran_KAS_RT_php_ci\ci4\system\CodeIgniter.php(832): App\Controllers\warga->index()
#6 C:\xampp\htdocs\lab12_Iuran_KAS_RT_php_ci\ci4\system\CodeIgniter.php(419): CodeIgniter\CodeIgniter->runController(Object(App\Controllers\warga))
#7 C:\xampp\htdocs\lab12_Iuran_KAS_RT_php_ci\ci4\system\CodeIgniter.php(326): CodeIgniter\CodeIgniter->handleRequest(NULL, Object(Config\Cache), false)
#8 C:\xampp\htdocs\lab12_Iuran_KAS_RT_php_ci\ci4\public\index.php(37): CodeIgniter\CodeIgniter->run()
#9 C:\xampp\htdocs\lab12_Iuran_KAS_RT_php_ci\ci4\system\Commands\Server\rewrite.php(43): require_once('C:\\xampp\\htdocs...')
#10 {main}
CRITICAL - 2022-07-10 12:11:22 --> syntax error, unexpected ''pager'' (T_CONSTANT_ENCAPSED_STRING), expecting ']'
#0 C:\xampp\htdocs\lab12_Iuran_KAS_RT_php_ci\ci4\system\Router\Router.php(175): CodeIgniter\Router\Router->autoRoute('warga')
#1 C:\xampp\htdocs\lab12_Iuran_KAS_RT_php_ci\ci4\system\CodeIgniter.php(726): CodeIgniter\Router\Router->handle('warga')
#2 C:\xampp\htdocs\lab12_Iuran_KAS_RT_php_ci\ci4\system\CodeIgniter.php(368): CodeIgniter\CodeIgniter->tryToRouteIt(Object(CodeIgniter\Router\RouteCollection))
#3 C:\xampp\htdocs\lab12_Iuran_KAS_RT_php_ci\ci4\system\CodeIgniter.php(326): CodeIgniter\CodeIgniter->handleRequest(NULL, Object(Config\Cache), false)
#4 C:\xampp\htdocs\lab12_Iuran_KAS_RT_php_ci\ci4\public\index.php(37): CodeIgniter\CodeIgniter->run()
#5 C:\xampp\htdocs\lab12_Iuran_KAS_RT_php_ci\ci4\system\Commands\Server\rewrite.php(43): require_once('C:\\xampp\\htdocs...')
#6 {main}
CRITICAL - 2022-07-10 12:11:58 --> Undefined variable: q
#0 C:\xampp\htdocs\lab12_Iuran_KAS_RT_php_ci\ci4\app\Views\warga_view.php(4): CodeIgniter\Debug\Exceptions->errorHandler(8, 'Undefined varia...', 'C:\\xampp\\htdocs...', 4, Array)
#1 C:\xampp\htdocs\lab12_Iuran_KAS_RT_php_ci\ci4\system\View\View.php(210): include('C:\\xampp\\htdocs...')
#2 C:\xampp\htdocs\lab12_Iuran_KAS_RT_php_ci\ci4\system\View\View.php(213): CodeIgniter\View\View->CodeIgniter\View\{closure}()
#3 C:\xampp\htdocs\lab12_Iuran_KAS_RT_php_ci\ci4\system\Common.php(1089): CodeIgniter\View\View->render('warga_view', Array, true)
#4 C:\xampp\htdocs\lab12_Iuran_KAS_RT_php_ci\ci4\app\Controllers\warga.php(13): view('warga_view', Array)
#5 C:\xampp\htdocs\lab12_Iuran_KAS_RT_php_ci\ci4\system\CodeIgniter.php(832): App\Controllers\warga->index()
#6 C:\xampp\htdocs\lab12_Iuran_KAS_RT_php_ci\ci4\system\CodeIgniter.php(419): CodeIgniter\CodeIgniter->runController(Object(App\Controllers\warga))
#7 C:\xampp\htdocs\lab12_Iuran_KAS_RT_php_ci\ci4\system\CodeIgniter.php(326): CodeIgniter\CodeIgniter->handleRequest(NULL, Object(Config\Cache), false)
#8 C:\xampp\htdocs\lab12_Iuran_KAS_RT_php_ci\ci4\public\index.php(37): CodeIgniter\CodeIgniter->run()
#9 C:\xampp\htdocs\lab12_Iuran_KAS_RT_php_ci\ci4\system\Commands\Server\rewrite.php(43): require_once('C:\\xampp\\htdocs...')
#10 {main}
CRITICAL - 2022-07-10 12:13:09 --> Undefined variable: pager
#0 C:\xampp\htdocs\lab12_Iuran_KAS_RT_php_ci\ci4\app\Views\warga_view.php(56): CodeIgniter\Debug\Exceptions->errorHandler(8, 'Undefined varia...', 'C:\\xampp\\htdocs...', 56, Array)
#1 C:\xampp\htdocs\lab12_Iuran_KAS_RT_php_ci\ci4\system\View\View.php(210): include('C:\\xampp\\htdocs...')
#2 C:\xampp\htdocs\lab12_Iuran_KAS_RT_php_ci\ci4\system\View\View.php(213): CodeIgniter\View\View->CodeIgniter\View\{closure}()
#3 C:\xampp\htdocs\lab12_Iuran_KAS_RT_php_ci\ci4\system\Common.php(1089): CodeIgniter\View\View->render('warga_view', Array, true)
#4 C:\xampp\htdocs\lab12_Iuran_KAS_RT_php_ci\ci4\app\Controllers\warga.php(13): view('warga_view', Array)
#5 C:\xampp\htdocs\lab12_Iuran_KAS_RT_php_ci\ci4\system\CodeIgniter.php(832): App\Controllers\warga->index()
#6 C:\xampp\htdocs\lab12_Iuran_KAS_RT_php_ci\ci4\system\CodeIgniter.php(419): CodeIgniter\CodeIgniter->runController(Object(App\Controllers\warga))
#7 C:\xampp\htdocs\lab12_Iuran_KAS_RT_php_ci\ci4\system\CodeIgniter.php(326): CodeIgniter\CodeIgniter->handleRequest(NULL, Object(Config\Cache), false)
#8 C:\xampp\htdocs\lab12_Iuran_KAS_RT_php_ci\ci4\public\index.php(37): CodeIgniter\CodeIgniter->run()
#9 C:\xampp\htdocs\lab12_Iuran_KAS_RT_php_ci\ci4\system\Commands\Server\rewrite.php(43): require_once('C:\\xampp\\htdocs...')
#10 {main}
CRITICAL - 2022-07-10 12:13:38 --> Use of undefined constant halaman - assumed 'halaman' (this will throw an Error in a future version of PHP)
#0 C:\xampp\htdocs\lab12_Iuran_KAS_RT_php_ci\ci4\app\Controllers\warga.php(23): CodeIgniter\Debug\Exceptions->errorHandler(2, 'Use of undefine...', 'C:\\xampp\\htdocs...', 23, Array)
#1 C:\xampp\htdocs\lab12_Iuran_KAS_RT_php_ci\ci4\system\CodeIgniter.php(832): App\Controllers\warga->index()
#2 C:\xampp\htdocs\lab12_Iuran_KAS_RT_php_ci\ci4\system\CodeIgniter.php(419): CodeIgniter\CodeIgniter->runController(Object(App\Controllers\warga))
#3 C:\xampp\htdocs\lab12_Iuran_KAS_RT_php_ci\ci4\system\CodeIgniter.php(326): CodeIgniter\CodeIgniter->handleRequest(NULL, Object(Config\Cache), false)
#4 C:\xampp\htdocs\lab12_Iuran_KAS_RT_php_ci\ci4\public\index.php(37): CodeIgniter\CodeIgniter->run()
#5 C:\xampp\htdocs\lab12_Iuran_KAS_RT_php_ci\ci4\system\Commands\Server\rewrite.php(43): require_once('C:\\xampp\\htdocs...')
#6 {main}
CRITICAL - 2022-07-10 12:13:40 --> Use of undefined constant halaman - assumed 'halaman' (this will throw an Error in a future version of PHP)
#0 C:\xampp\htdocs\lab12_Iuran_KAS_RT_php_ci\ci4\app\Controllers\warga.php(23): CodeIgniter\Debug\Exceptions->errorHandler(2, 'Use of undefine...', 'C:\\xampp\\htdocs...', 23, Array)
#1 C:\xampp\htdocs\lab12_Iuran_KAS_RT_php_ci\ci4\system\CodeIgniter.php(832): App\Controllers\warga->index()
#2 C:\xampp\htdocs\lab12_Iuran_KAS_RT_php_ci\ci4\system\CodeIgniter.php(419): CodeIgniter\CodeIgniter->runController(Object(App\Controllers\warga))
#3 C:\xampp\htdocs\lab12_Iuran_KAS_RT_php_ci\ci4\system\CodeIgniter.php(326): CodeIgniter\CodeIgniter->handleRequest(NULL, Object(Config\Cache), false)
#4 C:\xampp\htdocs\lab12_Iuran_KAS_RT_php_ci\ci4\public\index.php(37): CodeIgniter\CodeIgniter->run()
#5 C:\xampp\htdocs\lab12_Iuran_KAS_RT_php_ci\ci4\system\Commands\Server\rewrite.php(43): require_once('C:\\xampp\\htdocs...')
#6 {main}
