CRITICAL - 2022-07-12 09:20:39 --> Undefined variable: db
#0 C:\xampp\htdocs\lab12_Iuran_KAS_RT_php_ci\ci4\app\Views\iuran_view.php(32): CodeIgniter\Debug\Exceptions->errorHandler(8, 'Undefined varia...', 'C:\\xampp\\htdocs...', 32, Array)
#1 C:\xampp\htdocs\lab12_Iuran_KAS_RT_php_ci\ci4\system\View\View.php(210): include('C:\\xampp\\htdocs...')
#2 C:\xampp\htdocs\lab12_Iuran_KAS_RT_php_ci\ci4\system\View\View.php(213): CodeIgniter\View\View->CodeIgniter\View\{closure}()
#3 C:\xampp\htdocs\lab12_Iuran_KAS_RT_php_ci\ci4\system\Common.php(1089): CodeIgniter\View\View->render('iuran_view', Array, true)
#4 C:\xampp\htdocs\lab12_Iuran_KAS_RT_php_ci\ci4\app\Controllers\iuran.php(13): view('iuran_view', Array)
#5 C:\xampp\htdocs\lab12_Iuran_KAS_RT_php_ci\ci4\system\CodeIgniter.php(832): App\Controllers\iuran->index()
#6 C:\xampp\htdocs\lab12_Iuran_KAS_RT_php_ci\ci4\system\CodeIgniter.php(419): CodeIgniter\CodeIgniter->runController(Object(App\Controllers\iuran))
#7 C:\xampp\htdocs\lab12_Iuran_KAS_RT_php_ci\ci4\system\CodeIgniter.php(326): CodeIgniter\CodeIgniter->handleRequest(NULL, Object(Config\Cache), false)
#8 C:\xampp\htdocs\lab12_Iuran_KAS_RT_php_ci\ci4\public\index.php(37): CodeIgniter\CodeIgniter->run()
#9 C:\xampp\htdocs\lab12_Iuran_KAS_RT_php_ci\ci4\system\Commands\Server\rewrite.php(43): require_once('C:\\xampp\\htdocs...')
#10 {main}
CRITICAL - 2022-07-12 09:26:48 --> Undefined variable: db
#0 C:\xampp\htdocs\lab12_Iuran_KAS_RT_php_ci\ci4\app\Views\iuran_view.php(32): CodeIgniter\Debug\Exceptions->errorHandler(8, 'Undefined varia...', 'C:\\xampp\\htdocs...', 32, Array)
#1 C:\xampp\htdocs\lab12_Iuran_KAS_RT_php_ci\ci4\system\View\View.php(210): include('C:\\xampp\\htdocs...')
#2 C:\xampp\htdocs\lab12_Iuran_KAS_RT_php_ci\ci4\system\View\View.php(213): CodeIgniter\View\View->CodeIgniter\View\{closure}()
#3 C:\xampp\htdocs\lab12_Iuran_KAS_RT_php_ci\ci4\system\Common.php(1089): CodeIgniter\View\View->render('iuran_view', Array, true)
#4 C:\xampp\htdocs\lab12_Iuran_KAS_RT_php_ci\ci4\app\Controllers\iuran.php(13): view('iuran_view', Array)
#5 C:\xampp\htdocs\lab12_Iuran_KAS_RT_php_ci\ci4\system\CodeIgniter.php(832): App\Controllers\iuran->index()
#6 C:\xampp\htdocs\lab12_Iuran_KAS_RT_php_ci\ci4\system\CodeIgniter.php(419): CodeIgniter\CodeIgniter->runController(Object(App\Controllers\iuran))
#7 C:\xampp\htdocs\lab12_Iuran_KAS_RT_php_ci\ci4\system\CodeIgniter.php(326): CodeIgniter\CodeIgniter->handleRequest(NULL, Object(Config\Cache), false)
#8 C:\xampp\htdocs\lab12_Iuran_KAS_RT_php_ci\ci4\public\index.php(37): CodeIgniter\CodeIgniter->run()
#9 C:\xampp\htdocs\lab12_Iuran_KAS_RT_php_ci\ci4\system\Commands\Server\rewrite.php(43): require_once('C:\\xampp\\htdocs...')
#10 {main}
CRITICAL - 2022-07-12 09:26:51 --> Undefined variable: db
#0 C:\xampp\htdocs\lab12_Iuran_KAS_RT_php_ci\ci4\app\Views\iuran_view.php(32): CodeIgniter\Debug\Exceptions->errorHandler(8, 'Undefined varia...', 'C:\\xampp\\htdocs...', 32, Array)
#1 C:\xampp\htdocs\lab12_Iuran_KAS_RT_php_ci\ci4\system\View\View.php(210): include('C:\\xampp\\htdocs...')
#2 C:\xampp\htdocs\lab12_Iuran_KAS_RT_php_ci\ci4\system\View\View.php(213): CodeIgniter\View\View->CodeIgniter\View\{closure}()
#3 C:\xampp\htdocs\lab12_Iuran_KAS_RT_php_ci\ci4\system\Common.php(1089): CodeIgniter\View\View->render('iuran_view', Array, true)
#4 C:\xampp\htdocs\lab12_Iuran_KAS_RT_php_ci\ci4\app\Controllers\iuran.php(13): view('iuran_view', Array)
#5 C:\xampp\htdocs\lab12_Iuran_KAS_RT_php_ci\ci4\system\CodeIgniter.php(832): App\Controllers\iuran->index()
#6 C:\xampp\htdocs\lab12_Iuran_KAS_RT_php_ci\ci4\system\CodeIgniter.php(419): CodeIgniter\CodeIgniter->runController(Object(App\Controllers\iuran))
#7 C:\xampp\htdocs\lab12_Iuran_KAS_RT_php_ci\ci4\system\CodeIgniter.php(326): CodeIgniter\CodeIgniter->handleRequest(NULL, Object(Config\Cache), false)
#8 C:\xampp\htdocs\lab12_Iuran_KAS_RT_php_ci\ci4\public\index.php(37): CodeIgniter\CodeIgniter->run()
#9 C:\xampp\htdocs\lab12_Iuran_KAS_RT_php_ci\ci4\system\Commands\Server\rewrite.php(43): require_once('C:\\xampp\\htdocs...')
#10 {main}
CRITICAL - 2022-07-12 09:29:57 --> Undefined variable: db
#0 C:\xampp\htdocs\lab12_Iuran_KAS_RT_php_ci\ci4\app\Views\iuran_view.php(32): CodeIgniter\Debug\Exceptions->errorHandler(8, 'Undefined varia...', 'C:\\xampp\\htdocs...', 32, Array)
#1 C:\xampp\htdocs\lab12_Iuran_KAS_RT_php_ci\ci4\system\View\View.php(210): include('C:\\xampp\\htdocs...')
#2 C:\xampp\htdocs\lab12_Iuran_KAS_RT_php_ci\ci4\system\View\View.php(213): CodeIgniter\View\View->CodeIgniter\View\{closure}()
#3 C:\xampp\htdocs\lab12_Iuran_KAS_RT_php_ci\ci4\system\Common.php(1089): CodeIgniter\View\View->render('iuran_view', Array, true)
#4 C:\xampp\htdocs\lab12_Iuran_KAS_RT_php_ci\ci4\app\Controllers\iuran.php(13): view('iuran_view', Array)
#5 C:\xampp\htdocs\lab12_Iuran_KAS_RT_php_ci\ci4\system\CodeIgniter.php(832): App\Controllers\iuran->index()
#6 C:\xampp\htdocs\lab12_Iuran_KAS_RT_php_ci\ci4\system\CodeIgniter.php(419): CodeIgniter\CodeIgniter->runController(Object(App\Controllers\iuran))
#7 C:\xampp\htdocs\lab12_Iuran_KAS_RT_php_ci\ci4\system\CodeIgniter.php(326): CodeIgniter\CodeIgniter->handleRequest(NULL, Object(Config\Cache), false)
#8 C:\xampp\htdocs\lab12_Iuran_KAS_RT_php_ci\ci4\public\index.php(37): CodeIgniter\CodeIgniter->run()
#9 C:\xampp\htdocs\lab12_Iuran_KAS_RT_php_ci\ci4\system\Commands\Server\rewrite.php(43): require_once('C:\\xampp\\htdocs...')
#10 {main}
CRITICAL - 2022-07-12 09:31:19 --> Undefined variable: table
#0 C:\xampp\htdocs\lab12_Iuran_KAS_RT_php_ci\ci4\app\Views\iuran_view.php(32): CodeIgniter\Debug\Exceptions->errorHandler(8, 'Undefined varia...', 'C:\\xampp\\htdocs...', 32, Array)
#1 C:\xampp\htdocs\lab12_Iuran_KAS_RT_php_ci\ci4\system\View\View.php(210): include('C:\\xampp\\htdocs...')
#2 C:\xampp\htdocs\lab12_Iuran_KAS_RT_php_ci\ci4\system\View\View.php(213): CodeIgniter\View\View->CodeIgniter\View\{closure}()
#3 C:\xampp\htdocs\lab12_Iuran_KAS_RT_php_ci\ci4\system\Common.php(1089): CodeIgniter\View\View->render('iuran_view', Array, true)
#4 C:\xampp\htdocs\lab12_Iuran_KAS_RT_php_ci\ci4\app\Controllers\iuran.php(13): view('iuran_view', Array)
#5 C:\xampp\htdocs\lab12_Iuran_KAS_RT_php_ci\ci4\system\CodeIgniter.php(832): App\Controllers\iuran->index()
#6 C:\xampp\htdocs\lab12_Iuran_KAS_RT_php_ci\ci4\system\CodeIgniter.php(419): CodeIgniter\CodeIgniter->runController(Object(App\Controllers\iuran))
#7 C:\xampp\htdocs\lab12_Iuran_KAS_RT_php_ci\ci4\system\CodeIgniter.php(326): CodeIgniter\CodeIgniter->handleRequest(NULL, Object(Config\Cache), false)
#8 C:\xampp\htdocs\lab12_Iuran_KAS_RT_php_ci\ci4\public\index.php(37): CodeIgniter\CodeIgniter->run()
#9 C:\xampp\htdocs\lab12_Iuran_KAS_RT_php_ci\ci4\system\Commands\Server\rewrite.php(43): require_once('C:\\xampp\\htdocs...')
#10 {main}
ERROR - 2022-07-12 09:53:14 --> Duplicate entry '1' for key 'PRIMARY'
CRITICAL - 2022-07-12 09:53:14 --> Duplicate entry '1' for key 'PRIMARY'
#0 C:\xampp\htdocs\lab12_Iuran_KAS_RT_php_ci\ci4\system\Database\MySQLi\Connection.php(292): mysqli->query('INSERT INTO `iu...', 0)
#1 C:\xampp\htdocs\lab12_Iuran_KAS_RT_php_ci\ci4\system\Database\BaseConnection.php(670): CodeIgniter\Database\MySQLi\Connection->execute('INSERT INTO `iu...')
#2 C:\xampp\htdocs\lab12_Iuran_KAS_RT_php_ci\ci4\system\Database\BaseConnection.php(598): CodeIgniter\Database\BaseConnection->simpleQuery('INSERT INTO `iu...')
#3 C:\xampp\htdocs\lab12_Iuran_KAS_RT_php_ci\ci4\system\Database\BaseBuilder.php(1771): CodeIgniter\Database\BaseConnection->query('INSERT INTO `iu...', Array, false)
#4 C:\xampp\htdocs\lab12_Iuran_KAS_RT_php_ci\ci4\app\Models\Iuran_Model.php(27): CodeIgniter\Database\BaseBuilder->insert(Array)
#5 C:\xampp\htdocs\lab12_Iuran_KAS_RT_php_ci\ci4\app\Controllers\iuran.php(38): App\Models\Iuran_Model->saveiuran(Array)
#6 C:\xampp\htdocs\lab12_Iuran_KAS_RT_php_ci\ci4\system\CodeIgniter.php(832): App\Controllers\iuran->add()
#7 C:\xampp\htdocs\lab12_Iuran_KAS_RT_php_ci\ci4\system\CodeIgniter.php(419): CodeIgniter\CodeIgniter->runController(Object(App\Controllers\iuran))
#8 C:\xampp\htdocs\lab12_Iuran_KAS_RT_php_ci\ci4\system\CodeIgniter.php(326): CodeIgniter\CodeIgniter->handleRequest(NULL, Object(Config\Cache), false)
#9 C:\xampp\htdocs\lab12_Iuran_KAS_RT_php_ci\ci4\public\index.php(37): CodeIgniter\CodeIgniter->run()
#10 C:\xampp\htdocs\lab12_Iuran_KAS_RT_php_ci\ci4\system\Commands\Server\rewrite.php(43): require_once('C:\\xampp\\htdocs...')
#11 {main}
CRITICAL - 2022-07-12 09:56:35 --> Undefined variable: getwarga
#0 C:\xampp\htdocs\lab12_Iuran_KAS_RT_php_ci\ci4\app\Views\iuran_view.php(30): CodeIgniter\Debug\Exceptions->errorHandler(8, 'Undefined varia...', 'C:\\xampp\\htdocs...', 30, Array)
#1 C:\xampp\htdocs\lab12_Iuran_KAS_RT_php_ci\ci4\system\View\View.php(210): include('C:\\xampp\\htdocs...')
#2 C:\xampp\htdocs\lab12_Iuran_KAS_RT_php_ci\ci4\system\View\View.php(213): CodeIgniter\View\View->CodeIgniter\View\{closure}()
#3 C:\xampp\htdocs\lab12_Iuran_KAS_RT_php_ci\ci4\system\Common.php(1089): CodeIgniter\View\View->render('iuran_view', Array, true)
#4 C:\xampp\htdocs\lab12_Iuran_KAS_RT_php_ci\ci4\app\Controllers\iuran.php(13): view('iuran_view', Array)
#5 C:\xampp\htdocs\lab12_Iuran_KAS_RT_php_ci\ci4\system\CodeIgniter.php(832): App\Controllers\iuran->index()
#6 C:\xampp\htdocs\lab12_Iuran_KAS_RT_php_ci\ci4\system\CodeIgniter.php(419): CodeIgniter\CodeIgniter->runController(Object(App\Controllers\iuran))
#7 C:\xampp\htdocs\lab12_Iuran_KAS_RT_php_ci\ci4\system\CodeIgniter.php(326): CodeIgniter\CodeIgniter->handleRequest(NULL, Object(Config\Cache), false)
#8 C:\xampp\htdocs\lab12_Iuran_KAS_RT_php_ci\ci4\public\index.php(37): CodeIgniter\CodeIgniter->run()
#9 C:\xampp\htdocs\lab12_Iuran_KAS_RT_php_ci\ci4\system\Commands\Server\rewrite.php(43): require_once('C:\\xampp\\htdocs...')
#10 {main}
CRITICAL - 2022-07-12 09:57:14 --> Undefined variable: warga
#0 C:\xampp\htdocs\lab12_Iuran_KAS_RT_php_ci\ci4\app\Views\iuran_view.php(30): CodeIgniter\Debug\Exceptions->errorHandler(8, 'Undefined varia...', 'C:\\xampp\\htdocs...', 30, Array)
#1 C:\xampp\htdocs\lab12_Iuran_KAS_RT_php_ci\ci4\system\View\View.php(210): include('C:\\xampp\\htdocs...')
#2 C:\xampp\htdocs\lab12_Iuran_KAS_RT_php_ci\ci4\system\View\View.php(213): CodeIgniter\View\View->CodeIgniter\View\{closure}()
#3 C:\xampp\htdocs\lab12_Iuran_KAS_RT_php_ci\ci4\system\Common.php(1089): CodeIgniter\View\View->render('iuran_view', Array, true)
#4 C:\xampp\htdocs\lab12_Iuran_KAS_RT_php_ci\ci4\app\Controllers\iuran.php(13): view('iuran_view', Array)
#5 C:\xampp\htdocs\lab12_Iuran_KAS_RT_php_ci\ci4\system\CodeIgniter.php(832): App\Controllers\iuran->index()
#6 C:\xampp\htdocs\lab12_Iuran_KAS_RT_php_ci\ci4\system\CodeIgniter.php(419): CodeIgniter\CodeIgniter->runController(Object(App\Controllers\iuran))
#7 C:\xampp\htdocs\lab12_Iuran_KAS_RT_php_ci\ci4\system\CodeIgniter.php(326): CodeIgniter\CodeIgniter->handleRequest(NULL, Object(Config\Cache), false)
#8 C:\xampp\htdocs\lab12_Iuran_KAS_RT_php_ci\ci4\public\index.php(37): CodeIgniter\CodeIgniter->run()
#9 C:\xampp\htdocs\lab12_Iuran_KAS_RT_php_ci\ci4\system\Commands\Server\rewrite.php(43): require_once('C:\\xampp\\htdocs...')
#10 {main}
CRITICAL - 2022-07-12 09:57:19 --> Undefined variable: warga
#0 C:\xampp\htdocs\lab12_Iuran_KAS_RT_php_ci\ci4\app\Views\iuran_view.php(30): CodeIgniter\Debug\Exceptions->errorHandler(8, 'Undefined varia...', 'C:\\xampp\\htdocs...', 30, Array)
#1 C:\xampp\htdocs\lab12_Iuran_KAS_RT_php_ci\ci4\system\View\View.php(210): include('C:\\xampp\\htdocs...')
#2 C:\xampp\htdocs\lab12_Iuran_KAS_RT_php_ci\ci4\system\View\View.php(213): CodeIgniter\View\View->CodeIgniter\View\{closure}()
#3 C:\xampp\htdocs\lab12_Iuran_KAS_RT_php_ci\ci4\system\Common.php(1089): CodeIgniter\View\View->render('iuran_view', Array, true)
#4 C:\xampp\htdocs\lab12_Iuran_KAS_RT_php_ci\ci4\app\Controllers\iuran.php(13): view('iuran_view', Array)
#5 C:\xampp\htdocs\lab12_Iuran_KAS_RT_php_ci\ci4\system\CodeIgniter.php(832): App\Controllers\iuran->index()
#6 C:\xampp\htdocs\lab12_Iuran_KAS_RT_php_ci\ci4\system\CodeIgniter.php(419): CodeIgniter\CodeIgniter->runController(Object(App\Controllers\iuran))
#7 C:\xampp\htdocs\lab12_Iuran_KAS_RT_php_ci\ci4\system\CodeIgniter.php(326): CodeIgniter\CodeIgniter->handleRequest(NULL, Object(Config\Cache), false)
#8 C:\xampp\htdocs\lab12_Iuran_KAS_RT_php_ci\ci4\public\index.php(37): CodeIgniter\CodeIgniter->run()
#9 C:\xampp\htdocs\lab12_Iuran_KAS_RT_php_ci\ci4\system\Commands\Server\rewrite.php(43): require_once('C:\\xampp\\htdocs...')
#10 {main}
CRITICAL - 2022-07-12 09:57:20 --> Undefined variable: warga
#0 C:\xampp\htdocs\lab12_Iuran_KAS_RT_php_ci\ci4\app\Views\iuran_view.php(30): CodeIgniter\Debug\Exceptions->errorHandler(8, 'Undefined varia...', 'C:\\xampp\\htdocs...', 30, Array)
#1 C:\xampp\htdocs\lab12_Iuran_KAS_RT_php_ci\ci4\system\View\View.php(210): include('C:\\xampp\\htdocs...')
#2 C:\xampp\htdocs\lab12_Iuran_KAS_RT_php_ci\ci4\system\View\View.php(213): CodeIgniter\View\View->CodeIgniter\View\{closure}()
#3 C:\xampp\htdocs\lab12_Iuran_KAS_RT_php_ci\ci4\system\Common.php(1089): CodeIgniter\View\View->render('iuran_view', Array, true)
#4 C:\xampp\htdocs\lab12_Iuran_KAS_RT_php_ci\ci4\app\Controllers\iuran.php(13): view('iuran_view', Array)
#5 C:\xampp\htdocs\lab12_Iuran_KAS_RT_php_ci\ci4\system\CodeIgniter.php(832): App\Controllers\iuran->index()
#6 C:\xampp\htdocs\lab12_Iuran_KAS_RT_php_ci\ci4\system\CodeIgniter.php(419): CodeIgniter\CodeIgniter->runController(Object(App\Controllers\iuran))
#7 C:\xampp\htdocs\lab12_Iuran_KAS_RT_php_ci\ci4\system\CodeIgniter.php(326): CodeIgniter\CodeIgniter->handleRequest(NULL, Object(Config\Cache), false)
#8 C:\xampp\htdocs\lab12_Iuran_KAS_RT_php_ci\ci4\public\index.php(37): CodeIgniter\CodeIgniter->run()
#9 C:\xampp\htdocs\lab12_Iuran_KAS_RT_php_ci\ci4\system\Commands\Server\rewrite.php(43): require_once('C:\\xampp\\htdocs...')
#10 {main}
CRITICAL - 2022-07-12 09:57:20 --> Undefined variable: warga
#0 C:\xampp\htdocs\lab12_Iuran_KAS_RT_php_ci\ci4\app\Views\iuran_view.php(30): CodeIgniter\Debug\Exceptions->errorHandler(8, 'Undefined varia...', 'C:\\xampp\\htdocs...', 30, Array)
#1 C:\xampp\htdocs\lab12_Iuran_KAS_RT_php_ci\ci4\system\View\View.php(210): include('C:\\xampp\\htdocs...')
#2 C:\xampp\htdocs\lab12_Iuran_KAS_RT_php_ci\ci4\system\View\View.php(213): CodeIgniter\View\View->CodeIgniter\View\{closure}()
#3 C:\xampp\htdocs\lab12_Iuran_KAS_RT_php_ci\ci4\system\Common.php(1089): CodeIgniter\View\View->render('iuran_view', Array, true)
#4 C:\xampp\htdocs\lab12_Iuran_KAS_RT_php_ci\ci4\app\Controllers\iuran.php(13): view('iuran_view', Array)
#5 C:\xampp\htdocs\lab12_Iuran_KAS_RT_php_ci\ci4\system\CodeIgniter.php(832): App\Controllers\iuran->index()
#6 C:\xampp\htdocs\lab12_Iuran_KAS_RT_php_ci\ci4\system\CodeIgniter.php(419): CodeIgniter\CodeIgniter->runController(Object(App\Controllers\iuran))
#7 C:\xampp\htdocs\lab12_Iuran_KAS_RT_php_ci\ci4\system\CodeIgniter.php(326): CodeIgniter\CodeIgniter->handleRequest(NULL, Object(Config\Cache), false)
#8 C:\xampp\htdocs\lab12_Iuran_KAS_RT_php_ci\ci4\public\index.php(37): CodeIgniter\CodeIgniter->run()
#9 C:\xampp\htdocs\lab12_Iuran_KAS_RT_php_ci\ci4\system\Commands\Server\rewrite.php(43): require_once('C:\\xampp\\htdocs...')
#10 {main}
CRITICAL - 2022-07-12 09:57:21 --> Undefined variable: warga
#0 C:\xampp\htdocs\lab12_Iuran_KAS_RT_php_ci\ci4\app\Views\iuran_view.php(30): CodeIgniter\Debug\Exceptions->errorHandler(8, 'Undefined varia...', 'C:\\xampp\\htdocs...', 30, Array)
#1 C:\xampp\htdocs\lab12_Iuran_KAS_RT_php_ci\ci4\system\View\View.php(210): include('C:\\xampp\\htdocs...')
#2 C:\xampp\htdocs\lab12_Iuran_KAS_RT_php_ci\ci4\system\View\View.php(213): CodeIgniter\View\View->CodeIgniter\View\{closure}()
#3 C:\xampp\htdocs\lab12_Iuran_KAS_RT_php_ci\ci4\system\Common.php(1089): CodeIgniter\View\View->render('iuran_view', Array, true)
#4 C:\xampp\htdocs\lab12_Iuran_KAS_RT_php_ci\ci4\app\Controllers\iuran.php(13): view('iuran_view', Array)
#5 C:\xampp\htdocs\lab12_Iuran_KAS_RT_php_ci\ci4\system\CodeIgniter.php(832): App\Controllers\iuran->index()
#6 C:\xampp\htdocs\lab12_Iuran_KAS_RT_php_ci\ci4\system\CodeIgniter.php(419): CodeIgniter\CodeIgniter->runController(Object(App\Controllers\iuran))
#7 C:\xampp\htdocs\lab12_Iuran_KAS_RT_php_ci\ci4\system\CodeIgniter.php(326): CodeIgniter\CodeIgniter->handleRequest(NULL, Object(Config\Cache), false)
#8 C:\xampp\htdocs\lab12_Iuran_KAS_RT_php_ci\ci4\public\index.php(37): CodeIgniter\CodeIgniter->run()
#9 C:\xampp\htdocs\lab12_Iuran_KAS_RT_php_ci\ci4\system\Commands\Server\rewrite.php(43): require_once('C:\\xampp\\htdocs...')
#10 {main}
CRITICAL - 2022-07-12 09:58:21 --> Undefined variable: warga
#0 C:\xampp\htdocs\lab12_Iuran_KAS_RT_php_ci\ci4\app\Views\iuran_view.php(31): CodeIgniter\Debug\Exceptions->errorHandler(8, 'Undefined varia...', 'C:\\xampp\\htdocs...', 31, Array)
#1 C:\xampp\htdocs\lab12_Iuran_KAS_RT_php_ci\ci4\system\View\View.php(210): include('C:\\xampp\\htdocs...')
#2 C:\xampp\htdocs\lab12_Iuran_KAS_RT_php_ci\ci4\system\View\View.php(213): CodeIgniter\View\View->CodeIgniter\View\{closure}()
#3 C:\xampp\htdocs\lab12_Iuran_KAS_RT_php_ci\ci4\system\Common.php(1089): CodeIgniter\View\View->render('iuran_view', Array, true)
#4 C:\xampp\htdocs\lab12_Iuran_KAS_RT_php_ci\ci4\app\Controllers\iuran.php(13): view('iuran_view', Array)
#5 C:\xampp\htdocs\lab12_Iuran_KAS_RT_php_ci\ci4\system\CodeIgniter.php(832): App\Controllers\iuran->index()
#6 C:\xampp\htdocs\lab12_Iuran_KAS_RT_php_ci\ci4\system\CodeIgniter.php(419): CodeIgniter\CodeIgniter->runController(Object(App\Controllers\iuran))
#7 C:\xampp\htdocs\lab12_Iuran_KAS_RT_php_ci\ci4\system\CodeIgniter.php(326): CodeIgniter\CodeIgniter->handleRequest(NULL, Object(Config\Cache), false)
#8 C:\xampp\htdocs\lab12_Iuran_KAS_RT_php_ci\ci4\public\index.php(37): CodeIgniter\CodeIgniter->run()
#9 C:\xampp\htdocs\lab12_Iuran_KAS_RT_php_ci\ci4\system\Commands\Server\rewrite.php(43): require_once('C:\\xampp\\htdocs...')
#10 {main}
CRITICAL - 2022-07-12 09:58:23 --> Undefined variable: warga
#0 C:\xampp\htdocs\lab12_Iuran_KAS_RT_php_ci\ci4\app\Views\iuran_view.php(31): CodeIgniter\Debug\Exceptions->errorHandler(8, 'Undefined varia...', 'C:\\xampp\\htdocs...', 31, Array)
#1 C:\xampp\htdocs\lab12_Iuran_KAS_RT_php_ci\ci4\system\View\View.php(210): include('C:\\xampp\\htdocs...')
#2 C:\xampp\htdocs\lab12_Iuran_KAS_RT_php_ci\ci4\system\View\View.php(213): CodeIgniter\View\View->CodeIgniter\View\{closure}()
#3 C:\xampp\htdocs\lab12_Iuran_KAS_RT_php_ci\ci4\system\Common.php(1089): CodeIgniter\View\View->render('iuran_view', Array, true)
#4 C:\xampp\htdocs\lab12_Iuran_KAS_RT_php_ci\ci4\app\Controllers\iuran.php(13): view('iuran_view', Array)
#5 C:\xampp\htdocs\lab12_Iuran_KAS_RT_php_ci\ci4\system\CodeIgniter.php(832): App\Controllers\iuran->index()
#6 C:\xampp\htdocs\lab12_Iuran_KAS_RT_php_ci\ci4\system\CodeIgniter.php(419): CodeIgniter\CodeIgniter->runController(Object(App\Controllers\iuran))
#7 C:\xampp\htdocs\lab12_Iuran_KAS_RT_php_ci\ci4\system\CodeIgniter.php(326): CodeIgniter\CodeIgniter->handleRequest(NULL, Object(Config\Cache), false)
#8 C:\xampp\htdocs\lab12_Iuran_KAS_RT_php_ci\ci4\public\index.php(37): CodeIgniter\CodeIgniter->run()
#9 C:\xampp\htdocs\lab12_Iuran_KAS_RT_php_ci\ci4\system\Commands\Server\rewrite.php(43): require_once('C:\\xampp\\htdocs...')
#10 {main}
CRITICAL - 2022-07-12 09:58:24 --> Undefined variable: warga
#0 C:\xampp\htdocs\lab12_Iuran_KAS_RT_php_ci\ci4\app\Views\iuran_view.php(31): CodeIgniter\Debug\Exceptions->errorHandler(8, 'Undefined varia...', 'C:\\xampp\\htdocs...', 31, Array)
#1 C:\xampp\htdocs\lab12_Iuran_KAS_RT_php_ci\ci4\system\View\View.php(210): include('C:\\xampp\\htdocs...')
#2 C:\xampp\htdocs\lab12_Iuran_KAS_RT_php_ci\ci4\system\View\View.php(213): CodeIgniter\View\View->CodeIgniter\View\{closure}()
#3 C:\xampp\htdocs\lab12_Iuran_KAS_RT_php_ci\ci4\system\Common.php(1089): CodeIgniter\View\View->render('iuran_view', Array, true)
#4 C:\xampp\htdocs\lab12_Iuran_KAS_RT_php_ci\ci4\app\Controllers\iuran.php(13): view('iuran_view', Array)
#5 C:\xampp\htdocs\lab12_Iuran_KAS_RT_php_ci\ci4\system\CodeIgniter.php(832): App\Controllers\iuran->index()
#6 C:\xampp\htdocs\lab12_Iuran_KAS_RT_php_ci\ci4\system\CodeIgniter.php(419): CodeIgniter\CodeIgniter->runController(Object(App\Controllers\iuran))
#7 C:\xampp\htdocs\lab12_Iuran_KAS_RT_php_ci\ci4\system\CodeIgniter.php(326): CodeIgniter\CodeIgniter->handleRequest(NULL, Object(Config\Cache), false)
#8 C:\xampp\htdocs\lab12_Iuran_KAS_RT_php_ci\ci4\public\index.php(37): CodeIgniter\CodeIgniter->run()
#9 C:\xampp\htdocs\lab12_Iuran_KAS_RT_php_ci\ci4\system\Commands\Server\rewrite.php(43): require_once('C:\\xampp\\htdocs...')
#10 {main}
CRITICAL - 2022-07-12 09:58:27 --> Undefined variable: warga
#0 C:\xampp\htdocs\lab12_Iuran_KAS_RT_php_ci\ci4\app\Views\iuran_view.php(31): CodeIgniter\Debug\Exceptions->errorHandler(8, 'Undefined varia...', 'C:\\xampp\\htdocs...', 31, Array)
#1 C:\xampp\htdocs\lab12_Iuran_KAS_RT_php_ci\ci4\system\View\View.php(210): include('C:\\xampp\\htdocs...')
#2 C:\xampp\htdocs\lab12_Iuran_KAS_RT_php_ci\ci4\system\View\View.php(213): CodeIgniter\View\View->CodeIgniter\View\{closure}()
#3 C:\xampp\htdocs\lab12_Iuran_KAS_RT_php_ci\ci4\system\Common.php(1089): CodeIgniter\View\View->render('iuran_view', Array, true)
#4 C:\xampp\htdocs\lab12_Iuran_KAS_RT_php_ci\ci4\app\Controllers\iuran.php(13): view('iuran_view', Array)
#5 C:\xampp\htdocs\lab12_Iuran_KAS_RT_php_ci\ci4\system\CodeIgniter.php(832): App\Controllers\iuran->index()
#6 C:\xampp\htdocs\lab12_Iuran_KAS_RT_php_ci\ci4\system\CodeIgniter.php(419): CodeIgniter\CodeIgniter->runController(Object(App\Controllers\iuran))
#7 C:\xampp\htdocs\lab12_Iuran_KAS_RT_php_ci\ci4\system\CodeIgniter.php(326): CodeIgniter\CodeIgniter->handleRequest(NULL, Object(Config\Cache), false)
#8 C:\xampp\htdocs\lab12_Iuran_KAS_RT_php_ci\ci4\public\index.php(37): CodeIgniter\CodeIgniter->run()
#9 C:\xampp\htdocs\lab12_Iuran_KAS_RT_php_ci\ci4\system\Commands\Server\rewrite.php(43): require_once('C:\\xampp\\htdocs...')
#10 {main}
CRITICAL - 2022-07-12 09:59:14 --> Undefined variable: warga
#0 C:\xampp\htdocs\lab12_Iuran_KAS_RT_php_ci\ci4\app\Views\iuran_view.php(30): CodeIgniter\Debug\Exceptions->errorHandler(8, 'Undefined varia...', 'C:\\xampp\\htdocs...', 30, Array)
#1 C:\xampp\htdocs\lab12_Iuran_KAS_RT_php_ci\ci4\system\View\View.php(210): include('C:\\xampp\\htdocs...')
#2 C:\xampp\htdocs\lab12_Iuran_KAS_RT_php_ci\ci4\system\View\View.php(213): CodeIgniter\View\View->CodeIgniter\View\{closure}()
#3 C:\xampp\htdocs\lab12_Iuran_KAS_RT_php_ci\ci4\system\Common.php(1089): CodeIgniter\View\View->render('iuran_view', Array, true)
#4 C:\xampp\htdocs\lab12_Iuran_KAS_RT_php_ci\ci4\app\Controllers\iuran.php(13): view('iuran_view', Array)
#5 C:\xampp\htdocs\lab12_Iuran_KAS_RT_php_ci\ci4\system\CodeIgniter.php(832): App\Controllers\iuran->index()
#6 C:\xampp\htdocs\lab12_Iuran_KAS_RT_php_ci\ci4\system\CodeIgniter.php(419): CodeIgniter\CodeIgniter->runController(Object(App\Controllers\iuran))
#7 C:\xampp\htdocs\lab12_Iuran_KAS_RT_php_ci\ci4\system\CodeIgniter.php(326): CodeIgniter\CodeIgniter->handleRequest(NULL, Object(Config\Cache), false)
#8 C:\xampp\htdocs\lab12_Iuran_KAS_RT_php_ci\ci4\public\index.php(37): CodeIgniter\CodeIgniter->run()
#9 C:\xampp\htdocs\lab12_Iuran_KAS_RT_php_ci\ci4\system\Commands\Server\rewrite.php(43): require_once('C:\\xampp\\htdocs...')
#10 {main}
CRITICAL - 2022-07-12 09:59:21 --> Undefined variable: warga
#0 C:\xampp\htdocs\lab12_Iuran_KAS_RT_php_ci\ci4\app\Views\iuran_view.php(30): CodeIgniter\Debug\Exceptions->errorHandler(8, 'Undefined varia...', 'C:\\xampp\\htdocs...', 30, Array)
#1 C:\xampp\htdocs\lab12_Iuran_KAS_RT_php_ci\ci4\system\View\View.php(210): include('C:\\xampp\\htdocs...')
#2 C:\xampp\htdocs\lab12_Iuran_KAS_RT_php_ci\ci4\system\View\View.php(213): CodeIgniter\View\View->CodeIgniter\View\{closure}()
#3 C:\xampp\htdocs\lab12_Iuran_KAS_RT_php_ci\ci4\system\Common.php(1089): CodeIgniter\View\View->render('iuran_view', Array, true)
#4 C:\xampp\htdocs\lab12_Iuran_KAS_RT_php_ci\ci4\app\Controllers\iuran.php(13): view('iuran_view', Array)
#5 C:\xampp\htdocs\lab12_Iuran_KAS_RT_php_ci\ci4\system\CodeIgniter.php(832): App\Controllers\iuran->index()
#6 C:\xampp\htdocs\lab12_Iuran_KAS_RT_php_ci\ci4\system\CodeIgniter.php(419): CodeIgniter\CodeIgniter->runController(Object(App\Controllers\iuran))
#7 C:\xampp\htdocs\lab12_Iuran_KAS_RT_php_ci\ci4\system\CodeIgniter.php(326): CodeIgniter\CodeIgniter->handleRequest(NULL, Object(Config\Cache), false)
#8 C:\xampp\htdocs\lab12_Iuran_KAS_RT_php_ci\ci4\public\index.php(37): CodeIgniter\CodeIgniter->run()
#9 C:\xampp\htdocs\lab12_Iuran_KAS_RT_php_ci\ci4\system\Commands\Server\rewrite.php(43): require_once('C:\\xampp\\htdocs...')
#10 {main}
CRITICAL - 2022-07-12 10:02:51 --> Undefined variable: warga
#0 C:\xampp\htdocs\lab12_Iuran_KAS_RT_php_ci\ci4\app\Views\iuran_view.php(30): CodeIgniter\Debug\Exceptions->errorHandler(8, 'Undefined varia...', 'C:\\xampp\\htdocs...', 30, Array)
#1 C:\xampp\htdocs\lab12_Iuran_KAS_RT_php_ci\ci4\system\View\View.php(210): include('C:\\xampp\\htdocs...')
#2 C:\xampp\htdocs\lab12_Iuran_KAS_RT_php_ci\ci4\system\View\View.php(213): CodeIgniter\View\View->CodeIgniter\View\{closure}()
#3 C:\xampp\htdocs\lab12_Iuran_KAS_RT_php_ci\ci4\system\Common.php(1089): CodeIgniter\View\View->render('iuran_view', Array, true)
#4 C:\xampp\htdocs\lab12_Iuran_KAS_RT_php_ci\ci4\app\Controllers\iuran.php(13): view('iuran_view', Array)
#5 C:\xampp\htdocs\lab12_Iuran_KAS_RT_php_ci\ci4\system\CodeIgniter.php(832): App\Controllers\iuran->index()
#6 C:\xampp\htdocs\lab12_Iuran_KAS_RT_php_ci\ci4\system\CodeIgniter.php(419): CodeIgniter\CodeIgniter->runController(Object(App\Controllers\iuran))
#7 C:\xampp\htdocs\lab12_Iuran_KAS_RT_php_ci\ci4\system\CodeIgniter.php(326): CodeIgniter\CodeIgniter->handleRequest(NULL, Object(Config\Cache), false)
#8 C:\xampp\htdocs\lab12_Iuran_KAS_RT_php_ci\ci4\public\index.php(37): CodeIgniter\CodeIgniter->run()
#9 C:\xampp\htdocs\lab12_Iuran_KAS_RT_php_ci\ci4\system\Commands\Server\rewrite.php(43): require_once('C:\\xampp\\htdocs...')
#10 {main}
CRITICAL - 2022-07-12 10:02:55 --> Undefined variable: warga
#0 C:\xampp\htdocs\lab12_Iuran_KAS_RT_php_ci\ci4\app\Views\iuran_view.php(30): CodeIgniter\Debug\Exceptions->errorHandler(8, 'Undefined varia...', 'C:\\xampp\\htdocs...', 30, Array)
#1 C:\xampp\htdocs\lab12_Iuran_KAS_RT_php_ci\ci4\system\View\View.php(210): include('C:\\xampp\\htdocs...')
#2 C:\xampp\htdocs\lab12_Iuran_KAS_RT_php_ci\ci4\system\View\View.php(213): CodeIgniter\View\View->CodeIgniter\View\{closure}()
#3 C:\xampp\htdocs\lab12_Iuran_KAS_RT_php_ci\ci4\system\Common.php(1089): CodeIgniter\View\View->render('iuran_view', Array, true)
#4 C:\xampp\htdocs\lab12_Iuran_KAS_RT_php_ci\ci4\app\Controllers\iuran.php(13): view('iuran_view', Array)
#5 C:\xampp\htdocs\lab12_Iuran_KAS_RT_php_ci\ci4\system\CodeIgniter.php(832): App\Controllers\iuran->index()
#6 C:\xampp\htdocs\lab12_Iuran_KAS_RT_php_ci\ci4\system\CodeIgniter.php(419): CodeIgniter\CodeIgniter->runController(Object(App\Controllers\iuran))
#7 C:\xampp\htdocs\lab12_Iuran_KAS_RT_php_ci\ci4\system\CodeIgniter.php(326): CodeIgniter\CodeIgniter->handleRequest(NULL, Object(Config\Cache), false)
#8 C:\xampp\htdocs\lab12_Iuran_KAS_RT_php_ci\ci4\public\index.php(37): CodeIgniter\CodeIgniter->run()
#9 C:\xampp\htdocs\lab12_Iuran_KAS_RT_php_ci\ci4\system\Commands\Server\rewrite.php(43): require_once('C:\\xampp\\htdocs...')
#10 {main}
CRITICAL - 2022-07-12 10:04:23 --> Undefined variable: HTTP_RAW_POST_DATA
#0 C:\xampp\htdocs\lab12_Iuran_KAS_RT_php_ci\ci4\app\Views\iuran_view.php(30): CodeIgniter\Debug\Exceptions->errorHandler(8, 'Undefined varia...', 'C:\\xampp\\htdocs...', 30, Array)
#1 C:\xampp\htdocs\lab12_Iuran_KAS_RT_php_ci\ci4\system\View\View.php(210): include('C:\\xampp\\htdocs...')
#2 C:\xampp\htdocs\lab12_Iuran_KAS_RT_php_ci\ci4\system\View\View.php(213): CodeIgniter\View\View->CodeIgniter\View\{closure}()
#3 C:\xampp\htdocs\lab12_Iuran_KAS_RT_php_ci\ci4\system\Common.php(1089): CodeIgniter\View\View->render('iuran_view', Array, true)
#4 C:\xampp\htdocs\lab12_Iuran_KAS_RT_php_ci\ci4\app\Controllers\iuran.php(13): view('iuran_view', Array)
#5 C:\xampp\htdocs\lab12_Iuran_KAS_RT_php_ci\ci4\system\CodeIgniter.php(832): App\Controllers\iuran->index()
#6 C:\xampp\htdocs\lab12_Iuran_KAS_RT_php_ci\ci4\system\CodeIgniter.php(419): CodeIgniter\CodeIgniter->runController(Object(App\Controllers\iuran))
#7 C:\xampp\htdocs\lab12_Iuran_KAS_RT_php_ci\ci4\system\CodeIgniter.php(326): CodeIgniter\CodeIgniter->handleRequest(NULL, Object(Config\Cache), false)
#8 C:\xampp\htdocs\lab12_Iuran_KAS_RT_php_ci\ci4\public\index.php(37): CodeIgniter\CodeIgniter->run()
#9 C:\xampp\htdocs\lab12_Iuran_KAS_RT_php_ci\ci4\system\Commands\Server\rewrite.php(43): require_once('C:\\xampp\\htdocs...')
#10 {main}
CRITICAL - 2022-07-12 10:04:41 --> Undefined variable: data
#0 C:\xampp\htdocs\lab12_Iuran_KAS_RT_php_ci\ci4\app\Views\iuran_view.php(30): CodeIgniter\Debug\Exceptions->errorHandler(8, 'Undefined varia...', 'C:\\xampp\\htdocs...', 30, Array)
#1 C:\xampp\htdocs\lab12_Iuran_KAS_RT_php_ci\ci4\system\View\View.php(210): include('C:\\xampp\\htdocs...')
#2 C:\xampp\htdocs\lab12_Iuran_KAS_RT_php_ci\ci4\system\View\View.php(213): CodeIgniter\View\View->CodeIgniter\View\{closure}()
#3 C:\xampp\htdocs\lab12_Iuran_KAS_RT_php_ci\ci4\system\Common.php(1089): CodeIgniter\View\View->render('iuran_view', Array, true)
#4 C:\xampp\htdocs\lab12_Iuran_KAS_RT_php_ci\ci4\app\Controllers\iuran.php(13): view('iuran_view', Array)
#5 C:\xampp\htdocs\lab12_Iuran_KAS_RT_php_ci\ci4\system\CodeIgniter.php(832): App\Controllers\iuran->index()
#6 C:\xampp\htdocs\lab12_Iuran_KAS_RT_php_ci\ci4\system\CodeIgniter.php(419): CodeIgniter\CodeIgniter->runController(Object(App\Controllers\iuran))
#7 C:\xampp\htdocs\lab12_Iuran_KAS_RT_php_ci\ci4\system\CodeIgniter.php(326): CodeIgniter\CodeIgniter->handleRequest(NULL, Object(Config\Cache), false)
#8 C:\xampp\htdocs\lab12_Iuran_KAS_RT_php_ci\ci4\public\index.php(37): CodeIgniter\CodeIgniter->run()
#9 C:\xampp\htdocs\lab12_Iuran_KAS_RT_php_ci\ci4\system\Commands\Server\rewrite.php(43): require_once('C:\\xampp\\htdocs...')
#10 {main}
CRITICAL - 2022-07-12 10:06:41 --> Undefined variable: getwarga
#0 C:\xampp\htdocs\lab12_Iuran_KAS_RT_php_ci\ci4\app\Views\iuran_view.php(30): CodeIgniter\Debug\Exceptions->errorHandler(8, 'Undefined varia...', 'C:\\xampp\\htdocs...', 30, Array)
#1 C:\xampp\htdocs\lab12_Iuran_KAS_RT_php_ci\ci4\system\View\View.php(210): include('C:\\xampp\\htdocs...')
#2 C:\xampp\htdocs\lab12_Iuran_KAS_RT_php_ci\ci4\system\View\View.php(213): CodeIgniter\View\View->CodeIgniter\View\{closure}()
#3 C:\xampp\htdocs\lab12_Iuran_KAS_RT_php_ci\ci4\system\Common.php(1089): CodeIgniter\View\View->render('iuran_view', Array, true)
#4 C:\xampp\htdocs\lab12_Iuran_KAS_RT_php_ci\ci4\app\Controllers\iuran.php(13): view('iuran_view', Array)
#5 C:\xampp\htdocs\lab12_Iuran_KAS_RT_php_ci\ci4\system\CodeIgniter.php(832): App\Controllers\iuran->index()
#6 C:\xampp\htdocs\lab12_Iuran_KAS_RT_php_ci\ci4\system\CodeIgniter.php(419): CodeIgniter\CodeIgniter->runController(Object(App\Controllers\iuran))
#7 C:\xampp\htdocs\lab12_Iuran_KAS_RT_php_ci\ci4\system\CodeIgniter.php(326): CodeIgniter\CodeIgniter->handleRequest(NULL, Object(Config\Cache), false)
#8 C:\xampp\htdocs\lab12_Iuran_KAS_RT_php_ci\ci4\public\index.php(37): CodeIgniter\CodeIgniter->run()
#9 C:\xampp\htdocs\lab12_Iuran_KAS_RT_php_ci\ci4\system\Commands\Server\rewrite.php(43): require_once('C:\\xampp\\htdocs...')
#10 {main}
CRITICAL - 2022-07-12 10:06:43 --> Undefined variable: getwarga
#0 C:\xampp\htdocs\lab12_Iuran_KAS_RT_php_ci\ci4\app\Views\iuran_view.php(30): CodeIgniter\Debug\Exceptions->errorHandler(8, 'Undefined varia...', 'C:\\xampp\\htdocs...', 30, Array)
#1 C:\xampp\htdocs\lab12_Iuran_KAS_RT_php_ci\ci4\system\View\View.php(210): include('C:\\xampp\\htdocs...')
#2 C:\xampp\htdocs\lab12_Iuran_KAS_RT_php_ci\ci4\system\View\View.php(213): CodeIgniter\View\View->CodeIgniter\View\{closure}()
#3 C:\xampp\htdocs\lab12_Iuran_KAS_RT_php_ci\ci4\system\Common.php(1089): CodeIgniter\View\View->render('iuran_view', Array, true)
#4 C:\xampp\htdocs\lab12_Iuran_KAS_RT_php_ci\ci4\app\Controllers\iuran.php(13): view('iuran_view', Array)
#5 C:\xampp\htdocs\lab12_Iuran_KAS_RT_php_ci\ci4\system\CodeIgniter.php(832): App\Controllers\iuran->index()
#6 C:\xampp\htdocs\lab12_Iuran_KAS_RT_php_ci\ci4\system\CodeIgniter.php(419): CodeIgniter\CodeIgniter->runController(Object(App\Controllers\iuran))
#7 C:\xampp\htdocs\lab12_Iuran_KAS_RT_php_ci\ci4\system\CodeIgniter.php(326): CodeIgniter\CodeIgniter->handleRequest(NULL, Object(Config\Cache), false)
#8 C:\xampp\htdocs\lab12_Iuran_KAS_RT_php_ci\ci4\public\index.php(37): CodeIgniter\CodeIgniter->run()
#9 C:\xampp\htdocs\lab12_Iuran_KAS_RT_php_ci\ci4\system\Commands\Server\rewrite.php(43): require_once('C:\\xampp\\htdocs...')
#10 {main}
CRITICAL - 2022-07-12 10:10:37 --> syntax error, unexpected end of file
#0 C:\xampp\htdocs\lab12_Iuran_KAS_RT_php_ci\ci4\system\View\View.php(213): CodeIgniter\View\View->CodeIgniter\View\{closure}()
#1 C:\xampp\htdocs\lab12_Iuran_KAS_RT_php_ci\ci4\system\Common.php(1089): CodeIgniter\View\View->render('iuran_view', Array, true)
#2 C:\xampp\htdocs\lab12_Iuran_KAS_RT_php_ci\ci4\app\Controllers\iuran.php(13): view('iuran_view', Array)
#3 C:\xampp\htdocs\lab12_Iuran_KAS_RT_php_ci\ci4\system\CodeIgniter.php(832): App\Controllers\iuran->index()
#4 C:\xampp\htdocs\lab12_Iuran_KAS_RT_php_ci\ci4\system\CodeIgniter.php(419): CodeIgniter\CodeIgniter->runController(Object(App\Controllers\iuran))
#5 C:\xampp\htdocs\lab12_Iuran_KAS_RT_php_ci\ci4\system\CodeIgniter.php(326): CodeIgniter\CodeIgniter->handleRequest(NULL, Object(Config\Cache), false)
#6 C:\xampp\htdocs\lab12_Iuran_KAS_RT_php_ci\ci4\public\index.php(37): CodeIgniter\CodeIgniter->run()
#7 C:\xampp\htdocs\lab12_Iuran_KAS_RT_php_ci\ci4\system\Commands\Server\rewrite.php(43): require_once('C:\\xampp\\htdocs...')
#8 {main}
CRITICAL - 2022-07-12 10:11:24 --> Undefined variable: gewarga
#0 C:\xampp\htdocs\lab12_Iuran_KAS_RT_php_ci\ci4\app\Views\iuran_view.php(47): CodeIgniter\Debug\Exceptions->errorHandler(8, 'Undefined varia...', 'C:\\xampp\\htdocs...', 47, Array)
#1 C:\xampp\htdocs\lab12_Iuran_KAS_RT_php_ci\ci4\system\View\View.php(210): include('C:\\xampp\\htdocs...')
#2 C:\xampp\htdocs\lab12_Iuran_KAS_RT_php_ci\ci4\system\View\View.php(213): CodeIgniter\View\View->CodeIgniter\View\{closure}()
#3 C:\xampp\htdocs\lab12_Iuran_KAS_RT_php_ci\ci4\system\Common.php(1089): CodeIgniter\View\View->render('iuran_view', Array, true)
#4 C:\xampp\htdocs\lab12_Iuran_KAS_RT_php_ci\ci4\app\Controllers\iuran.php(13): view('iuran_view', Array)
#5 C:\xampp\htdocs\lab12_Iuran_KAS_RT_php_ci\ci4\system\CodeIgniter.php(832): App\Controllers\iuran->index()
#6 C:\xampp\htdocs\lab12_Iuran_KAS_RT_php_ci\ci4\system\CodeIgniter.php(419): CodeIgniter\CodeIgniter->runController(Object(App\Controllers\iuran))
#7 C:\xampp\htdocs\lab12_Iuran_KAS_RT_php_ci\ci4\system\CodeIgniter.php(326): CodeIgniter\CodeIgniter->handleRequest(NULL, Object(Config\Cache), false)
#8 C:\xampp\htdocs\lab12_Iuran_KAS_RT_php_ci\ci4\public\index.php(37): CodeIgniter\CodeIgniter->run()
#9 C:\xampp\htdocs\lab12_Iuran_KAS_RT_php_ci\ci4\system\Commands\Server\rewrite.php(43): require_once('C:\\xampp\\htdocs...')
#10 {main}
CRITICAL - 2022-07-12 10:11:41 --> Undefined variable: getwarga
#0 C:\xampp\htdocs\lab12_Iuran_KAS_RT_php_ci\ci4\app\Views\iuran_view.php(47): CodeIgniter\Debug\Exceptions->errorHandler(8, 'Undefined varia...', 'C:\\xampp\\htdocs...', 47, Array)
#1 C:\xampp\htdocs\lab12_Iuran_KAS_RT_php_ci\ci4\system\View\View.php(210): include('C:\\xampp\\htdocs...')
#2 C:\xampp\htdocs\lab12_Iuran_KAS_RT_php_ci\ci4\system\View\View.php(213): CodeIgniter\View\View->CodeIgniter\View\{closure}()
#3 C:\xampp\htdocs\lab12_Iuran_KAS_RT_php_ci\ci4\system\Common.php(1089): CodeIgniter\View\View->render('iuran_view', Array, true)
#4 C:\xampp\htdocs\lab12_Iuran_KAS_RT_php_ci\ci4\app\Controllers\iuran.php(13): view('iuran_view', Array)
#5 C:\xampp\htdocs\lab12_Iuran_KAS_RT_php_ci\ci4\system\CodeIgniter.php(832): App\Controllers\iuran->index()
#6 C:\xampp\htdocs\lab12_Iuran_KAS_RT_php_ci\ci4\system\CodeIgniter.php(419): CodeIgniter\CodeIgniter->runController(Object(App\Controllers\iuran))
#7 C:\xampp\htdocs\lab12_Iuran_KAS_RT_php_ci\ci4\system\CodeIgniter.php(326): CodeIgniter\CodeIgniter->handleRequest(NULL, Object(Config\Cache), false)
#8 C:\xampp\htdocs\lab12_Iuran_KAS_RT_php_ci\ci4\public\index.php(37): CodeIgniter\CodeIgniter->run()
#9 C:\xampp\htdocs\lab12_Iuran_KAS_RT_php_ci\ci4\system\Commands\Server\rewrite.php(43): require_once('C:\\xampp\\htdocs...')
#10 {main}
CRITICAL - 2022-07-12 10:11:42 --> Undefined variable: getwarga
#0 C:\xampp\htdocs\lab12_Iuran_KAS_RT_php_ci\ci4\app\Views\iuran_view.php(47): CodeIgniter\Debug\Exceptions->errorHandler(8, 'Undefined varia...', 'C:\\xampp\\htdocs...', 47, Array)
#1 C:\xampp\htdocs\lab12_Iuran_KAS_RT_php_ci\ci4\system\View\View.php(210): include('C:\\xampp\\htdocs...')
#2 C:\xampp\htdocs\lab12_Iuran_KAS_RT_php_ci\ci4\system\View\View.php(213): CodeIgniter\View\View->CodeIgniter\View\{closure}()
#3 C:\xampp\htdocs\lab12_Iuran_KAS_RT_php_ci\ci4\system\Common.php(1089): CodeIgniter\View\View->render('iuran_view', Array, true)
#4 C:\xampp\htdocs\lab12_Iuran_KAS_RT_php_ci\ci4\app\Controllers\iuran.php(13): view('iuran_view', Array)
#5 C:\xampp\htdocs\lab12_Iuran_KAS_RT_php_ci\ci4\system\CodeIgniter.php(832): App\Controllers\iuran->index()
#6 C:\xampp\htdocs\lab12_Iuran_KAS_RT_php_ci\ci4\system\CodeIgniter.php(419): CodeIgniter\CodeIgniter->runController(Object(App\Controllers\iuran))
#7 C:\xampp\htdocs\lab12_Iuran_KAS_RT_php_ci\ci4\system\CodeIgniter.php(326): CodeIgniter\CodeIgniter->handleRequest(NULL, Object(Config\Cache), false)
#8 C:\xampp\htdocs\lab12_Iuran_KAS_RT_php_ci\ci4\public\index.php(37): CodeIgniter\CodeIgniter->run()
#9 C:\xampp\htdocs\lab12_Iuran_KAS_RT_php_ci\ci4\system\Commands\Server\rewrite.php(43): require_once('C:\\xampp\\htdocs...')
#10 {main}
CRITICAL - 2022-07-12 10:11:43 --> Undefined variable: getwarga
#0 C:\xampp\htdocs\lab12_Iuran_KAS_RT_php_ci\ci4\app\Views\iuran_view.php(47): CodeIgniter\Debug\Exceptions->errorHandler(8, 'Undefined varia...', 'C:\\xampp\\htdocs...', 47, Array)
#1 C:\xampp\htdocs\lab12_Iuran_KAS_RT_php_ci\ci4\system\View\View.php(210): include('C:\\xampp\\htdocs...')
#2 C:\xampp\htdocs\lab12_Iuran_KAS_RT_php_ci\ci4\system\View\View.php(213): CodeIgniter\View\View->CodeIgniter\View\{closure}()
#3 C:\xampp\htdocs\lab12_Iuran_KAS_RT_php_ci\ci4\system\Common.php(1089): CodeIgniter\View\View->render('iuran_view', Array, true)
#4 C:\xampp\htdocs\lab12_Iuran_KAS_RT_php_ci\ci4\app\Controllers\iuran.php(13): view('iuran_view', Array)
#5 C:\xampp\htdocs\lab12_Iuran_KAS_RT_php_ci\ci4\system\CodeIgniter.php(832): App\Controllers\iuran->index()
#6 C:\xampp\htdocs\lab12_Iuran_KAS_RT_php_ci\ci4\system\CodeIgniter.php(419): CodeIgniter\CodeIgniter->runController(Object(App\Controllers\iuran))
#7 C:\xampp\htdocs\lab12_Iuran_KAS_RT_php_ci\ci4\system\CodeIgniter.php(326): CodeIgniter\CodeIgniter->handleRequest(NULL, Object(Config\Cache), false)
#8 C:\xampp\htdocs\lab12_Iuran_KAS_RT_php_ci\ci4\public\index.php(37): CodeIgniter\CodeIgniter->run()
#9 C:\xampp\htdocs\lab12_Iuran_KAS_RT_php_ci\ci4\system\Commands\Server\rewrite.php(43): require_once('C:\\xampp\\htdocs...')
#10 {main}
CRITICAL - 2022-07-12 10:11:44 --> Undefined variable: getwarga
#0 C:\xampp\htdocs\lab12_Iuran_KAS_RT_php_ci\ci4\app\Views\iuran_view.php(47): CodeIgniter\Debug\Exceptions->errorHandler(8, 'Undefined varia...', 'C:\\xampp\\htdocs...', 47, Array)
#1 C:\xampp\htdocs\lab12_Iuran_KAS_RT_php_ci\ci4\system\View\View.php(210): include('C:\\xampp\\htdocs...')
#2 C:\xampp\htdocs\lab12_Iuran_KAS_RT_php_ci\ci4\system\View\View.php(213): CodeIgniter\View\View->CodeIgniter\View\{closure}()
#3 C:\xampp\htdocs\lab12_Iuran_KAS_RT_php_ci\ci4\system\Common.php(1089): CodeIgniter\View\View->render('iuran_view', Array, true)
#4 C:\xampp\htdocs\lab12_Iuran_KAS_RT_php_ci\ci4\app\Controllers\iuran.php(13): view('iuran_view', Array)
#5 C:\xampp\htdocs\lab12_Iuran_KAS_RT_php_ci\ci4\system\CodeIgniter.php(832): App\Controllers\iuran->index()
#6 C:\xampp\htdocs\lab12_Iuran_KAS_RT_php_ci\ci4\system\CodeIgniter.php(419): CodeIgniter\CodeIgniter->runController(Object(App\Controllers\iuran))
#7 C:\xampp\htdocs\lab12_Iuran_KAS_RT_php_ci\ci4\system\CodeIgniter.php(326): CodeIgniter\CodeIgniter->handleRequest(NULL, Object(Config\Cache), false)
#8 C:\xampp\htdocs\lab12_Iuran_KAS_RT_php_ci\ci4\public\index.php(37): CodeIgniter\CodeIgniter->run()
#9 C:\xampp\htdocs\lab12_Iuran_KAS_RT_php_ci\ci4\system\Commands\Server\rewrite.php(43): require_once('C:\\xampp\\htdocs...')
#10 {main}
CRITICAL - 2022-07-12 10:13:46 --> Undefined variable: getwarga
#0 C:\xampp\htdocs\lab12_Iuran_KAS_RT_php_ci\ci4\app\Views\iuran_view.php(47): CodeIgniter\Debug\Exceptions->errorHandler(8, 'Undefined varia...', 'C:\\xampp\\htdocs...', 47, Array)
#1 C:\xampp\htdocs\lab12_Iuran_KAS_RT_php_ci\ci4\system\View\View.php(210): include('C:\\xampp\\htdocs...')
#2 C:\xampp\htdocs\lab12_Iuran_KAS_RT_php_ci\ci4\system\View\View.php(213): CodeIgniter\View\View->CodeIgniter\View\{closure}()
#3 C:\xampp\htdocs\lab12_Iuran_KAS_RT_php_ci\ci4\system\Common.php(1089): CodeIgniter\View\View->render('iuran_view', Array, true)
#4 C:\xampp\htdocs\lab12_Iuran_KAS_RT_php_ci\ci4\app\Controllers\iuran.php(13): view('iuran_view', Array)
#5 C:\xampp\htdocs\lab12_Iuran_KAS_RT_php_ci\ci4\system\CodeIgniter.php(832): App\Controllers\iuran->index()
#6 C:\xampp\htdocs\lab12_Iuran_KAS_RT_php_ci\ci4\system\CodeIgniter.php(419): CodeIgniter\CodeIgniter->runController(Object(App\Controllers\iuran))
#7 C:\xampp\htdocs\lab12_Iuran_KAS_RT_php_ci\ci4\system\CodeIgniter.php(326): CodeIgniter\CodeIgniter->handleRequest(NULL, Object(Config\Cache), false)
#8 C:\xampp\htdocs\lab12_Iuran_KAS_RT_php_ci\ci4\public\index.php(37): CodeIgniter\CodeIgniter->run()
#9 C:\xampp\htdocs\lab12_Iuran_KAS_RT_php_ci\ci4\system\Commands\Server\rewrite.php(43): require_once('C:\\xampp\\htdocs...')
#10 {main}
CRITICAL - 2022-07-12 10:15:30 --> Undefined index: warga
#0 C:\xampp\htdocs\lab12_Iuran_KAS_RT_php_ci\ci4\app\Views\iuran_view.php(48): CodeIgniter\Debug\Exceptions->errorHandler(8, 'Undefined index...', 'C:\\xampp\\htdocs...', 48, Array)
#1 C:\xampp\htdocs\lab12_Iuran_KAS_RT_php_ci\ci4\system\View\View.php(210): include('C:\\xampp\\htdocs...')
#2 C:\xampp\htdocs\lab12_Iuran_KAS_RT_php_ci\ci4\system\View\View.php(213): CodeIgniter\View\View->CodeIgniter\View\{closure}()
#3 C:\xampp\htdocs\lab12_Iuran_KAS_RT_php_ci\ci4\system\Common.php(1089): CodeIgniter\View\View->render('iuran_view', Array, true)
#4 C:\xampp\htdocs\lab12_Iuran_KAS_RT_php_ci\ci4\app\Controllers\iuran.php(13): view('iuran_view', Array)
#5 C:\xampp\htdocs\lab12_Iuran_KAS_RT_php_ci\ci4\system\CodeIgniter.php(832): App\Controllers\iuran->index()
#6 C:\xampp\htdocs\lab12_Iuran_KAS_RT_php_ci\ci4\system\CodeIgniter.php(419): CodeIgniter\CodeIgniter->runController(Object(App\Controllers\iuran))
#7 C:\xampp\htdocs\lab12_Iuran_KAS_RT_php_ci\ci4\system\CodeIgniter.php(326): CodeIgniter\CodeIgniter->handleRequest(NULL, Object(Config\Cache), false)
#8 C:\xampp\htdocs\lab12_Iuran_KAS_RT_php_ci\ci4\public\index.php(37): CodeIgniter\CodeIgniter->run()
#9 C:\xampp\htdocs\lab12_Iuran_KAS_RT_php_ci\ci4\system\Commands\Server\rewrite.php(43): require_once('C:\\xampp\\htdocs...')
#10 {main}
CRITICAL - 2022-07-12 10:18:18 --> Undefined variable: isi2
#0 C:\xampp\htdocs\lab12_Iuran_KAS_RT_php_ci\ci4\app\Views\iuran_view.php(48): CodeIgniter\Debug\Exceptions->errorHandler(8, 'Undefined varia...', 'C:\\xampp\\htdocs...', 48, Array)
#1 C:\xampp\htdocs\lab12_Iuran_KAS_RT_php_ci\ci4\system\View\View.php(210): include('C:\\xampp\\htdocs...')
#2 C:\xampp\htdocs\lab12_Iuran_KAS_RT_php_ci\ci4\system\View\View.php(213): CodeIgniter\View\View->CodeIgniter\View\{closure}()
#3 C:\xampp\htdocs\lab12_Iuran_KAS_RT_php_ci\ci4\system\Common.php(1089): CodeIgniter\View\View->render('iuran_view', Array, true)
#4 C:\xampp\htdocs\lab12_Iuran_KAS_RT_php_ci\ci4\app\Controllers\iuran.php(13): view('iuran_view', Array)
#5 C:\xampp\htdocs\lab12_Iuran_KAS_RT_php_ci\ci4\system\CodeIgniter.php(832): App\Controllers\iuran->index()
#6 C:\xampp\htdocs\lab12_Iuran_KAS_RT_php_ci\ci4\system\CodeIgniter.php(419): CodeIgniter\CodeIgniter->runController(Object(App\Controllers\iuran))
#7 C:\xampp\htdocs\lab12_Iuran_KAS_RT_php_ci\ci4\system\CodeIgniter.php(326): CodeIgniter\CodeIgniter->handleRequest(NULL, Object(Config\Cache), false)
#8 C:\xampp\htdocs\lab12_Iuran_KAS_RT_php_ci\ci4\public\index.php(37): CodeIgniter\CodeIgniter->run()
#9 C:\xampp\htdocs\lab12_Iuran_KAS_RT_php_ci\ci4\system\Commands\Server\rewrite.php(43): require_once('C:\\xampp\\htdocs...')
#10 {main}
CRITICAL - 2022-07-12 10:18:43 --> Undefined variable: isi2
#0 C:\xampp\htdocs\lab12_Iuran_KAS_RT_php_ci\ci4\app\Views\iuran_view.php(48): CodeIgniter\Debug\Exceptions->errorHandler(8, 'Undefined varia...', 'C:\\xampp\\htdocs...', 48, Array)
#1 C:\xampp\htdocs\lab12_Iuran_KAS_RT_php_ci\ci4\system\View\View.php(210): include('C:\\xampp\\htdocs...')
#2 C:\xampp\htdocs\lab12_Iuran_KAS_RT_php_ci\ci4\system\View\View.php(213): CodeIgniter\View\View->CodeIgniter\View\{closure}()
#3 C:\xampp\htdocs\lab12_Iuran_KAS_RT_php_ci\ci4\system\Common.php(1089): CodeIgniter\View\View->render('iuran_view', Array, true)
#4 C:\xampp\htdocs\lab12_Iuran_KAS_RT_php_ci\ci4\app\Controllers\iuran.php(13): view('iuran_view', Array)
#5 C:\xampp\htdocs\lab12_Iuran_KAS_RT_php_ci\ci4\system\CodeIgniter.php(832): App\Controllers\iuran->index()
#6 C:\xampp\htdocs\lab12_Iuran_KAS_RT_php_ci\ci4\system\CodeIgniter.php(419): CodeIgniter\CodeIgniter->runController(Object(App\Controllers\iuran))
#7 C:\xampp\htdocs\lab12_Iuran_KAS_RT_php_ci\ci4\system\CodeIgniter.php(326): CodeIgniter\CodeIgniter->handleRequest(NULL, Object(Config\Cache), false)
#8 C:\xampp\htdocs\lab12_Iuran_KAS_RT_php_ci\ci4\public\index.php(37): CodeIgniter\CodeIgniter->run()
#9 C:\xampp\htdocs\lab12_Iuran_KAS_RT_php_ci\ci4\system\Commands\Server\rewrite.php(43): require_once('C:\\xampp\\htdocs...')
#10 {main}
CRITICAL - 2022-07-12 10:18:45 --> Undefined variable: isi2
#0 C:\xampp\htdocs\lab12_Iuran_KAS_RT_php_ci\ci4\app\Views\iuran_view.php(48): CodeIgniter\Debug\Exceptions->errorHandler(8, 'Undefined varia...', 'C:\\xampp\\htdocs...', 48, Array)
#1 C:\xampp\htdocs\lab12_Iuran_KAS_RT_php_ci\ci4\system\View\View.php(210): include('C:\\xampp\\htdocs...')
#2 C:\xampp\htdocs\lab12_Iuran_KAS_RT_php_ci\ci4\system\View\View.php(213): CodeIgniter\View\View->CodeIgniter\View\{closure}()
#3 C:\xampp\htdocs\lab12_Iuran_KAS_RT_php_ci\ci4\system\Common.php(1089): CodeIgniter\View\View->render('iuran_view', Array, true)
#4 C:\xampp\htdocs\lab12_Iuran_KAS_RT_php_ci\ci4\app\Controllers\iuran.php(13): view('iuran_view', Array)
#5 C:\xampp\htdocs\lab12_Iuran_KAS_RT_php_ci\ci4\system\CodeIgniter.php(832): App\Controllers\iuran->index()
#6 C:\xampp\htdocs\lab12_Iuran_KAS_RT_php_ci\ci4\system\CodeIgniter.php(419): CodeIgniter\CodeIgniter->runController(Object(App\Controllers\iuran))
#7 C:\xampp\htdocs\lab12_Iuran_KAS_RT_php_ci\ci4\system\CodeIgniter.php(326): CodeIgniter\CodeIgniter->handleRequest(NULL, Object(Config\Cache), false)
#8 C:\xampp\htdocs\lab12_Iuran_KAS_RT_php_ci\ci4\public\index.php(37): CodeIgniter\CodeIgniter->run()
#9 C:\xampp\htdocs\lab12_Iuran_KAS_RT_php_ci\ci4\system\Commands\Server\rewrite.php(43): require_once('C:\\xampp\\htdocs...')
#10 {main}
CRITICAL - 2022-07-12 10:18:46 --> Undefined variable: isi2
#0 C:\xampp\htdocs\lab12_Iuran_KAS_RT_php_ci\ci4\app\Views\iuran_view.php(48): CodeIgniter\Debug\Exceptions->errorHandler(8, 'Undefined varia...', 'C:\\xampp\\htdocs...', 48, Array)
#1 C:\xampp\htdocs\lab12_Iuran_KAS_RT_php_ci\ci4\system\View\View.php(210): include('C:\\xampp\\htdocs...')
#2 C:\xampp\htdocs\lab12_Iuran_KAS_RT_php_ci\ci4\system\View\View.php(213): CodeIgniter\View\View->CodeIgniter\View\{closure}()
#3 C:\xampp\htdocs\lab12_Iuran_KAS_RT_php_ci\ci4\system\Common.php(1089): CodeIgniter\View\View->render('iuran_view', Array, true)
#4 C:\xampp\htdocs\lab12_Iuran_KAS_RT_php_ci\ci4\app\Controllers\iuran.php(13): view('iuran_view', Array)
#5 C:\xampp\htdocs\lab12_Iuran_KAS_RT_php_ci\ci4\system\CodeIgniter.php(832): App\Controllers\iuran->index()
#6 C:\xampp\htdocs\lab12_Iuran_KAS_RT_php_ci\ci4\system\CodeIgniter.php(419): CodeIgniter\CodeIgniter->runController(Object(App\Controllers\iuran))
#7 C:\xampp\htdocs\lab12_Iuran_KAS_RT_php_ci\ci4\system\CodeIgniter.php(326): CodeIgniter\CodeIgniter->handleRequest(NULL, Object(Config\Cache), false)
#8 C:\xampp\htdocs\lab12_Iuran_KAS_RT_php_ci\ci4\public\index.php(37): CodeIgniter\CodeIgniter->run()
#9 C:\xampp\htdocs\lab12_Iuran_KAS_RT_php_ci\ci4\system\Commands\Server\rewrite.php(43): require_once('C:\\xampp\\htdocs...')
#10 {main}
