CRITICAL - 2022-07-02 06:57:26 --> Invalid file: warga.php
#0 C:\xampp\htdocs\lab12_Iuran_KAS_RT_php_ci\ci4\system\View\View.php(198): CodeIgniter\Exceptions\FrameworkException::forInvalidFile('warga.php')
#1 C:\xampp\htdocs\lab12_Iuran_KAS_RT_php_ci\ci4\system\Common.php(1089): CodeIgniter\View\View->render('warga', Array, true)
#2 C:\xampp\htdocs\lab12_Iuran_KAS_RT_php_ci\ci4\app\Controllers\page.php(16): view('warga', Array)
#3 C:\xampp\htdocs\lab12_Iuran_KAS_RT_php_ci\ci4\system\CodeIgniter.php(832): App\Controllers\Page->warga()
#4 C:\xampp\htdocs\lab12_Iuran_KAS_RT_php_ci\ci4\system\CodeIgniter.php(419): CodeIgniter\CodeIgniter->runController(Object(App\Controllers\Page))
#5 C:\xampp\htdocs\lab12_Iuran_KAS_RT_php_ci\ci4\system\CodeIgniter.php(326): CodeIgniter\CodeIgniter->handleRequest(NULL, Object(Config\Cache), false)
#6 C:\xampp\htdocs\lab12_Iuran_KAS_RT_php_ci\ci4\public\index.php(37): CodeIgniter\CodeIgniter->run()
#7 C:\xampp\htdocs\lab12_Iuran_KAS_RT_php_ci\ci4\system\Commands\Server\rewrite.php(43): require_once('C:\\xampp\\htdocs...')
#8 {main}
CRITICAL - 2022-07-02 06:57:31 --> Invalid file: warga.php
#0 C:\xampp\htdocs\lab12_Iuran_KAS_RT_php_ci\ci4\system\View\View.php(198): CodeIgniter\Exceptions\FrameworkException::forInvalidFile('warga.php')
#1 C:\xampp\htdocs\lab12_Iuran_KAS_RT_php_ci\ci4\system\Common.php(1089): CodeIgniter\View\View->render('warga', Array, true)
#2 C:\xampp\htdocs\lab12_Iuran_KAS_RT_php_ci\ci4\app\Controllers\page.php(16): view('warga', Array)
#3 C:\xampp\htdocs\lab12_Iuran_KAS_RT_php_ci\ci4\system\CodeIgniter.php(832): App\Controllers\Page->warga()
#4 C:\xampp\htdocs\lab12_Iuran_KAS_RT_php_ci\ci4\system\CodeIgniter.php(419): CodeIgniter\CodeIgniter->runController(Object(App\Controllers\Page))
#5 C:\xampp\htdocs\lab12_Iuran_KAS_RT_php_ci\ci4\system\CodeIgniter.php(326): CodeIgniter\CodeIgniter->handleRequest(NULL, Object(Config\Cache), false)
#6 C:\xampp\htdocs\lab12_Iuran_KAS_RT_php_ci\ci4\public\index.php(37): CodeIgniter\CodeIgniter->run()
#7 C:\xampp\htdocs\lab12_Iuran_KAS_RT_php_ci\ci4\system\Commands\Server\rewrite.php(43): require_once('C:\\xampp\\htdocs...')
#8 {main}
CRITICAL - 2022-07-02 06:57:43 --> Invalid file: warga.php
#0 C:\xampp\htdocs\lab12_Iuran_KAS_RT_php_ci\ci4\system\View\View.php(198): CodeIgniter\Exceptions\FrameworkException::forInvalidFile('warga.php')
#1 C:\xampp\htdocs\lab12_Iuran_KAS_RT_php_ci\ci4\system\Common.php(1089): CodeIgniter\View\View->render('warga', Array, true)
#2 C:\xampp\htdocs\lab12_Iuran_KAS_RT_php_ci\ci4\app\Controllers\page.php(16): view('warga', Array)
#3 C:\xampp\htdocs\lab12_Iuran_KAS_RT_php_ci\ci4\system\CodeIgniter.php(832): App\Controllers\Page->warga()
#4 C:\xampp\htdocs\lab12_Iuran_KAS_RT_php_ci\ci4\system\CodeIgniter.php(419): CodeIgniter\CodeIgniter->runController(Object(App\Controllers\Page))
#5 C:\xampp\htdocs\lab12_Iuran_KAS_RT_php_ci\ci4\system\CodeIgniter.php(326): CodeIgniter\CodeIgniter->handleRequest(NULL, Object(Config\Cache), false)
#6 C:\xampp\htdocs\lab12_Iuran_KAS_RT_php_ci\ci4\public\index.php(37): CodeIgniter\CodeIgniter->run()
#7 C:\xampp\htdocs\lab12_Iuran_KAS_RT_php_ci\ci4\system\Commands\Server\rewrite.php(43): require_once('C:\\xampp\\htdocs...')
#8 {main}
CRITICAL - 2022-07-02 07:01:19 --> Invalid file: warga.php
#0 C:\xampp\htdocs\lab12_Iuran_KAS_RT_php_ci\ci4\system\View\View.php(198): CodeIgniter\Exceptions\FrameworkException::forInvalidFile('warga.php')
#1 C:\xampp\htdocs\lab12_Iuran_KAS_RT_php_ci\ci4\system\Common.php(1089): CodeIgniter\View\View->render('warga', Array, true)
#2 C:\xampp\htdocs\lab12_Iuran_KAS_RT_php_ci\ci4\app\Controllers\page.php(16): view('warga', Array)
#3 C:\xampp\htdocs\lab12_Iuran_KAS_RT_php_ci\ci4\system\CodeIgniter.php(832): App\Controllers\Page->warga()
#4 C:\xampp\htdocs\lab12_Iuran_KAS_RT_php_ci\ci4\system\CodeIgniter.php(419): CodeIgniter\CodeIgniter->runController(Object(App\Controllers\Page))
#5 C:\xampp\htdocs\lab12_Iuran_KAS_RT_php_ci\ci4\system\CodeIgniter.php(326): CodeIgniter\CodeIgniter->handleRequest(NULL, Object(Config\Cache), false)
#6 C:\xampp\htdocs\lab12_Iuran_KAS_RT_php_ci\ci4\public\index.php(37): CodeIgniter\CodeIgniter->run()
#7 C:\xampp\htdocs\lab12_Iuran_KAS_RT_php_ci\ci4\system\Commands\Server\rewrite.php(43): require_once('C:\\xampp\\htdocs...')
#8 {main}
CRITICAL - 2022-07-02 07:43:04 --> Invalid file: warga.php
#0 C:\xampp\htdocs\lab12_Iuran_KAS_RT_php_ci\ci4\system\View\View.php(198): CodeIgniter\Exceptions\FrameworkException::forInvalidFile('warga.php')
#1 C:\xampp\htdocs\lab12_Iuran_KAS_RT_php_ci\ci4\system\Common.php(1089): CodeIgniter\View\View->render('warga', Array, true)
#2 C:\xampp\htdocs\lab12_Iuran_KAS_RT_php_ci\ci4\app\Controllers\page.php(16): view('warga', Array)
#3 C:\xampp\htdocs\lab12_Iuran_KAS_RT_php_ci\ci4\system\CodeIgniter.php(832): App\Controllers\Page->warga()
#4 C:\xampp\htdocs\lab12_Iuran_KAS_RT_php_ci\ci4\system\CodeIgniter.php(419): CodeIgniter\CodeIgniter->runController(Object(App\Controllers\Page))
#5 C:\xampp\htdocs\lab12_Iuran_KAS_RT_php_ci\ci4\system\CodeIgniter.php(326): CodeIgniter\CodeIgniter->handleRequest(NULL, Object(Config\Cache), false)
#6 C:\xampp\htdocs\lab12_Iuran_KAS_RT_php_ci\ci4\public\index.php(37): CodeIgniter\CodeIgniter->run()
#7 C:\xampp\htdocs\lab12_Iuran_KAS_RT_php_ci\ci4\system\Commands\Server\rewrite.php(43): require_once('C:\\xampp\\htdocs...')
#8 {main}
CRITICAL - 2022-07-02 07:43:09 --> Invalid file: warga.php
#0 C:\xampp\htdocs\lab12_Iuran_KAS_RT_php_ci\ci4\system\View\View.php(198): CodeIgniter\Exceptions\FrameworkException::forInvalidFile('warga.php')
#1 C:\xampp\htdocs\lab12_Iuran_KAS_RT_php_ci\ci4\system\Common.php(1089): CodeIgniter\View\View->render('warga', Array, true)
#2 C:\xampp\htdocs\lab12_Iuran_KAS_RT_php_ci\ci4\app\Controllers\page.php(16): view('warga', Array)
#3 C:\xampp\htdocs\lab12_Iuran_KAS_RT_php_ci\ci4\system\CodeIgniter.php(832): App\Controllers\Page->warga()
#4 C:\xampp\htdocs\lab12_Iuran_KAS_RT_php_ci\ci4\system\CodeIgniter.php(419): CodeIgniter\CodeIgniter->runController(Object(App\Controllers\Page))
#5 C:\xampp\htdocs\lab12_Iuran_KAS_RT_php_ci\ci4\system\CodeIgniter.php(326): CodeIgniter\CodeIgniter->handleRequest(NULL, Object(Config\Cache), false)
#6 C:\xampp\htdocs\lab12_Iuran_KAS_RT_php_ci\ci4\public\index.php(37): CodeIgniter\CodeIgniter->run()
#7 C:\xampp\htdocs\lab12_Iuran_KAS_RT_php_ci\ci4\system\Commands\Server\rewrite.php(43): require_once('C:\\xampp\\htdocs...')
#8 {main}
CRITICAL - 2022-07-02 07:43:49 --> Invalid file: warga.php
#0 C:\xampp\htdocs\lab12_Iuran_KAS_RT_php_ci\ci4\system\View\View.php(198): CodeIgniter\Exceptions\FrameworkException::forInvalidFile('warga.php')
#1 C:\xampp\htdocs\lab12_Iuran_KAS_RT_php_ci\ci4\system\Common.php(1089): CodeIgniter\View\View->render('warga', Array, true)
#2 C:\xampp\htdocs\lab12_Iuran_KAS_RT_php_ci\ci4\app\Controllers\page.php(16): view('warga', Array)
#3 C:\xampp\htdocs\lab12_Iuran_KAS_RT_php_ci\ci4\system\CodeIgniter.php(832): App\Controllers\Page->warga()
#4 C:\xampp\htdocs\lab12_Iuran_KAS_RT_php_ci\ci4\system\CodeIgniter.php(419): CodeIgniter\CodeIgniter->runController(Object(App\Controllers\Page))
#5 C:\xampp\htdocs\lab12_Iuran_KAS_RT_php_ci\ci4\system\CodeIgniter.php(326): CodeIgniter\CodeIgniter->handleRequest(NULL, Object(Config\Cache), false)
#6 C:\xampp\htdocs\lab12_Iuran_KAS_RT_php_ci\ci4\public\index.php(37): CodeIgniter\CodeIgniter->run()
#7 C:\xampp\htdocs\lab12_Iuran_KAS_RT_php_ci\ci4\system\Commands\Server\rewrite.php(43): require_once('C:\\xampp\\htdocs...')
#8 {main}
CRITICAL - 2022-07-02 07:44:01 --> Invalid file: warga.php
#0 C:\xampp\htdocs\lab12_Iuran_KAS_RT_php_ci\ci4\system\View\View.php(198): CodeIgniter\Exceptions\FrameworkException::forInvalidFile('warga.php')
#1 C:\xampp\htdocs\lab12_Iuran_KAS_RT_php_ci\ci4\system\Common.php(1089): CodeIgniter\View\View->render('warga', Array, true)
#2 C:\xampp\htdocs\lab12_Iuran_KAS_RT_php_ci\ci4\app\Controllers\page.php(16): view('warga', Array)
#3 C:\xampp\htdocs\lab12_Iuran_KAS_RT_php_ci\ci4\system\CodeIgniter.php(832): App\Controllers\Page->warga()
#4 C:\xampp\htdocs\lab12_Iuran_KAS_RT_php_ci\ci4\system\CodeIgniter.php(419): CodeIgniter\CodeIgniter->runController(Object(App\Controllers\Page))
#5 C:\xampp\htdocs\lab12_Iuran_KAS_RT_php_ci\ci4\system\CodeIgniter.php(326): CodeIgniter\CodeIgniter->handleRequest(NULL, Object(Config\Cache), false)
#6 C:\xampp\htdocs\lab12_Iuran_KAS_RT_php_ci\ci4\public\index.php(37): CodeIgniter\CodeIgniter->run()
#7 C:\xampp\htdocs\lab12_Iuran_KAS_RT_php_ci\ci4\system\Commands\Server\rewrite.php(43): require_once('C:\\xampp\\htdocs...')
#8 {main}
CRITICAL - 2022-07-02 07:49:21 --> Invalid file: warga.php
#0 C:\xampp\htdocs\lab12_Iuran_KAS_RT_php_ci\ci4\system\View\View.php(198): CodeIgniter\Exceptions\FrameworkException::forInvalidFile('warga.php')
#1 C:\xampp\htdocs\lab12_Iuran_KAS_RT_php_ci\ci4\system\Common.php(1089): CodeIgniter\View\View->render('warga', Array, true)
#2 C:\xampp\htdocs\lab12_Iuran_KAS_RT_php_ci\ci4\app\Controllers\page.php(16): view('warga', Array)
#3 C:\xampp\htdocs\lab12_Iuran_KAS_RT_php_ci\ci4\system\CodeIgniter.php(832): App\Controllers\Page->warga()
#4 C:\xampp\htdocs\lab12_Iuran_KAS_RT_php_ci\ci4\system\CodeIgniter.php(419): CodeIgniter\CodeIgniter->runController(Object(App\Controllers\Page))
#5 C:\xampp\htdocs\lab12_Iuran_KAS_RT_php_ci\ci4\system\CodeIgniter.php(326): CodeIgniter\CodeIgniter->handleRequest(NULL, Object(Config\Cache), false)
#6 C:\xampp\htdocs\lab12_Iuran_KAS_RT_php_ci\ci4\public\index.php(37): CodeIgniter\CodeIgniter->run()
#7 C:\xampp\htdocs\lab12_Iuran_KAS_RT_php_ci\ci4\system\Commands\Server\rewrite.php(43): require_once('C:\\xampp\\htdocs...')
#8 {main}
CRITICAL - 2022-07-02 07:49:59 --> Undefined variable: warga
#0 C:\xampp\htdocs\lab12_Iuran_KAS_RT_php_ci\ci4\app\Views\warga.php(2): CodeIgniter\Debug\Exceptions->errorHandler(8, 'Undefined varia...', 'C:\\xampp\\htdocs...', 2, Array)
#1 C:\xampp\htdocs\lab12_Iuran_KAS_RT_php_ci\ci4\system\View\View.php(210): include('C:\\xampp\\htdocs...')
#2 C:\xampp\htdocs\lab12_Iuran_KAS_RT_php_ci\ci4\system\View\View.php(213): CodeIgniter\View\View->CodeIgniter\View\{closure}()
#3 C:\xampp\htdocs\lab12_Iuran_KAS_RT_php_ci\ci4\system\Common.php(1089): CodeIgniter\View\View->render('warga', Array, true)
#4 C:\xampp\htdocs\lab12_Iuran_KAS_RT_php_ci\ci4\app\Controllers\page.php(16): view('warga', Array)
#5 C:\xampp\htdocs\lab12_Iuran_KAS_RT_php_ci\ci4\system\CodeIgniter.php(832): App\Controllers\Page->warga()
#6 C:\xampp\htdocs\lab12_Iuran_KAS_RT_php_ci\ci4\system\CodeIgniter.php(419): CodeIgniter\CodeIgniter->runController(Object(App\Controllers\Page))
#7 C:\xampp\htdocs\lab12_Iuran_KAS_RT_php_ci\ci4\system\CodeIgniter.php(326): CodeIgniter\CodeIgniter->handleRequest(NULL, Object(Config\Cache), false)
#8 C:\xampp\htdocs\lab12_Iuran_KAS_RT_php_ci\ci4\public\index.php(37): CodeIgniter\CodeIgniter->run()
#9 C:\xampp\htdocs\lab12_Iuran_KAS_RT_php_ci\ci4\system\Commands\Server\rewrite.php(43): require_once('C:\\xampp\\htdocs...')
#10 {main}
CRITICAL - 2022-07-02 07:59:40 --> Undefined variable: warga
#0 C:\xampp\htdocs\lab12_Iuran_KAS_RT_php_ci\ci4\app\Views\warga.php(2): CodeIgniter\Debug\Exceptions->errorHandler(8, 'Undefined varia...', 'C:\\xampp\\htdocs...', 2, Array)
#1 C:\xampp\htdocs\lab12_Iuran_KAS_RT_php_ci\ci4\system\View\View.php(210): include('C:\\xampp\\htdocs...')
#2 C:\xampp\htdocs\lab12_Iuran_KAS_RT_php_ci\ci4\system\View\View.php(213): CodeIgniter\View\View->CodeIgniter\View\{closure}()
#3 C:\xampp\htdocs\lab12_Iuran_KAS_RT_php_ci\ci4\system\Common.php(1089): CodeIgniter\View\View->render('warga', Array, true)
#4 C:\xampp\htdocs\lab12_Iuran_KAS_RT_php_ci\ci4\app\Controllers\page.php(16): view('warga', Array)
#5 C:\xampp\htdocs\lab12_Iuran_KAS_RT_php_ci\ci4\system\CodeIgniter.php(832): App\Controllers\Page->warga()
#6 C:\xampp\htdocs\lab12_Iuran_KAS_RT_php_ci\ci4\system\CodeIgniter.php(419): CodeIgniter\CodeIgniter->runController(Object(App\Controllers\Page))
#7 C:\xampp\htdocs\lab12_Iuran_KAS_RT_php_ci\ci4\system\CodeIgniter.php(326): CodeIgniter\CodeIgniter->handleRequest(NULL, Object(Config\Cache), false)
#8 C:\xampp\htdocs\lab12_Iuran_KAS_RT_php_ci\ci4\public\index.php(37): CodeIgniter\CodeIgniter->run()
#9 C:\xampp\htdocs\lab12_Iuran_KAS_RT_php_ci\ci4\system\Commands\Server\rewrite.php(43): require_once('C:\\xampp\\htdocs...')
#10 {main}
CRITICAL - 2022-07-02 08:00:35 --> Undefined variable: warga
#0 C:\xampp\htdocs\lab12_Iuran_KAS_RT_php_ci\ci4\app\Views\warga.php(2): CodeIgniter\Debug\Exceptions->errorHandler(8, 'Undefined varia...', 'C:\\xampp\\htdocs...', 2, Array)
#1 C:\xampp\htdocs\lab12_Iuran_KAS_RT_php_ci\ci4\system\View\View.php(210): include('C:\\xampp\\htdocs...')
#2 C:\xampp\htdocs\lab12_Iuran_KAS_RT_php_ci\ci4\system\View\View.php(213): CodeIgniter\View\View->CodeIgniter\View\{closure}()
#3 C:\xampp\htdocs\lab12_Iuran_KAS_RT_php_ci\ci4\system\Common.php(1089): CodeIgniter\View\View->render('warga', Array, true)
#4 C:\xampp\htdocs\lab12_Iuran_KAS_RT_php_ci\ci4\app\Controllers\page.php(16): view('warga', Array)
#5 C:\xampp\htdocs\lab12_Iuran_KAS_RT_php_ci\ci4\system\CodeIgniter.php(832): App\Controllers\Page->warga()
#6 C:\xampp\htdocs\lab12_Iuran_KAS_RT_php_ci\ci4\system\CodeIgniter.php(419): CodeIgniter\CodeIgniter->runController(Object(App\Controllers\Page))
#7 C:\xampp\htdocs\lab12_Iuran_KAS_RT_php_ci\ci4\system\CodeIgniter.php(326): CodeIgniter\CodeIgniter->handleRequest(NULL, Object(Config\Cache), false)
#8 C:\xampp\htdocs\lab12_Iuran_KAS_RT_php_ci\ci4\public\index.php(37): CodeIgniter\CodeIgniter->run()
#9 C:\xampp\htdocs\lab12_Iuran_KAS_RT_php_ci\ci4\system\Commands\Server\rewrite.php(43): require_once('C:\\xampp\\htdocs...')
#10 {main}
CRITICAL - 2022-07-02 08:00:49 --> Undefined variable: warga
#0 C:\xampp\htdocs\lab12_Iuran_KAS_RT_php_ci\ci4\app\Views\warga.php(2): CodeIgniter\Debug\Exceptions->errorHandler(8, 'Undefined varia...', 'C:\\xampp\\htdocs...', 2, Array)
#1 C:\xampp\htdocs\lab12_Iuran_KAS_RT_php_ci\ci4\system\View\View.php(210): include('C:\\xampp\\htdocs...')
#2 C:\xampp\htdocs\lab12_Iuran_KAS_RT_php_ci\ci4\system\View\View.php(213): CodeIgniter\View\View->CodeIgniter\View\{closure}()
#3 C:\xampp\htdocs\lab12_Iuran_KAS_RT_php_ci\ci4\system\Common.php(1089): CodeIgniter\View\View->render('warga', Array, true)
#4 C:\xampp\htdocs\lab12_Iuran_KAS_RT_php_ci\ci4\app\Controllers\page.php(16): view('warga', Array)
#5 C:\xampp\htdocs\lab12_Iuran_KAS_RT_php_ci\ci4\system\CodeIgniter.php(832): App\Controllers\Page->warga()
#6 C:\xampp\htdocs\lab12_Iuran_KAS_RT_php_ci\ci4\system\CodeIgniter.php(419): CodeIgniter\CodeIgniter->runController(Object(App\Controllers\Page))
#7 C:\xampp\htdocs\lab12_Iuran_KAS_RT_php_ci\ci4\system\CodeIgniter.php(326): CodeIgniter\CodeIgniter->handleRequest(NULL, Object(Config\Cache), false)
#8 C:\xampp\htdocs\lab12_Iuran_KAS_RT_php_ci\ci4\public\index.php(37): CodeIgniter\CodeIgniter->run()
#9 C:\xampp\htdocs\lab12_Iuran_KAS_RT_php_ci\ci4\system\Commands\Server\rewrite.php(43): require_once('C:\\xampp\\htdocs...')
#10 {main}
CRITICAL - 2022-07-02 08:01:13 --> Undefined variable: warga
#0 C:\xampp\htdocs\lab12_Iuran_KAS_RT_php_ci\ci4\app\Views\warga.php(2): CodeIgniter\Debug\Exceptions->errorHandler(8, 'Undefined varia...', 'C:\\xampp\\htdocs...', 2, Array)
#1 C:\xampp\htdocs\lab12_Iuran_KAS_RT_php_ci\ci4\system\View\View.php(210): include('C:\\xampp\\htdocs...')
#2 C:\xampp\htdocs\lab12_Iuran_KAS_RT_php_ci\ci4\system\View\View.php(213): CodeIgniter\View\View->CodeIgniter\View\{closure}()
#3 C:\xampp\htdocs\lab12_Iuran_KAS_RT_php_ci\ci4\system\Common.php(1089): CodeIgniter\View\View->render('warga', Array, true)
#4 C:\xampp\htdocs\lab12_Iuran_KAS_RT_php_ci\ci4\app\Controllers\page.php(16): view('warga', Array)
#5 C:\xampp\htdocs\lab12_Iuran_KAS_RT_php_ci\ci4\system\CodeIgniter.php(832): App\Controllers\Page->warga()
#6 C:\xampp\htdocs\lab12_Iuran_KAS_RT_php_ci\ci4\system\CodeIgniter.php(419): CodeIgniter\CodeIgniter->runController(Object(App\Controllers\Page))
#7 C:\xampp\htdocs\lab12_Iuran_KAS_RT_php_ci\ci4\system\CodeIgniter.php(326): CodeIgniter\CodeIgniter->handleRequest(NULL, Object(Config\Cache), false)
#8 C:\xampp\htdocs\lab12_Iuran_KAS_RT_php_ci\ci4\public\index.php(37): CodeIgniter\CodeIgniter->run()
#9 C:\xampp\htdocs\lab12_Iuran_KAS_RT_php_ci\ci4\system\Commands\Server\rewrite.php(43): require_once('C:\\xampp\\htdocs...')
#10 {main}
CRITICAL - 2022-07-02 08:09:01 --> Undefined variable: warga
#0 C:\xampp\htdocs\lab12_Iuran_KAS_RT_php_ci\ci4\app\Views\warga.php(2): CodeIgniter\Debug\Exceptions->errorHandler(8, 'Undefined varia...', 'C:\\xampp\\htdocs...', 2, Array)
#1 C:\xampp\htdocs\lab12_Iuran_KAS_RT_php_ci\ci4\system\View\View.php(210): include('C:\\xampp\\htdocs...')
#2 C:\xampp\htdocs\lab12_Iuran_KAS_RT_php_ci\ci4\system\View\View.php(213): CodeIgniter\View\View->CodeIgniter\View\{closure}()
#3 C:\xampp\htdocs\lab12_Iuran_KAS_RT_php_ci\ci4\system\Common.php(1089): CodeIgniter\View\View->render('warga', Array, true)
#4 C:\xampp\htdocs\lab12_Iuran_KAS_RT_php_ci\ci4\app\Controllers\page.php(16): view('warga', Array)
#5 C:\xampp\htdocs\lab12_Iuran_KAS_RT_php_ci\ci4\system\CodeIgniter.php(832): App\Controllers\Page->warga()
#6 C:\xampp\htdocs\lab12_Iuran_KAS_RT_php_ci\ci4\system\CodeIgniter.php(419): CodeIgniter\CodeIgniter->runController(Object(App\Controllers\Page))
#7 C:\xampp\htdocs\lab12_Iuran_KAS_RT_php_ci\ci4\system\CodeIgniter.php(326): CodeIgniter\CodeIgniter->handleRequest(NULL, Object(Config\Cache), false)
#8 C:\xampp\htdocs\lab12_Iuran_KAS_RT_php_ci\ci4\public\index.php(37): CodeIgniter\CodeIgniter->run()
#9 C:\xampp\htdocs\lab12_Iuran_KAS_RT_php_ci\ci4\system\Commands\Server\rewrite.php(43): require_once('C:\\xampp\\htdocs...')
#10 {main}
CRITICAL - 2022-07-02 08:22:00 --> Undefined variable: warga
#0 C:\xampp\htdocs\lab12_Iuran_KAS_RT_php_ci\ci4\app\Views\warga.php(2): CodeIgniter\Debug\Exceptions->errorHandler(8, 'Undefined varia...', 'C:\\xampp\\htdocs...', 2, Array)
#1 C:\xampp\htdocs\lab12_Iuran_KAS_RT_php_ci\ci4\system\View\View.php(210): include('C:\\xampp\\htdocs...')
#2 C:\xampp\htdocs\lab12_Iuran_KAS_RT_php_ci\ci4\system\View\View.php(213): CodeIgniter\View\View->CodeIgniter\View\{closure}()
#3 C:\xampp\htdocs\lab12_Iuran_KAS_RT_php_ci\ci4\system\Common.php(1089): CodeIgniter\View\View->render('warga', Array, true)
#4 C:\xampp\htdocs\lab12_Iuran_KAS_RT_php_ci\ci4\app\Controllers\page.php(16): view('warga', Array)
#5 C:\xampp\htdocs\lab12_Iuran_KAS_RT_php_ci\ci4\system\CodeIgniter.php(832): App\Controllers\Page->warga()
#6 C:\xampp\htdocs\lab12_Iuran_KAS_RT_php_ci\ci4\system\CodeIgniter.php(419): CodeIgniter\CodeIgniter->runController(Object(App\Controllers\Page))
#7 C:\xampp\htdocs\lab12_Iuran_KAS_RT_php_ci\ci4\system\CodeIgniter.php(326): CodeIgniter\CodeIgniter->handleRequest(NULL, Object(Config\Cache), false)
#8 C:\xampp\htdocs\lab12_Iuran_KAS_RT_php_ci\ci4\public\index.php(37): CodeIgniter\CodeIgniter->run()
#9 C:\xampp\htdocs\lab12_Iuran_KAS_RT_php_ci\ci4\system\Commands\Server\rewrite.php(43): require_once('C:\\xampp\\htdocs...')
#10 {main}
CRITICAL - 2022-07-02 08:22:30 --> Undefined variable: warga
#0 C:\xampp\htdocs\lab12_Iuran_KAS_RT_php_ci\ci4\app\Views\warga.php(2): CodeIgniter\Debug\Exceptions->errorHandler(8, 'Undefined varia...', 'C:\\xampp\\htdocs...', 2, Array)
#1 C:\xampp\htdocs\lab12_Iuran_KAS_RT_php_ci\ci4\system\View\View.php(210): include('C:\\xampp\\htdocs...')
#2 C:\xampp\htdocs\lab12_Iuran_KAS_RT_php_ci\ci4\system\View\View.php(213): CodeIgniter\View\View->CodeIgniter\View\{closure}()
#3 C:\xampp\htdocs\lab12_Iuran_KAS_RT_php_ci\ci4\system\Common.php(1089): CodeIgniter\View\View->render('warga', Array, true)
#4 C:\xampp\htdocs\lab12_Iuran_KAS_RT_php_ci\ci4\app\Controllers\page.php(16): view('warga', Array)
#5 C:\xampp\htdocs\lab12_Iuran_KAS_RT_php_ci\ci4\system\CodeIgniter.php(832): App\Controllers\Page->warga()
#6 C:\xampp\htdocs\lab12_Iuran_KAS_RT_php_ci\ci4\system\CodeIgniter.php(419): CodeIgniter\CodeIgniter->runController(Object(App\Controllers\Page))
#7 C:\xampp\htdocs\lab12_Iuran_KAS_RT_php_ci\ci4\system\CodeIgniter.php(326): CodeIgniter\CodeIgniter->handleRequest(NULL, Object(Config\Cache), false)
#8 C:\xampp\htdocs\lab12_Iuran_KAS_RT_php_ci\ci4\public\index.php(37): CodeIgniter\CodeIgniter->run()
#9 C:\xampp\htdocs\lab12_Iuran_KAS_RT_php_ci\ci4\system\Commands\Server\rewrite.php(43): require_once('C:\\xampp\\htdocs...')
#10 {main}
CRITICAL - 2022-07-02 08:22:53 --> Undefined variable: conn
#0 C:\xampp\htdocs\lab12_Iuran_KAS_RT_php_ci\ci4\app\Views\warga.php(4): CodeIgniter\Debug\Exceptions->errorHandler(8, 'Undefined varia...', 'C:\\xampp\\htdocs...', 4, Array)
#1 C:\xampp\htdocs\lab12_Iuran_KAS_RT_php_ci\ci4\system\View\View.php(210): include('C:\\xampp\\htdocs...')
#2 C:\xampp\htdocs\lab12_Iuran_KAS_RT_php_ci\ci4\system\View\View.php(213): CodeIgniter\View\View->CodeIgniter\View\{closure}()
#3 C:\xampp\htdocs\lab12_Iuran_KAS_RT_php_ci\ci4\system\Common.php(1089): CodeIgniter\View\View->render('warga', Array, true)
#4 C:\xampp\htdocs\lab12_Iuran_KAS_RT_php_ci\ci4\app\Controllers\page.php(16): view('warga', Array)
#5 C:\xampp\htdocs\lab12_Iuran_KAS_RT_php_ci\ci4\system\CodeIgniter.php(832): App\Controllers\Page->warga()
#6 C:\xampp\htdocs\lab12_Iuran_KAS_RT_php_ci\ci4\system\CodeIgniter.php(419): CodeIgniter\CodeIgniter->runController(Object(App\Controllers\Page))
#7 C:\xampp\htdocs\lab12_Iuran_KAS_RT_php_ci\ci4\system\CodeIgniter.php(326): CodeIgniter\CodeIgniter->handleRequest(NULL, Object(Config\Cache), false)
#8 C:\xampp\htdocs\lab12_Iuran_KAS_RT_php_ci\ci4\public\index.php(37): CodeIgniter\CodeIgniter->run()
#9 C:\xampp\htdocs\lab12_Iuran_KAS_RT_php_ci\ci4\system\Commands\Server\rewrite.php(43): require_once('C:\\xampp\\htdocs...')
#10 {main}
CRITICAL - 2022-07-02 08:24:28 --> Undefined variable: conn
#0 C:\xampp\htdocs\lab12_Iuran_KAS_RT_php_ci\ci4\app\Views\warga.php(4): CodeIgniter\Debug\Exceptions->errorHandler(8, 'Undefined varia...', 'C:\\xampp\\htdocs...', 4, Array)
#1 C:\xampp\htdocs\lab12_Iuran_KAS_RT_php_ci\ci4\system\View\View.php(210): include('C:\\xampp\\htdocs...')
#2 C:\xampp\htdocs\lab12_Iuran_KAS_RT_php_ci\ci4\system\View\View.php(213): CodeIgniter\View\View->CodeIgniter\View\{closure}()
#3 C:\xampp\htdocs\lab12_Iuran_KAS_RT_php_ci\ci4\system\Common.php(1089): CodeIgniter\View\View->render('warga', Array, true)
#4 C:\xampp\htdocs\lab12_Iuran_KAS_RT_php_ci\ci4\app\Controllers\page.php(16): view('warga', Array)
#5 C:\xampp\htdocs\lab12_Iuran_KAS_RT_php_ci\ci4\system\CodeIgniter.php(832): App\Controllers\Page->warga()
#6 C:\xampp\htdocs\lab12_Iuran_KAS_RT_php_ci\ci4\system\CodeIgniter.php(419): CodeIgniter\CodeIgniter->runController(Object(App\Controllers\Page))
#7 C:\xampp\htdocs\lab12_Iuran_KAS_RT_php_ci\ci4\system\CodeIgniter.php(326): CodeIgniter\CodeIgniter->handleRequest(NULL, Object(Config\Cache), false)
#8 C:\xampp\htdocs\lab12_Iuran_KAS_RT_php_ci\ci4\public\index.php(37): CodeIgniter\CodeIgniter->run()
#9 C:\xampp\htdocs\lab12_Iuran_KAS_RT_php_ci\ci4\system\Commands\Server\rewrite.php(43): require_once('C:\\xampp\\htdocs...')
#10 {main}
CRITICAL - 2022-07-02 08:24:58 --> Undefined variable: host
#0 C:\xampp\htdocs\lab12_Iuran_KAS_RT_php_ci\ci4\app\Views\warga.php(3): CodeIgniter\Debug\Exceptions->errorHandler(8, 'Undefined varia...', 'C:\\xampp\\htdocs...', 3, Array)
#1 C:\xampp\htdocs\lab12_Iuran_KAS_RT_php_ci\ci4\system\View\View.php(210): include('C:\\xampp\\htdocs...')
#2 C:\xampp\htdocs\lab12_Iuran_KAS_RT_php_ci\ci4\system\View\View.php(213): CodeIgniter\View\View->CodeIgniter\View\{closure}()
#3 C:\xampp\htdocs\lab12_Iuran_KAS_RT_php_ci\ci4\system\Common.php(1089): CodeIgniter\View\View->render('warga', Array, true)
#4 C:\xampp\htdocs\lab12_Iuran_KAS_RT_php_ci\ci4\app\Controllers\page.php(16): view('warga', Array)
#5 C:\xampp\htdocs\lab12_Iuran_KAS_RT_php_ci\ci4\system\CodeIgniter.php(832): App\Controllers\Page->warga()
#6 C:\xampp\htdocs\lab12_Iuran_KAS_RT_php_ci\ci4\system\CodeIgniter.php(419): CodeIgniter\CodeIgniter->runController(Object(App\Controllers\Page))
#7 C:\xampp\htdocs\lab12_Iuran_KAS_RT_php_ci\ci4\system\CodeIgniter.php(326): CodeIgniter\CodeIgniter->handleRequest(NULL, Object(Config\Cache), false)
#8 C:\xampp\htdocs\lab12_Iuran_KAS_RT_php_ci\ci4\public\index.php(37): CodeIgniter\CodeIgniter->run()
#9 C:\xampp\htdocs\lab12_Iuran_KAS_RT_php_ci\ci4\system\Commands\Server\rewrite.php(43): require_once('C:\\xampp\\htdocs...')
#10 {main}
CRITICAL - 2022-07-02 08:26:20 --> Undefined variable: host
#0 C:\xampp\htdocs\lab12_Iuran_KAS_RT_php_ci\ci4\app\Views\warga.php(3): CodeIgniter\Debug\Exceptions->errorHandler(8, 'Undefined varia...', 'C:\\xampp\\htdocs...', 3, Array)
#1 C:\xampp\htdocs\lab12_Iuran_KAS_RT_php_ci\ci4\system\View\View.php(210): include('C:\\xampp\\htdocs...')
#2 C:\xampp\htdocs\lab12_Iuran_KAS_RT_php_ci\ci4\system\View\View.php(213): CodeIgniter\View\View->CodeIgniter\View\{closure}()
#3 C:\xampp\htdocs\lab12_Iuran_KAS_RT_php_ci\ci4\system\Common.php(1089): CodeIgniter\View\View->render('warga', Array, true)
#4 C:\xampp\htdocs\lab12_Iuran_KAS_RT_php_ci\ci4\app\Controllers\page.php(16): view('warga', Array)
#5 C:\xampp\htdocs\lab12_Iuran_KAS_RT_php_ci\ci4\system\CodeIgniter.php(832): App\Controllers\Page->warga()
#6 C:\xampp\htdocs\lab12_Iuran_KAS_RT_php_ci\ci4\system\CodeIgniter.php(419): CodeIgniter\CodeIgniter->runController(Object(App\Controllers\Page))
#7 C:\xampp\htdocs\lab12_Iuran_KAS_RT_php_ci\ci4\system\CodeIgniter.php(326): CodeIgniter\CodeIgniter->handleRequest(NULL, Object(Config\Cache), false)
#8 C:\xampp\htdocs\lab12_Iuran_KAS_RT_php_ci\ci4\public\index.php(37): CodeIgniter\CodeIgniter->run()
#9 C:\xampp\htdocs\lab12_Iuran_KAS_RT_php_ci\ci4\system\Commands\Server\rewrite.php(43): require_once('C:\\xampp\\htdocs...')
#10 {main}
CRITICAL - 2022-07-02 08:26:41 --> Undefined variable: conn
#0 C:\xampp\htdocs\lab12_Iuran_KAS_RT_php_ci\ci4\app\Views\warga.php(4): CodeIgniter\Debug\Exceptions->errorHandler(8, 'Undefined varia...', 'C:\\xampp\\htdocs...', 4, Array)
#1 C:\xampp\htdocs\lab12_Iuran_KAS_RT_php_ci\ci4\system\View\View.php(210): include('C:\\xampp\\htdocs...')
#2 C:\xampp\htdocs\lab12_Iuran_KAS_RT_php_ci\ci4\system\View\View.php(213): CodeIgniter\View\View->CodeIgniter\View\{closure}()
#3 C:\xampp\htdocs\lab12_Iuran_KAS_RT_php_ci\ci4\system\Common.php(1089): CodeIgniter\View\View->render('warga', Array, true)
#4 C:\xampp\htdocs\lab12_Iuran_KAS_RT_php_ci\ci4\app\Controllers\page.php(16): view('warga', Array)
#5 C:\xampp\htdocs\lab12_Iuran_KAS_RT_php_ci\ci4\system\CodeIgniter.php(832): App\Controllers\Page->warga()
#6 C:\xampp\htdocs\lab12_Iuran_KAS_RT_php_ci\ci4\system\CodeIgniter.php(419): CodeIgniter\CodeIgniter->runController(Object(App\Controllers\Page))
#7 C:\xampp\htdocs\lab12_Iuran_KAS_RT_php_ci\ci4\system\CodeIgniter.php(326): CodeIgniter\CodeIgniter->handleRequest(NULL, Object(Config\Cache), false)
#8 C:\xampp\htdocs\lab12_Iuran_KAS_RT_php_ci\ci4\public\index.php(37): CodeIgniter\CodeIgniter->run()
#9 C:\xampp\htdocs\lab12_Iuran_KAS_RT_php_ci\ci4\system\Commands\Server\rewrite.php(43): require_once('C:\\xampp\\htdocs...')
#10 {main}
CRITICAL - 2022-07-02 08:27:27 --> mysqli_query() expects at least 2 parameters, 1 given
#0 [internal function]: CodeIgniter\Debug\Exceptions->errorHandler(2, 'mysqli_query() ...', 'C:\\xampp\\htdocs...', 4, Array)
#1 C:\xampp\htdocs\lab12_Iuran_KAS_RT_php_ci\ci4\app\Views\warga.php(4): mysqli_query('SELECT * FROM i...')
#2 C:\xampp\htdocs\lab12_Iuran_KAS_RT_php_ci\ci4\system\View\View.php(210): include('C:\\xampp\\htdocs...')
#3 C:\xampp\htdocs\lab12_Iuran_KAS_RT_php_ci\ci4\system\View\View.php(213): CodeIgniter\View\View->CodeIgniter\View\{closure}()
#4 C:\xampp\htdocs\lab12_Iuran_KAS_RT_php_ci\ci4\system\Common.php(1089): CodeIgniter\View\View->render('warga', Array, true)
#5 C:\xampp\htdocs\lab12_Iuran_KAS_RT_php_ci\ci4\app\Controllers\page.php(16): view('warga', Array)
#6 C:\xampp\htdocs\lab12_Iuran_KAS_RT_php_ci\ci4\system\CodeIgniter.php(832): App\Controllers\Page->warga()
#7 C:\xampp\htdocs\lab12_Iuran_KAS_RT_php_ci\ci4\system\CodeIgniter.php(419): CodeIgniter\CodeIgniter->runController(Object(App\Controllers\Page))
#8 C:\xampp\htdocs\lab12_Iuran_KAS_RT_php_ci\ci4\system\CodeIgniter.php(326): CodeIgniter\CodeIgniter->handleRequest(NULL, Object(Config\Cache), false)
#9 C:\xampp\htdocs\lab12_Iuran_KAS_RT_php_ci\ci4\public\index.php(37): CodeIgniter\CodeIgniter->run()
#10 C:\xampp\htdocs\lab12_Iuran_KAS_RT_php_ci\ci4\system\Commands\Server\rewrite.php(43): require_once('C:\\xampp\\htdocs...')
#11 {main}
CRITICAL - 2022-07-02 08:27:28 --> mysqli_query() expects at least 2 parameters, 1 given
#0 [internal function]: CodeIgniter\Debug\Exceptions->errorHandler(2, 'mysqli_query() ...', 'C:\\xampp\\htdocs...', 4, Array)
#1 C:\xampp\htdocs\lab12_Iuran_KAS_RT_php_ci\ci4\app\Views\warga.php(4): mysqli_query('SELECT * FROM i...')
#2 C:\xampp\htdocs\lab12_Iuran_KAS_RT_php_ci\ci4\system\View\View.php(210): include('C:\\xampp\\htdocs...')
#3 C:\xampp\htdocs\lab12_Iuran_KAS_RT_php_ci\ci4\system\View\View.php(213): CodeIgniter\View\View->CodeIgniter\View\{closure}()
#4 C:\xampp\htdocs\lab12_Iuran_KAS_RT_php_ci\ci4\system\Common.php(1089): CodeIgniter\View\View->render('warga', Array, true)
#5 C:\xampp\htdocs\lab12_Iuran_KAS_RT_php_ci\ci4\app\Controllers\page.php(16): view('warga', Array)
#6 C:\xampp\htdocs\lab12_Iuran_KAS_RT_php_ci\ci4\system\CodeIgniter.php(832): App\Controllers\Page->warga()
#7 C:\xampp\htdocs\lab12_Iuran_KAS_RT_php_ci\ci4\system\CodeIgniter.php(419): CodeIgniter\CodeIgniter->runController(Object(App\Controllers\Page))
#8 C:\xampp\htdocs\lab12_Iuran_KAS_RT_php_ci\ci4\system\CodeIgniter.php(326): CodeIgniter\CodeIgniter->handleRequest(NULL, Object(Config\Cache), false)
#9 C:\xampp\htdocs\lab12_Iuran_KAS_RT_php_ci\ci4\public\index.php(37): CodeIgniter\CodeIgniter->run()
#10 C:\xampp\htdocs\lab12_Iuran_KAS_RT_php_ci\ci4\system\Commands\Server\rewrite.php(43): require_once('C:\\xampp\\htdocs...')
#11 {main}
CRITICAL - 2022-07-02 08:27:31 --> mysqli_query() expects at least 2 parameters, 1 given
#0 [internal function]: CodeIgniter\Debug\Exceptions->errorHandler(2, 'mysqli_query() ...', 'C:\\xampp\\htdocs...', 4, Array)
#1 C:\xampp\htdocs\lab12_Iuran_KAS_RT_php_ci\ci4\app\Views\warga.php(4): mysqli_query('SELECT * FROM i...')
#2 C:\xampp\htdocs\lab12_Iuran_KAS_RT_php_ci\ci4\system\View\View.php(210): include('C:\\xampp\\htdocs...')
#3 C:\xampp\htdocs\lab12_Iuran_KAS_RT_php_ci\ci4\system\View\View.php(213): CodeIgniter\View\View->CodeIgniter\View\{closure}()
#4 C:\xampp\htdocs\lab12_Iuran_KAS_RT_php_ci\ci4\system\Common.php(1089): CodeIgniter\View\View->render('warga', Array, true)
#5 C:\xampp\htdocs\lab12_Iuran_KAS_RT_php_ci\ci4\app\Controllers\page.php(16): view('warga', Array)
#6 C:\xampp\htdocs\lab12_Iuran_KAS_RT_php_ci\ci4\system\CodeIgniter.php(832): App\Controllers\Page->warga()
#7 C:\xampp\htdocs\lab12_Iuran_KAS_RT_php_ci\ci4\system\CodeIgniter.php(419): CodeIgniter\CodeIgniter->runController(Object(App\Controllers\Page))
#8 C:\xampp\htdocs\lab12_Iuran_KAS_RT_php_ci\ci4\system\CodeIgniter.php(326): CodeIgniter\CodeIgniter->handleRequest(NULL, Object(Config\Cache), false)
#9 C:\xampp\htdocs\lab12_Iuran_KAS_RT_php_ci\ci4\public\index.php(37): CodeIgniter\CodeIgniter->run()
#10 C:\xampp\htdocs\lab12_Iuran_KAS_RT_php_ci\ci4\system\Commands\Server\rewrite.php(43): require_once('C:\\xampp\\htdocs...')
#11 {main}
CRITICAL - 2022-07-02 08:27:32 --> mysqli_query() expects at least 2 parameters, 1 given
#0 [internal function]: CodeIgniter\Debug\Exceptions->errorHandler(2, 'mysqli_query() ...', 'C:\\xampp\\htdocs...', 4, Array)
#1 C:\xampp\htdocs\lab12_Iuran_KAS_RT_php_ci\ci4\app\Views\warga.php(4): mysqli_query('SELECT * FROM i...')
#2 C:\xampp\htdocs\lab12_Iuran_KAS_RT_php_ci\ci4\system\View\View.php(210): include('C:\\xampp\\htdocs...')
#3 C:\xampp\htdocs\lab12_Iuran_KAS_RT_php_ci\ci4\system\View\View.php(213): CodeIgniter\View\View->CodeIgniter\View\{closure}()
#4 C:\xampp\htdocs\lab12_Iuran_KAS_RT_php_ci\ci4\system\Common.php(1089): CodeIgniter\View\View->render('warga', Array, true)
#5 C:\xampp\htdocs\lab12_Iuran_KAS_RT_php_ci\ci4\app\Controllers\page.php(16): view('warga', Array)
#6 C:\xampp\htdocs\lab12_Iuran_KAS_RT_php_ci\ci4\system\CodeIgniter.php(832): App\Controllers\Page->warga()
#7 C:\xampp\htdocs\lab12_Iuran_KAS_RT_php_ci\ci4\system\CodeIgniter.php(419): CodeIgniter\CodeIgniter->runController(Object(App\Controllers\Page))
#8 C:\xampp\htdocs\lab12_Iuran_KAS_RT_php_ci\ci4\system\CodeIgniter.php(326): CodeIgniter\CodeIgniter->handleRequest(NULL, Object(Config\Cache), false)
#9 C:\xampp\htdocs\lab12_Iuran_KAS_RT_php_ci\ci4\public\index.php(37): CodeIgniter\CodeIgniter->run()
#10 C:\xampp\htdocs\lab12_Iuran_KAS_RT_php_ci\ci4\system\Commands\Server\rewrite.php(43): require_once('C:\\xampp\\htdocs...')
#11 {main}
CRITICAL - 2022-07-02 08:27:44 --> mysqli_query() expects at least 2 parameters, 1 given
#0 [internal function]: CodeIgniter\Debug\Exceptions->errorHandler(2, 'mysqli_query() ...', 'C:\\xampp\\htdocs...', 4, Array)
#1 C:\xampp\htdocs\lab12_Iuran_KAS_RT_php_ci\ci4\app\Views\warga.php(4): mysqli_query('SELECT * FROM i...')
#2 C:\xampp\htdocs\lab12_Iuran_KAS_RT_php_ci\ci4\system\View\View.php(210): include('C:\\xampp\\htdocs...')
#3 C:\xampp\htdocs\lab12_Iuran_KAS_RT_php_ci\ci4\system\View\View.php(213): CodeIgniter\View\View->CodeIgniter\View\{closure}()
#4 C:\xampp\htdocs\lab12_Iuran_KAS_RT_php_ci\ci4\system\Common.php(1089): CodeIgniter\View\View->render('warga', Array, true)
#5 C:\xampp\htdocs\lab12_Iuran_KAS_RT_php_ci\ci4\app\Controllers\page.php(16): view('warga', Array)
#6 C:\xampp\htdocs\lab12_Iuran_KAS_RT_php_ci\ci4\system\CodeIgniter.php(832): App\Controllers\Page->warga()
#7 C:\xampp\htdocs\lab12_Iuran_KAS_RT_php_ci\ci4\system\CodeIgniter.php(419): CodeIgniter\CodeIgniter->runController(Object(App\Controllers\Page))
#8 C:\xampp\htdocs\lab12_Iuran_KAS_RT_php_ci\ci4\system\CodeIgniter.php(326): CodeIgniter\CodeIgniter->handleRequest(NULL, Object(Config\Cache), false)
#9 C:\xampp\htdocs\lab12_Iuran_KAS_RT_php_ci\ci4\public\index.php(37): CodeIgniter\CodeIgniter->run()
#10 C:\xampp\htdocs\lab12_Iuran_KAS_RT_php_ci\ci4\system\Commands\Server\rewrite.php(43): require_once('C:\\xampp\\htdocs...')
#11 {main}
CRITICAL - 2022-07-02 08:27:44 --> mysqli_query() expects at least 2 parameters, 1 given
#0 [internal function]: CodeIgniter\Debug\Exceptions->errorHandler(2, 'mysqli_query() ...', 'C:\\xampp\\htdocs...', 4, Array)
#1 C:\xampp\htdocs\lab12_Iuran_KAS_RT_php_ci\ci4\app\Views\warga.php(4): mysqli_query('SELECT * FROM i...')
#2 C:\xampp\htdocs\lab12_Iuran_KAS_RT_php_ci\ci4\system\View\View.php(210): include('C:\\xampp\\htdocs...')
#3 C:\xampp\htdocs\lab12_Iuran_KAS_RT_php_ci\ci4\system\View\View.php(213): CodeIgniter\View\View->CodeIgniter\View\{closure}()
#4 C:\xampp\htdocs\lab12_Iuran_KAS_RT_php_ci\ci4\system\Common.php(1089): CodeIgniter\View\View->render('warga', Array, true)
#5 C:\xampp\htdocs\lab12_Iuran_KAS_RT_php_ci\ci4\app\Controllers\page.php(16): view('warga', Array)
#6 C:\xampp\htdocs\lab12_Iuran_KAS_RT_php_ci\ci4\system\CodeIgniter.php(832): App\Controllers\Page->warga()
#7 C:\xampp\htdocs\lab12_Iuran_KAS_RT_php_ci\ci4\system\CodeIgniter.php(419): CodeIgniter\CodeIgniter->runController(Object(App\Controllers\Page))
#8 C:\xampp\htdocs\lab12_Iuran_KAS_RT_php_ci\ci4\system\CodeIgniter.php(326): CodeIgniter\CodeIgniter->handleRequest(NULL, Object(Config\Cache), false)
#9 C:\xampp\htdocs\lab12_Iuran_KAS_RT_php_ci\ci4\public\index.php(37): CodeIgniter\CodeIgniter->run()
#10 C:\xampp\htdocs\lab12_Iuran_KAS_RT_php_ci\ci4\system\Commands\Server\rewrite.php(43): require_once('C:\\xampp\\htdocs...')
#11 {main}
CRITICAL - 2022-07-02 08:27:45 --> mysqli_query() expects at least 2 parameters, 1 given
#0 [internal function]: CodeIgniter\Debug\Exceptions->errorHandler(2, 'mysqli_query() ...', 'C:\\xampp\\htdocs...', 4, Array)
#1 C:\xampp\htdocs\lab12_Iuran_KAS_RT_php_ci\ci4\app\Views\warga.php(4): mysqli_query('SELECT * FROM i...')
#2 C:\xampp\htdocs\lab12_Iuran_KAS_RT_php_ci\ci4\system\View\View.php(210): include('C:\\xampp\\htdocs...')
#3 C:\xampp\htdocs\lab12_Iuran_KAS_RT_php_ci\ci4\system\View\View.php(213): CodeIgniter\View\View->CodeIgniter\View\{closure}()
#4 C:\xampp\htdocs\lab12_Iuran_KAS_RT_php_ci\ci4\system\Common.php(1089): CodeIgniter\View\View->render('warga', Array, true)
#5 C:\xampp\htdocs\lab12_Iuran_KAS_RT_php_ci\ci4\app\Controllers\page.php(16): view('warga', Array)
#6 C:\xampp\htdocs\lab12_Iuran_KAS_RT_php_ci\ci4\system\CodeIgniter.php(832): App\Controllers\Page->warga()
#7 C:\xampp\htdocs\lab12_Iuran_KAS_RT_php_ci\ci4\system\CodeIgniter.php(419): CodeIgniter\CodeIgniter->runController(Object(App\Controllers\Page))
#8 C:\xampp\htdocs\lab12_Iuran_KAS_RT_php_ci\ci4\system\CodeIgniter.php(326): CodeIgniter\CodeIgniter->handleRequest(NULL, Object(Config\Cache), false)
#9 C:\xampp\htdocs\lab12_Iuran_KAS_RT_php_ci\ci4\public\index.php(37): CodeIgniter\CodeIgniter->run()
#10 C:\xampp\htdocs\lab12_Iuran_KAS_RT_php_ci\ci4\system\Commands\Server\rewrite.php(43): require_once('C:\\xampp\\htdocs...')
#11 {main}
CRITICAL - 2022-07-02 08:27:45 --> mysqli_query() expects at least 2 parameters, 1 given
#0 [internal function]: CodeIgniter\Debug\Exceptions->errorHandler(2, 'mysqli_query() ...', 'C:\\xampp\\htdocs...', 4, Array)
#1 C:\xampp\htdocs\lab12_Iuran_KAS_RT_php_ci\ci4\app\Views\warga.php(4): mysqli_query('SELECT * FROM i...')
#2 C:\xampp\htdocs\lab12_Iuran_KAS_RT_php_ci\ci4\system\View\View.php(210): include('C:\\xampp\\htdocs...')
#3 C:\xampp\htdocs\lab12_Iuran_KAS_RT_php_ci\ci4\system\View\View.php(213): CodeIgniter\View\View->CodeIgniter\View\{closure}()
#4 C:\xampp\htdocs\lab12_Iuran_KAS_RT_php_ci\ci4\system\Common.php(1089): CodeIgniter\View\View->render('warga', Array, true)
#5 C:\xampp\htdocs\lab12_Iuran_KAS_RT_php_ci\ci4\app\Controllers\page.php(16): view('warga', Array)
#6 C:\xampp\htdocs\lab12_Iuran_KAS_RT_php_ci\ci4\system\CodeIgniter.php(832): App\Controllers\Page->warga()
#7 C:\xampp\htdocs\lab12_Iuran_KAS_RT_php_ci\ci4\system\CodeIgniter.php(419): CodeIgniter\CodeIgniter->runController(Object(App\Controllers\Page))
#8 C:\xampp\htdocs\lab12_Iuran_KAS_RT_php_ci\ci4\system\CodeIgniter.php(326): CodeIgniter\CodeIgniter->handleRequest(NULL, Object(Config\Cache), false)
#9 C:\xampp\htdocs\lab12_Iuran_KAS_RT_php_ci\ci4\public\index.php(37): CodeIgniter\CodeIgniter->run()
#10 C:\xampp\htdocs\lab12_Iuran_KAS_RT_php_ci\ci4\system\Commands\Server\rewrite.php(43): require_once('C:\\xampp\\htdocs...')
#11 {main}
CRITICAL - 2022-07-02 08:27:45 --> mysqli_query() expects at least 2 parameters, 1 given
#0 [internal function]: CodeIgniter\Debug\Exceptions->errorHandler(2, 'mysqli_query() ...', 'C:\\xampp\\htdocs...', 4, Array)
#1 C:\xampp\htdocs\lab12_Iuran_KAS_RT_php_ci\ci4\app\Views\warga.php(4): mysqli_query('SELECT * FROM i...')
#2 C:\xampp\htdocs\lab12_Iuran_KAS_RT_php_ci\ci4\system\View\View.php(210): include('C:\\xampp\\htdocs...')
#3 C:\xampp\htdocs\lab12_Iuran_KAS_RT_php_ci\ci4\system\View\View.php(213): CodeIgniter\View\View->CodeIgniter\View\{closure}()
#4 C:\xampp\htdocs\lab12_Iuran_KAS_RT_php_ci\ci4\system\Common.php(1089): CodeIgniter\View\View->render('warga', Array, true)
#5 C:\xampp\htdocs\lab12_Iuran_KAS_RT_php_ci\ci4\app\Controllers\page.php(16): view('warga', Array)
#6 C:\xampp\htdocs\lab12_Iuran_KAS_RT_php_ci\ci4\system\CodeIgniter.php(832): App\Controllers\Page->warga()
#7 C:\xampp\htdocs\lab12_Iuran_KAS_RT_php_ci\ci4\system\CodeIgniter.php(419): CodeIgniter\CodeIgniter->runController(Object(App\Controllers\Page))
#8 C:\xampp\htdocs\lab12_Iuran_KAS_RT_php_ci\ci4\system\CodeIgniter.php(326): CodeIgniter\CodeIgniter->handleRequest(NULL, Object(Config\Cache), false)
#9 C:\xampp\htdocs\lab12_Iuran_KAS_RT_php_ci\ci4\public\index.php(37): CodeIgniter\CodeIgniter->run()
#10 C:\xampp\htdocs\lab12_Iuran_KAS_RT_php_ci\ci4\system\Commands\Server\rewrite.php(43): require_once('C:\\xampp\\htdocs...')
#11 {main}
CRITICAL - 2022-07-02 08:28:02 --> Undefined variable: result
#0 C:\xampp\htdocs\lab12_Iuran_KAS_RT_php_ci\ci4\app\Views\warga.php(29): CodeIgniter\Debug\Exceptions->errorHandler(8, 'Undefined varia...', 'C:\\xampp\\htdocs...', 29, Array)
#1 C:\xampp\htdocs\lab12_Iuran_KAS_RT_php_ci\ci4\system\View\View.php(210): include('C:\\xampp\\htdocs...')
#2 C:\xampp\htdocs\lab12_Iuran_KAS_RT_php_ci\ci4\system\View\View.php(213): CodeIgniter\View\View->CodeIgniter\View\{closure}()
#3 C:\xampp\htdocs\lab12_Iuran_KAS_RT_php_ci\ci4\system\Common.php(1089): CodeIgniter\View\View->render('warga', Array, true)
#4 C:\xampp\htdocs\lab12_Iuran_KAS_RT_php_ci\ci4\app\Controllers\page.php(16): view('warga', Array)
#5 C:\xampp\htdocs\lab12_Iuran_KAS_RT_php_ci\ci4\system\CodeIgniter.php(832): App\Controllers\Page->warga()
#6 C:\xampp\htdocs\lab12_Iuran_KAS_RT_php_ci\ci4\system\CodeIgniter.php(419): CodeIgniter\CodeIgniter->runController(Object(App\Controllers\Page))
#7 C:\xampp\htdocs\lab12_Iuran_KAS_RT_php_ci\ci4\system\CodeIgniter.php(326): CodeIgniter\CodeIgniter->handleRequest(NULL, Object(Config\Cache), false)
#8 C:\xampp\htdocs\lab12_Iuran_KAS_RT_php_ci\ci4\public\index.php(37): CodeIgniter\CodeIgniter->run()
#9 C:\xampp\htdocs\lab12_Iuran_KAS_RT_php_ci\ci4\system\Commands\Server\rewrite.php(43): require_once('C:\\xampp\\htdocs...')
#10 {main}
CRITICAL - 2022-07-02 08:28:36 --> syntax error, unexpected 'else' (T_ELSE), expecting end of file
#0 C:\xampp\htdocs\lab12_Iuran_KAS_RT_php_ci\ci4\system\View\View.php(213): CodeIgniter\View\View->CodeIgniter\View\{closure}()
#1 C:\xampp\htdocs\lab12_Iuran_KAS_RT_php_ci\ci4\system\Common.php(1089): CodeIgniter\View\View->render('warga', Array, true)
#2 C:\xampp\htdocs\lab12_Iuran_KAS_RT_php_ci\ci4\app\Controllers\page.php(16): view('warga', Array)
#3 C:\xampp\htdocs\lab12_Iuran_KAS_RT_php_ci\ci4\system\CodeIgniter.php(832): App\Controllers\Page->warga()
#4 C:\xampp\htdocs\lab12_Iuran_KAS_RT_php_ci\ci4\system\CodeIgniter.php(419): CodeIgniter\CodeIgniter->runController(Object(App\Controllers\Page))
#5 C:\xampp\htdocs\lab12_Iuran_KAS_RT_php_ci\ci4\system\CodeIgniter.php(326): CodeIgniter\CodeIgniter->handleRequest(NULL, Object(Config\Cache), false)
#6 C:\xampp\htdocs\lab12_Iuran_KAS_RT_php_ci\ci4\public\index.php(37): CodeIgniter\CodeIgniter->run()
#7 C:\xampp\htdocs\lab12_Iuran_KAS_RT_php_ci\ci4\system\Commands\Server\rewrite.php(43): require_once('C:\\xampp\\htdocs...')
#8 {main}
CRITICAL - 2022-07-02 08:28:49 --> syntax error, unexpected 'endif' (T_ENDIF)
#0 C:\xampp\htdocs\lab12_Iuran_KAS_RT_php_ci\ci4\system\View\View.php(213): CodeIgniter\View\View->CodeIgniter\View\{closure}()
#1 C:\xampp\htdocs\lab12_Iuran_KAS_RT_php_ci\ci4\system\Common.php(1089): CodeIgniter\View\View->render('warga', Array, true)
#2 C:\xampp\htdocs\lab12_Iuran_KAS_RT_php_ci\ci4\app\Controllers\page.php(16): view('warga', Array)
#3 C:\xampp\htdocs\lab12_Iuran_KAS_RT_php_ci\ci4\system\CodeIgniter.php(832): App\Controllers\Page->warga()
#4 C:\xampp\htdocs\lab12_Iuran_KAS_RT_php_ci\ci4\system\CodeIgniter.php(419): CodeIgniter\CodeIgniter->runController(Object(App\Controllers\Page))
#5 C:\xampp\htdocs\lab12_Iuran_KAS_RT_php_ci\ci4\system\CodeIgniter.php(326): CodeIgniter\CodeIgniter->handleRequest(NULL, Object(Config\Cache), false)
#6 C:\xampp\htdocs\lab12_Iuran_KAS_RT_php_ci\ci4\public\index.php(37): CodeIgniter\CodeIgniter->run()
#7 C:\xampp\htdocs\lab12_Iuran_KAS_RT_php_ci\ci4\system\Commands\Server\rewrite.php(43): require_once('C:\\xampp\\htdocs...')
#8 {main}
CRITICAL - 2022-07-02 08:28:59 --> syntax error, unexpected end of file
#0 C:\xampp\htdocs\lab12_Iuran_KAS_RT_php_ci\ci4\system\View\View.php(213): CodeIgniter\View\View->CodeIgniter\View\{closure}()
#1 C:\xampp\htdocs\lab12_Iuran_KAS_RT_php_ci\ci4\system\Common.php(1089): CodeIgniter\View\View->render('warga', Array, true)
#2 C:\xampp\htdocs\lab12_Iuran_KAS_RT_php_ci\ci4\app\Controllers\page.php(16): view('warga', Array)
#3 C:\xampp\htdocs\lab12_Iuran_KAS_RT_php_ci\ci4\system\CodeIgniter.php(832): App\Controllers\Page->warga()
#4 C:\xampp\htdocs\lab12_Iuran_KAS_RT_php_ci\ci4\system\CodeIgniter.php(419): CodeIgniter\CodeIgniter->runController(Object(App\Controllers\Page))
#5 C:\xampp\htdocs\lab12_Iuran_KAS_RT_php_ci\ci4\system\CodeIgniter.php(326): CodeIgniter\CodeIgniter->handleRequest(NULL, Object(Config\Cache), false)
#6 C:\xampp\htdocs\lab12_Iuran_KAS_RT_php_ci\ci4\public\index.php(37): CodeIgniter\CodeIgniter->run()
#7 C:\xampp\htdocs\lab12_Iuran_KAS_RT_php_ci\ci4\system\Commands\Server\rewrite.php(43): require_once('C:\\xampp\\htdocs...')
#8 {main}
CRITICAL - 2022-07-02 08:30:10 --> syntax error, unexpected end of file
#0 C:\xampp\htdocs\lab12_Iuran_KAS_RT_php_ci\ci4\system\View\View.php(213): CodeIgniter\View\View->CodeIgniter\View\{closure}()
#1 C:\xampp\htdocs\lab12_Iuran_KAS_RT_php_ci\ci4\system\Common.php(1089): CodeIgniter\View\View->render('warga', Array, true)
#2 C:\xampp\htdocs\lab12_Iuran_KAS_RT_php_ci\ci4\app\Controllers\page.php(16): view('warga', Array)
#3 C:\xampp\htdocs\lab12_Iuran_KAS_RT_php_ci\ci4\system\CodeIgniter.php(832): App\Controllers\Page->warga()
#4 C:\xampp\htdocs\lab12_Iuran_KAS_RT_php_ci\ci4\system\CodeIgniter.php(419): CodeIgniter\CodeIgniter->runController(Object(App\Controllers\Page))
#5 C:\xampp\htdocs\lab12_Iuran_KAS_RT_php_ci\ci4\system\CodeIgniter.php(326): CodeIgniter\CodeIgniter->handleRequest(NULL, Object(Config\Cache), false)
#6 C:\xampp\htdocs\lab12_Iuran_KAS_RT_php_ci\ci4\public\index.php(37): CodeIgniter\CodeIgniter->run()
#7 C:\xampp\htdocs\lab12_Iuran_KAS_RT_php_ci\ci4\system\Commands\Server\rewrite.php(43): require_once('C:\\xampp\\htdocs...')
#8 {main}
CRITICAL - 2022-07-02 08:30:11 --> syntax error, unexpected end of file
#0 C:\xampp\htdocs\lab12_Iuran_KAS_RT_php_ci\ci4\system\View\View.php(213): CodeIgniter\View\View->CodeIgniter\View\{closure}()
#1 C:\xampp\htdocs\lab12_Iuran_KAS_RT_php_ci\ci4\system\Common.php(1089): CodeIgniter\View\View->render('warga', Array, true)
#2 C:\xampp\htdocs\lab12_Iuran_KAS_RT_php_ci\ci4\app\Controllers\page.php(16): view('warga', Array)
#3 C:\xampp\htdocs\lab12_Iuran_KAS_RT_php_ci\ci4\system\CodeIgniter.php(832): App\Controllers\Page->warga()
#4 C:\xampp\htdocs\lab12_Iuran_KAS_RT_php_ci\ci4\system\CodeIgniter.php(419): CodeIgniter\CodeIgniter->runController(Object(App\Controllers\Page))
#5 C:\xampp\htdocs\lab12_Iuran_KAS_RT_php_ci\ci4\system\CodeIgniter.php(326): CodeIgniter\CodeIgniter->handleRequest(NULL, Object(Config\Cache), false)
#6 C:\xampp\htdocs\lab12_Iuran_KAS_RT_php_ci\ci4\public\index.php(37): CodeIgniter\CodeIgniter->run()
#7 C:\xampp\htdocs\lab12_Iuran_KAS_RT_php_ci\ci4\system\Commands\Server\rewrite.php(43): require_once('C:\\xampp\\htdocs...')
#8 {main}
CRITICAL - 2022-07-02 08:30:12 --> syntax error, unexpected end of file
#0 C:\xampp\htdocs\lab12_Iuran_KAS_RT_php_ci\ci4\system\View\View.php(213): CodeIgniter\View\View->CodeIgniter\View\{closure}()
#1 C:\xampp\htdocs\lab12_Iuran_KAS_RT_php_ci\ci4\system\Common.php(1089): CodeIgniter\View\View->render('warga', Array, true)
#2 C:\xampp\htdocs\lab12_Iuran_KAS_RT_php_ci\ci4\app\Controllers\page.php(16): view('warga', Array)
#3 C:\xampp\htdocs\lab12_Iuran_KAS_RT_php_ci\ci4\system\CodeIgniter.php(832): App\Controllers\Page->warga()
#4 C:\xampp\htdocs\lab12_Iuran_KAS_RT_php_ci\ci4\system\CodeIgniter.php(419): CodeIgniter\CodeIgniter->runController(Object(App\Controllers\Page))
#5 C:\xampp\htdocs\lab12_Iuran_KAS_RT_php_ci\ci4\system\CodeIgniter.php(326): CodeIgniter\CodeIgniter->handleRequest(NULL, Object(Config\Cache), false)
#6 C:\xampp\htdocs\lab12_Iuran_KAS_RT_php_ci\ci4\public\index.php(37): CodeIgniter\CodeIgniter->run()
#7 C:\xampp\htdocs\lab12_Iuran_KAS_RT_php_ci\ci4\system\Commands\Server\rewrite.php(43): require_once('C:\\xampp\\htdocs...')
#8 {main}
CRITICAL - 2022-07-02 08:30:12 --> syntax error, unexpected end of file
#0 C:\xampp\htdocs\lab12_Iuran_KAS_RT_php_ci\ci4\system\View\View.php(213): CodeIgniter\View\View->CodeIgniter\View\{closure}()
#1 C:\xampp\htdocs\lab12_Iuran_KAS_RT_php_ci\ci4\system\Common.php(1089): CodeIgniter\View\View->render('warga', Array, true)
#2 C:\xampp\htdocs\lab12_Iuran_KAS_RT_php_ci\ci4\app\Controllers\page.php(16): view('warga', Array)
#3 C:\xampp\htdocs\lab12_Iuran_KAS_RT_php_ci\ci4\system\CodeIgniter.php(832): App\Controllers\Page->warga()
#4 C:\xampp\htdocs\lab12_Iuran_KAS_RT_php_ci\ci4\system\CodeIgniter.php(419): CodeIgniter\CodeIgniter->runController(Object(App\Controllers\Page))
#5 C:\xampp\htdocs\lab12_Iuran_KAS_RT_php_ci\ci4\system\CodeIgniter.php(326): CodeIgniter\CodeIgniter->handleRequest(NULL, Object(Config\Cache), false)
#6 C:\xampp\htdocs\lab12_Iuran_KAS_RT_php_ci\ci4\public\index.php(37): CodeIgniter\CodeIgniter->run()
#7 C:\xampp\htdocs\lab12_Iuran_KAS_RT_php_ci\ci4\system\Commands\Server\rewrite.php(43): require_once('C:\\xampp\\htdocs...')
#8 {main}
CRITICAL - 2022-07-02 08:30:20 --> syntax error, unexpected end of file
#0 C:\xampp\htdocs\lab12_Iuran_KAS_RT_php_ci\ci4\system\View\View.php(213): CodeIgniter\View\View->CodeIgniter\View\{closure}()
#1 C:\xampp\htdocs\lab12_Iuran_KAS_RT_php_ci\ci4\system\Common.php(1089): CodeIgniter\View\View->render('warga', Array, true)
#2 C:\xampp\htdocs\lab12_Iuran_KAS_RT_php_ci\ci4\app\Controllers\page.php(16): view('warga', Array)
#3 C:\xampp\htdocs\lab12_Iuran_KAS_RT_php_ci\ci4\system\CodeIgniter.php(832): App\Controllers\Page->warga()
#4 C:\xampp\htdocs\lab12_Iuran_KAS_RT_php_ci\ci4\system\CodeIgniter.php(419): CodeIgniter\CodeIgniter->runController(Object(App\Controllers\Page))
#5 C:\xampp\htdocs\lab12_Iuran_KAS_RT_php_ci\ci4\system\CodeIgniter.php(326): CodeIgniter\CodeIgniter->handleRequest(NULL, Object(Config\Cache), false)
#6 C:\xampp\htdocs\lab12_Iuran_KAS_RT_php_ci\ci4\public\index.php(37): CodeIgniter\CodeIgniter->run()
#7 C:\xampp\htdocs\lab12_Iuran_KAS_RT_php_ci\ci4\system\Commands\Server\rewrite.php(43): require_once('C:\\xampp\\htdocs...')
#8 {main}
CRITICAL - 2022-07-02 12:04:45 --> Invalid file: warga.php
#0 C:\xampp\htdocs\lab12_Iuran_KAS_RT_php_ci\ci4\system\View\View.php(198): CodeIgniter\Exceptions\FrameworkException::forInvalidFile('warga.php')
#1 C:\xampp\htdocs\lab12_Iuran_KAS_RT_php_ci\ci4\system\Common.php(1089): CodeIgniter\View\View->render('warga', Array, true)
#2 C:\xampp\htdocs\lab12_Iuran_KAS_RT_php_ci\ci4\app\Controllers\page.php(17): view('warga', Array)
#3 C:\xampp\htdocs\lab12_Iuran_KAS_RT_php_ci\ci4\system\CodeIgniter.php(832): App\Controllers\Page->warga()
#4 C:\xampp\htdocs\lab12_Iuran_KAS_RT_php_ci\ci4\system\CodeIgniter.php(419): CodeIgniter\CodeIgniter->runController(Object(App\Controllers\Page))
#5 C:\xampp\htdocs\lab12_Iuran_KAS_RT_php_ci\ci4\system\CodeIgniter.php(326): CodeIgniter\CodeIgniter->handleRequest(NULL, Object(Config\Cache), false)
#6 C:\xampp\htdocs\lab12_Iuran_KAS_RT_php_ci\ci4\public\index.php(37): CodeIgniter\CodeIgniter->run()
#7 C:\xampp\htdocs\lab12_Iuran_KAS_RT_php_ci\ci4\system\Commands\Server\rewrite.php(43): require_once('C:\\xampp\\htdocs...')
#8 {main}
CRITICAL - 2022-07-02 12:04:56 --> Invalid file: warga.php
#0 C:\xampp\htdocs\lab12_Iuran_KAS_RT_php_ci\ci4\system\View\View.php(198): CodeIgniter\Exceptions\FrameworkException::forInvalidFile('warga.php')
#1 C:\xampp\htdocs\lab12_Iuran_KAS_RT_php_ci\ci4\system\Common.php(1089): CodeIgniter\View\View->render('warga', Array, true)
#2 C:\xampp\htdocs\lab12_Iuran_KAS_RT_php_ci\ci4\app\Controllers\page.php(17): view('warga', Array)
#3 C:\xampp\htdocs\lab12_Iuran_KAS_RT_php_ci\ci4\system\CodeIgniter.php(832): App\Controllers\Page->warga()
#4 C:\xampp\htdocs\lab12_Iuran_KAS_RT_php_ci\ci4\system\CodeIgniter.php(419): CodeIgniter\CodeIgniter->runController(Object(App\Controllers\Page))
#5 C:\xampp\htdocs\lab12_Iuran_KAS_RT_php_ci\ci4\system\CodeIgniter.php(326): CodeIgniter\CodeIgniter->handleRequest(NULL, Object(Config\Cache), false)
#6 C:\xampp\htdocs\lab12_Iuran_KAS_RT_php_ci\ci4\public\index.php(37): CodeIgniter\CodeIgniter->run()
#7 C:\xampp\htdocs\lab12_Iuran_KAS_RT_php_ci\ci4\system\Commands\Server\rewrite.php(43): require_once('C:\\xampp\\htdocs...')
#8 {main}
CRITICAL - 2022-07-02 12:25:16 --> Invalid file: warga.php
#0 C:\xampp\htdocs\lab12_Iuran_KAS_RT_php_ci\ci4\system\View\View.php(198): CodeIgniter\Exceptions\FrameworkException::forInvalidFile('warga.php')
#1 C:\xampp\htdocs\lab12_Iuran_KAS_RT_php_ci\ci4\system\Common.php(1089): CodeIgniter\View\View->render('warga', Array, true)
#2 C:\xampp\htdocs\lab12_Iuran_KAS_RT_php_ci\ci4\app\Controllers\page.php(17): view('warga', Array)
#3 C:\xampp\htdocs\lab12_Iuran_KAS_RT_php_ci\ci4\system\CodeIgniter.php(832): App\Controllers\Page->warga()
#4 C:\xampp\htdocs\lab12_Iuran_KAS_RT_php_ci\ci4\system\CodeIgniter.php(419): CodeIgniter\CodeIgniter->runController(Object(App\Controllers\Page))
#5 C:\xampp\htdocs\lab12_Iuran_KAS_RT_php_ci\ci4\system\CodeIgniter.php(326): CodeIgniter\CodeIgniter->handleRequest(NULL, Object(Config\Cache), false)
#6 C:\xampp\htdocs\lab12_Iuran_KAS_RT_php_ci\ci4\public\index.php(37): CodeIgniter\CodeIgniter->run()
#7 C:\xampp\htdocs\lab12_Iuran_KAS_RT_php_ci\ci4\system\Commands\Server\rewrite.php(43): require_once('C:\\xampp\\htdocs...')
#8 {main}
CRITICAL - 2022-07-02 12:25:18 --> Invalid file: warga.php
#0 C:\xampp\htdocs\lab12_Iuran_KAS_RT_php_ci\ci4\system\View\View.php(198): CodeIgniter\Exceptions\FrameworkException::forInvalidFile('warga.php')
#1 C:\xampp\htdocs\lab12_Iuran_KAS_RT_php_ci\ci4\system\Common.php(1089): CodeIgniter\View\View->render('warga', Array, true)
#2 C:\xampp\htdocs\lab12_Iuran_KAS_RT_php_ci\ci4\app\Controllers\page.php(17): view('warga', Array)
#3 C:\xampp\htdocs\lab12_Iuran_KAS_RT_php_ci\ci4\system\CodeIgniter.php(832): App\Controllers\Page->warga()
#4 C:\xampp\htdocs\lab12_Iuran_KAS_RT_php_ci\ci4\system\CodeIgniter.php(419): CodeIgniter\CodeIgniter->runController(Object(App\Controllers\Page))
#5 C:\xampp\htdocs\lab12_Iuran_KAS_RT_php_ci\ci4\system\CodeIgniter.php(326): CodeIgniter\CodeIgniter->handleRequest(NULL, Object(Config\Cache), false)
#6 C:\xampp\htdocs\lab12_Iuran_KAS_RT_php_ci\ci4\public\index.php(37): CodeIgniter\CodeIgniter->run()
#7 C:\xampp\htdocs\lab12_Iuran_KAS_RT_php_ci\ci4\system\Commands\Server\rewrite.php(43): require_once('C:\\xampp\\htdocs...')
#8 {main}
CRITICAL - 2022-07-02 12:26:16 --> Invalid file: warga.php
#0 C:\xampp\htdocs\lab12_Iuran_KAS_RT_php_ci\ci4\system\View\View.php(198): CodeIgniter\Exceptions\FrameworkException::forInvalidFile('warga.php')
#1 C:\xampp\htdocs\lab12_Iuran_KAS_RT_php_ci\ci4\system\Common.php(1089): CodeIgniter\View\View->render('warga', Array, true)
#2 C:\xampp\htdocs\lab12_Iuran_KAS_RT_php_ci\ci4\app\Controllers\page.php(17): view('warga', Array)
#3 C:\xampp\htdocs\lab12_Iuran_KAS_RT_php_ci\ci4\system\CodeIgniter.php(832): App\Controllers\Page->warga()
#4 C:\xampp\htdocs\lab12_Iuran_KAS_RT_php_ci\ci4\system\CodeIgniter.php(419): CodeIgniter\CodeIgniter->runController(Object(App\Controllers\Page))
#5 C:\xampp\htdocs\lab12_Iuran_KAS_RT_php_ci\ci4\system\CodeIgniter.php(326): CodeIgniter\CodeIgniter->handleRequest(NULL, Object(Config\Cache), false)
#6 C:\xampp\htdocs\lab12_Iuran_KAS_RT_php_ci\ci4\public\index.php(37): CodeIgniter\CodeIgniter->run()
#7 C:\xampp\htdocs\lab12_Iuran_KAS_RT_php_ci\ci4\system\Commands\Server\rewrite.php(43): require_once('C:\\xampp\\htdocs...')
#8 {main}
CRITICAL - 2022-07-02 12:26:16 --> Invalid file: warga.php
#0 C:\xampp\htdocs\lab12_Iuran_KAS_RT_php_ci\ci4\system\View\View.php(198): CodeIgniter\Exceptions\FrameworkException::forInvalidFile('warga.php')
#1 C:\xampp\htdocs\lab12_Iuran_KAS_RT_php_ci\ci4\system\Common.php(1089): CodeIgniter\View\View->render('warga', Array, true)
#2 C:\xampp\htdocs\lab12_Iuran_KAS_RT_php_ci\ci4\app\Controllers\page.php(17): view('warga', Array)
#3 C:\xampp\htdocs\lab12_Iuran_KAS_RT_php_ci\ci4\system\CodeIgniter.php(832): App\Controllers\Page->warga()
#4 C:\xampp\htdocs\lab12_Iuran_KAS_RT_php_ci\ci4\system\CodeIgniter.php(419): CodeIgniter\CodeIgniter->runController(Object(App\Controllers\Page))
#5 C:\xampp\htdocs\lab12_Iuran_KAS_RT_php_ci\ci4\system\CodeIgniter.php(326): CodeIgniter\CodeIgniter->handleRequest(NULL, Object(Config\Cache), false)
#6 C:\xampp\htdocs\lab12_Iuran_KAS_RT_php_ci\ci4\public\index.php(37): CodeIgniter\CodeIgniter->run()
#7 C:\xampp\htdocs\lab12_Iuran_KAS_RT_php_ci\ci4\system\Commands\Server\rewrite.php(43): require_once('C:\\xampp\\htdocs...')
#8 {main}
CRITICAL - 2022-07-02 12:27:55 --> Invalid file: warga.php
#0 C:\xampp\htdocs\lab12_Iuran_KAS_RT_php_ci\ci4\system\View\View.php(198): CodeIgniter\Exceptions\FrameworkException::forInvalidFile('warga.php')
#1 C:\xampp\htdocs\lab12_Iuran_KAS_RT_php_ci\ci4\system\Common.php(1089): CodeIgniter\View\View->render('warga', Array, true)
#2 C:\xampp\htdocs\lab12_Iuran_KAS_RT_php_ci\ci4\app\Controllers\page.php(17): view('warga', Array)
#3 C:\xampp\htdocs\lab12_Iuran_KAS_RT_php_ci\ci4\system\CodeIgniter.php(832): App\Controllers\Page->warga()
#4 C:\xampp\htdocs\lab12_Iuran_KAS_RT_php_ci\ci4\system\CodeIgniter.php(419): CodeIgniter\CodeIgniter->runController(Object(App\Controllers\Page))
#5 C:\xampp\htdocs\lab12_Iuran_KAS_RT_php_ci\ci4\system\CodeIgniter.php(326): CodeIgniter\CodeIgniter->handleRequest(NULL, Object(Config\Cache), false)
#6 C:\xampp\htdocs\lab12_Iuran_KAS_RT_php_ci\ci4\public\index.php(37): CodeIgniter\CodeIgniter->run()
#7 C:\xampp\htdocs\lab12_Iuran_KAS_RT_php_ci\ci4\system\Commands\Server\rewrite.php(43): require_once('C:\\xampp\\htdocs...')
#8 {main}
CRITICAL - 2022-07-02 12:35:46 --> Invalid file: warga.php
#0 C:\xampp\htdocs\lab12_Iuran_KAS_RT_php_ci\ci4\system\View\View.php(198): CodeIgniter\Exceptions\FrameworkException::forInvalidFile('warga.php')
#1 C:\xampp\htdocs\lab12_Iuran_KAS_RT_php_ci\ci4\system\Common.php(1089): CodeIgniter\View\View->render('warga', Array, true)
#2 C:\xampp\htdocs\lab12_Iuran_KAS_RT_php_ci\ci4\app\Controllers\page.php(17): view('warga', Array)
#3 C:\xampp\htdocs\lab12_Iuran_KAS_RT_php_ci\ci4\system\CodeIgniter.php(832): App\Controllers\Page->warga()
#4 C:\xampp\htdocs\lab12_Iuran_KAS_RT_php_ci\ci4\system\CodeIgniter.php(419): CodeIgniter\CodeIgniter->runController(Object(App\Controllers\Page))
#5 C:\xampp\htdocs\lab12_Iuran_KAS_RT_php_ci\ci4\system\CodeIgniter.php(326): CodeIgniter\CodeIgniter->handleRequest(NULL, Object(Config\Cache), false)
#6 C:\xampp\htdocs\lab12_Iuran_KAS_RT_php_ci\ci4\public\index.php(37): CodeIgniter\CodeIgniter->run()
#7 C:\xampp\htdocs\lab12_Iuran_KAS_RT_php_ci\ci4\system\Commands\Server\rewrite.php(43): require_once('C:\\xampp\\htdocs...')
#8 {main}
CRITICAL - 2022-07-02 12:36:03 --> Invalid file: warga.php
#0 C:\xampp\htdocs\lab12_Iuran_KAS_RT_php_ci\ci4\system\View\View.php(198): CodeIgniter\Exceptions\FrameworkException::forInvalidFile('warga.php')
#1 C:\xampp\htdocs\lab12_Iuran_KAS_RT_php_ci\ci4\system\Common.php(1089): CodeIgniter\View\View->render('warga', Array, true)
#2 C:\xampp\htdocs\lab12_Iuran_KAS_RT_php_ci\ci4\app\Controllers\page.php(17): view('warga', Array)
#3 C:\xampp\htdocs\lab12_Iuran_KAS_RT_php_ci\ci4\system\CodeIgniter.php(832): App\Controllers\Page->warga()
#4 C:\xampp\htdocs\lab12_Iuran_KAS_RT_php_ci\ci4\system\CodeIgniter.php(419): CodeIgniter\CodeIgniter->runController(Object(App\Controllers\Page))
#5 C:\xampp\htdocs\lab12_Iuran_KAS_RT_php_ci\ci4\system\CodeIgniter.php(326): CodeIgniter\CodeIgniter->handleRequest(NULL, Object(Config\Cache), false)
#6 C:\xampp\htdocs\lab12_Iuran_KAS_RT_php_ci\ci4\public\index.php(37): CodeIgniter\CodeIgniter->run()
#7 C:\xampp\htdocs\lab12_Iuran_KAS_RT_php_ci\ci4\system\Commands\Server\rewrite.php(43): require_once('C:\\xampp\\htdocs...')
#8 {main}
CRITICAL - 2022-07-02 12:40:38 --> Invalid file: warga.php
#0 C:\xampp\htdocs\lab12_Iuran_KAS_RT_php_ci\ci4\system\View\View.php(198): CodeIgniter\Exceptions\FrameworkException::forInvalidFile('warga.php')
#1 C:\xampp\htdocs\lab12_Iuran_KAS_RT_php_ci\ci4\system\Common.php(1089): CodeIgniter\View\View->render('warga', Array, true)
#2 C:\xampp\htdocs\lab12_Iuran_KAS_RT_php_ci\ci4\app\Controllers\page.php(17): view('warga', Array)
#3 C:\xampp\htdocs\lab12_Iuran_KAS_RT_php_ci\ci4\system\CodeIgniter.php(832): App\Controllers\Page->warga()
#4 C:\xampp\htdocs\lab12_Iuran_KAS_RT_php_ci\ci4\system\CodeIgniter.php(419): CodeIgniter\CodeIgniter->runController(Object(App\Controllers\Page))
#5 C:\xampp\htdocs\lab12_Iuran_KAS_RT_php_ci\ci4\system\CodeIgniter.php(326): CodeIgniter\CodeIgniter->handleRequest(NULL, Object(Config\Cache), false)
#6 C:\xampp\htdocs\lab12_Iuran_KAS_RT_php_ci\ci4\public\index.php(37): CodeIgniter\CodeIgniter->run()
#7 C:\xampp\htdocs\lab12_Iuran_KAS_RT_php_ci\ci4\system\Commands\Server\rewrite.php(43): require_once('C:\\xampp\\htdocs...')
#8 {main}
CRITICAL - 2022-07-02 12:51:26 --> Invalid file: warga.php
#0 C:\xampp\htdocs\lab12_Iuran_KAS_RT_php_ci\ci4\system\View\View.php(198): CodeIgniter\Exceptions\FrameworkException::forInvalidFile('warga.php')
#1 C:\xampp\htdocs\lab12_Iuran_KAS_RT_php_ci\ci4\system\Common.php(1089): CodeIgniter\View\View->render('warga', Array, true)
#2 C:\xampp\htdocs\lab12_Iuran_KAS_RT_php_ci\ci4\app\Controllers\page.php(17): view('warga', Array)
#3 C:\xampp\htdocs\lab12_Iuran_KAS_RT_php_ci\ci4\system\CodeIgniter.php(832): App\Controllers\Page->warga()
#4 C:\xampp\htdocs\lab12_Iuran_KAS_RT_php_ci\ci4\system\CodeIgniter.php(419): CodeIgniter\CodeIgniter->runController(Object(App\Controllers\Page))
#5 C:\xampp\htdocs\lab12_Iuran_KAS_RT_php_ci\ci4\system\CodeIgniter.php(326): CodeIgniter\CodeIgniter->handleRequest(NULL, Object(Config\Cache), false)
#6 C:\xampp\htdocs\lab12_Iuran_KAS_RT_php_ci\ci4\public\index.php(37): CodeIgniter\CodeIgniter->run()
#7 C:\xampp\htdocs\lab12_Iuran_KAS_RT_php_ci\ci4\system\Commands\Server\rewrite.php(43): require_once('C:\\xampp\\htdocs...')
#8 {main}
CRITICAL - 2022-07-02 12:51:29 --> Invalid file: warga.php
#0 C:\xampp\htdocs\lab12_Iuran_KAS_RT_php_ci\ci4\system\View\View.php(198): CodeIgniter\Exceptions\FrameworkException::forInvalidFile('warga.php')
#1 C:\xampp\htdocs\lab12_Iuran_KAS_RT_php_ci\ci4\system\Common.php(1089): CodeIgniter\View\View->render('warga', Array, true)
#2 C:\xampp\htdocs\lab12_Iuran_KAS_RT_php_ci\ci4\app\Controllers\page.php(17): view('warga', Array)
#3 C:\xampp\htdocs\lab12_Iuran_KAS_RT_php_ci\ci4\system\CodeIgniter.php(832): App\Controllers\Page->warga()
#4 C:\xampp\htdocs\lab12_Iuran_KAS_RT_php_ci\ci4\system\CodeIgniter.php(419): CodeIgniter\CodeIgniter->runController(Object(App\Controllers\Page))
#5 C:\xampp\htdocs\lab12_Iuran_KAS_RT_php_ci\ci4\system\CodeIgniter.php(326): CodeIgniter\CodeIgniter->handleRequest(NULL, Object(Config\Cache), false)
#6 C:\xampp\htdocs\lab12_Iuran_KAS_RT_php_ci\ci4\public\index.php(37): CodeIgniter\CodeIgniter->run()
#7 C:\xampp\htdocs\lab12_Iuran_KAS_RT_php_ci\ci4\system\Commands\Server\rewrite.php(43): require_once('C:\\xampp\\htdocs...')
#8 {main}
CRITICAL - 2022-07-02 12:51:48 --> Invalid file: warga.php
#0 C:\xampp\htdocs\lab12_Iuran_KAS_RT_php_ci\ci4\system\View\View.php(198): CodeIgniter\Exceptions\FrameworkException::forInvalidFile('warga.php')
#1 C:\xampp\htdocs\lab12_Iuran_KAS_RT_php_ci\ci4\system\Common.php(1089): CodeIgniter\View\View->render('warga', Array, true)
#2 C:\xampp\htdocs\lab12_Iuran_KAS_RT_php_ci\ci4\app\Controllers\page.php(17): view('warga', Array)
#3 C:\xampp\htdocs\lab12_Iuran_KAS_RT_php_ci\ci4\system\CodeIgniter.php(832): App\Controllers\Page->warga()
#4 C:\xampp\htdocs\lab12_Iuran_KAS_RT_php_ci\ci4\system\CodeIgniter.php(419): CodeIgniter\CodeIgniter->runController(Object(App\Controllers\Page))
#5 C:\xampp\htdocs\lab12_Iuran_KAS_RT_php_ci\ci4\system\CodeIgniter.php(326): CodeIgniter\CodeIgniter->handleRequest(NULL, Object(Config\Cache), false)
#6 C:\xampp\htdocs\lab12_Iuran_KAS_RT_php_ci\ci4\public\index.php(37): CodeIgniter\CodeIgniter->run()
#7 C:\xampp\htdocs\lab12_Iuran_KAS_RT_php_ci\ci4\system\Commands\Server\rewrite.php(43): require_once('C:\\xampp\\htdocs...')
#8 {main}
CRITICAL - 2022-07-02 12:52:00 --> Invalid file: warga.php
#0 C:\xampp\htdocs\lab12_Iuran_KAS_RT_php_ci\ci4\system\View\View.php(198): CodeIgniter\Exceptions\FrameworkException::forInvalidFile('warga.php')
#1 C:\xampp\htdocs\lab12_Iuran_KAS_RT_php_ci\ci4\system\Common.php(1089): CodeIgniter\View\View->render('warga', Array, true)
#2 C:\xampp\htdocs\lab12_Iuran_KAS_RT_php_ci\ci4\app\Controllers\page.php(17): view('warga', Array)
#3 C:\xampp\htdocs\lab12_Iuran_KAS_RT_php_ci\ci4\system\CodeIgniter.php(832): App\Controllers\Page->warga()
#4 C:\xampp\htdocs\lab12_Iuran_KAS_RT_php_ci\ci4\system\CodeIgniter.php(419): CodeIgniter\CodeIgniter->runController(Object(App\Controllers\Page))
#5 C:\xampp\htdocs\lab12_Iuran_KAS_RT_php_ci\ci4\system\CodeIgniter.php(326): CodeIgniter\CodeIgniter->handleRequest(NULL, Object(Config\Cache), false)
#6 C:\xampp\htdocs\lab12_Iuran_KAS_RT_php_ci\ci4\public\index.php(37): CodeIgniter\CodeIgniter->run()
#7 C:\xampp\htdocs\lab12_Iuran_KAS_RT_php_ci\ci4\system\Commands\Server\rewrite.php(43): require_once('C:\\xampp\\htdocs...')
#8 {main}
CRITICAL - 2022-07-02 12:59:13 --> Invalid file: warga.php
#0 C:\xampp\htdocs\lab12_Iuran_KAS_RT_php_ci\ci4\system\View\View.php(198): CodeIgniter\Exceptions\FrameworkException::forInvalidFile('warga.php')
#1 C:\xampp\htdocs\lab12_Iuran_KAS_RT_php_ci\ci4\system\Common.php(1089): CodeIgniter\View\View->render('warga', Array, true)
#2 C:\xampp\htdocs\lab12_Iuran_KAS_RT_php_ci\ci4\app\Controllers\page.php(17): view('warga', Array)
#3 C:\xampp\htdocs\lab12_Iuran_KAS_RT_php_ci\ci4\system\CodeIgniter.php(832): App\Controllers\Page->warga()
#4 C:\xampp\htdocs\lab12_Iuran_KAS_RT_php_ci\ci4\system\CodeIgniter.php(419): CodeIgniter\CodeIgniter->runController(Object(App\Controllers\Page))
#5 C:\xampp\htdocs\lab12_Iuran_KAS_RT_php_ci\ci4\system\CodeIgniter.php(326): CodeIgniter\CodeIgniter->handleRequest(NULL, Object(Config\Cache), false)
#6 C:\xampp\htdocs\lab12_Iuran_KAS_RT_php_ci\ci4\public\index.php(37): CodeIgniter\CodeIgniter->run()
#7 C:\xampp\htdocs\lab12_Iuran_KAS_RT_php_ci\ci4\system\Commands\Server\rewrite.php(43): require_once('C:\\xampp\\htdocs...')
#8 {main}
CRITICAL - 2022-07-02 13:01:14 --> Invalid file: warga.php
#0 C:\xampp\htdocs\lab12_Iuran_KAS_RT_php_ci\ci4\system\View\View.php(198): CodeIgniter\Exceptions\FrameworkException::forInvalidFile('warga.php')
#1 C:\xampp\htdocs\lab12_Iuran_KAS_RT_php_ci\ci4\system\Common.php(1089): CodeIgniter\View\View->render('warga', Array, true)
#2 C:\xampp\htdocs\lab12_Iuran_KAS_RT_php_ci\ci4\app\Controllers\page.php(17): view('warga', Array)
#3 C:\xampp\htdocs\lab12_Iuran_KAS_RT_php_ci\ci4\system\CodeIgniter.php(832): App\Controllers\Page->warga()
#4 C:\xampp\htdocs\lab12_Iuran_KAS_RT_php_ci\ci4\system\CodeIgniter.php(419): CodeIgniter\CodeIgniter->runController(Object(App\Controllers\Page))
#5 C:\xampp\htdocs\lab12_Iuran_KAS_RT_php_ci\ci4\system\CodeIgniter.php(326): CodeIgniter\CodeIgniter->handleRequest(NULL, Object(Config\Cache), false)
#6 C:\xampp\htdocs\lab12_Iuran_KAS_RT_php_ci\ci4\public\index.php(37): CodeIgniter\CodeIgniter->run()
#7 C:\xampp\htdocs\lab12_Iuran_KAS_RT_php_ci\ci4\system\Commands\Server\rewrite.php(43): require_once('C:\\xampp\\htdocs...')
#8 {main}
CRITICAL - 2022-07-02 13:27:24 --> Undefined variable: getwarga
#0 C:\xampp\htdocs\lab12_Iuran_KAS_RT_php_ci\ci4\app\Controllers\warga_view.php(24): CodeIgniter\Debug\Exceptions->errorHandler(8, 'Undefined varia...', 'C:\\xampp\\htdocs...', 24, Array)
#1 C:\xampp\htdocs\lab12_Iuran_KAS_RT_php_ci\ci4\system\Router\Router.php(518): include_once('C:\\xampp\\htdocs...')
#2 C:\xampp\htdocs\lab12_Iuran_KAS_RT_php_ci\ci4\system\Router\Router.php(175): CodeIgniter\Router\Router->autoRoute('warga_view')
#3 C:\xampp\htdocs\lab12_Iuran_KAS_RT_php_ci\ci4\system\CodeIgniter.php(726): CodeIgniter\Router\Router->handle('warga_view')
#4 C:\xampp\htdocs\lab12_Iuran_KAS_RT_php_ci\ci4\system\CodeIgniter.php(368): CodeIgniter\CodeIgniter->tryToRouteIt(Object(CodeIgniter\Router\RouteCollection))
#5 C:\xampp\htdocs\lab12_Iuran_KAS_RT_php_ci\ci4\system\CodeIgniter.php(326): CodeIgniter\CodeIgniter->handleRequest(NULL, Object(Config\Cache), false)
#6 C:\xampp\htdocs\lab12_Iuran_KAS_RT_php_ci\ci4\public\index.php(37): CodeIgniter\CodeIgniter->run()
#7 C:\xampp\htdocs\lab12_Iuran_KAS_RT_php_ci\ci4\system\Commands\Server\rewrite.php(43): require_once('C:\\xampp\\htdocs...')
#8 {main}
CRITICAL - 2022-07-02 13:37:58 --> Call to undefined method CodeIgniter\Router\RouteCollection::getwarga()
#0 C:\xampp\htdocs\lab12_Iuran_KAS_RT_php_ci\ci4\system\CodeIgniter.php(713): require()
#1 C:\xampp\htdocs\lab12_Iuran_KAS_RT_php_ci\ci4\system\CodeIgniter.php(368): CodeIgniter\CodeIgniter->tryToRouteIt(Object(CodeIgniter\Router\RouteCollection))
#2 C:\xampp\htdocs\lab12_Iuran_KAS_RT_php_ci\ci4\system\CodeIgniter.php(326): CodeIgniter\CodeIgniter->handleRequest(NULL, Object(Config\Cache), false)
#3 C:\xampp\htdocs\lab12_Iuran_KAS_RT_php_ci\ci4\public\index.php(37): CodeIgniter\CodeIgniter->run()
#4 C:\xampp\htdocs\lab12_Iuran_KAS_RT_php_ci\ci4\system\Commands\Server\rewrite.php(43): require_once('C:\\xampp\\htdocs...')
#5 {main}
CRITICAL - 2022-07-02 13:46:09 --> Call to undefined method CodeIgniter\Router\RouteCollection::getwarga()
#0 C:\xampp\htdocs\lab12_Iuran_KAS_RT_php_ci\ci4\system\CodeIgniter.php(713): require()
#1 C:\xampp\htdocs\lab12_Iuran_KAS_RT_php_ci\ci4\system\CodeIgniter.php(368): CodeIgniter\CodeIgniter->tryToRouteIt(Object(CodeIgniter\Router\RouteCollection))
#2 C:\xampp\htdocs\lab12_Iuran_KAS_RT_php_ci\ci4\system\CodeIgniter.php(326): CodeIgniter\CodeIgniter->handleRequest(NULL, Object(Config\Cache), false)
#3 C:\xampp\htdocs\lab12_Iuran_KAS_RT_php_ci\ci4\public\index.php(37): CodeIgniter\CodeIgniter->run()
#4 C:\xampp\htdocs\lab12_Iuran_KAS_RT_php_ci\ci4\system\Commands\Server\rewrite.php(43): require_once('C:\\xampp\\htdocs...')
#5 {main}
CRITICAL - 2022-07-02 13:46:12 --> Call to undefined method CodeIgniter\Router\RouteCollection::getwarga()
#0 C:\xampp\htdocs\lab12_Iuran_KAS_RT_php_ci\ci4\system\CodeIgniter.php(713): require()
#1 C:\xampp\htdocs\lab12_Iuran_KAS_RT_php_ci\ci4\system\CodeIgniter.php(368): CodeIgniter\CodeIgniter->tryToRouteIt(Object(CodeIgniter\Router\RouteCollection))
#2 C:\xampp\htdocs\lab12_Iuran_KAS_RT_php_ci\ci4\system\CodeIgniter.php(326): CodeIgniter\CodeIgniter->handleRequest(NULL, Object(Config\Cache), false)
#3 C:\xampp\htdocs\lab12_Iuran_KAS_RT_php_ci\ci4\public\index.php(37): CodeIgniter\CodeIgniter->run()
#4 C:\xampp\htdocs\lab12_Iuran_KAS_RT_php_ci\ci4\system\Commands\Server\rewrite.php(43): require_once('C:\\xampp\\htdocs...')
#5 {main}
CRITICAL - 2022-07-02 13:46:13 --> Call to undefined method CodeIgniter\Router\RouteCollection::getwarga()
#0 C:\xampp\htdocs\lab12_Iuran_KAS_RT_php_ci\ci4\system\CodeIgniter.php(713): require()
#1 C:\xampp\htdocs\lab12_Iuran_KAS_RT_php_ci\ci4\system\CodeIgniter.php(368): CodeIgniter\CodeIgniter->tryToRouteIt(Object(CodeIgniter\Router\RouteCollection))
#2 C:\xampp\htdocs\lab12_Iuran_KAS_RT_php_ci\ci4\system\CodeIgniter.php(326): CodeIgniter\CodeIgniter->handleRequest(NULL, Object(Config\Cache), false)
#3 C:\xampp\htdocs\lab12_Iuran_KAS_RT_php_ci\ci4\public\index.php(37): CodeIgniter\CodeIgniter->run()
#4 C:\xampp\htdocs\lab12_Iuran_KAS_RT_php_ci\ci4\system\Commands\Server\rewrite.php(43): require_once('C:\\xampp\\htdocs...')
#5 {main}
CRITICAL - 2022-07-02 13:46:13 --> Call to undefined method CodeIgniter\Router\RouteCollection::getwarga()
#0 C:\xampp\htdocs\lab12_Iuran_KAS_RT_php_ci\ci4\system\CodeIgniter.php(713): require()
#1 C:\xampp\htdocs\lab12_Iuran_KAS_RT_php_ci\ci4\system\CodeIgniter.php(368): CodeIgniter\CodeIgniter->tryToRouteIt(Object(CodeIgniter\Router\RouteCollection))
#2 C:\xampp\htdocs\lab12_Iuran_KAS_RT_php_ci\ci4\system\CodeIgniter.php(326): CodeIgniter\CodeIgniter->handleRequest(NULL, Object(Config\Cache), false)
#3 C:\xampp\htdocs\lab12_Iuran_KAS_RT_php_ci\ci4\public\index.php(37): CodeIgniter\CodeIgniter->run()
#4 C:\xampp\htdocs\lab12_Iuran_KAS_RT_php_ci\ci4\system\Commands\Server\rewrite.php(43): require_once('C:\\xampp\\htdocs...')
#5 {main}
CRITICAL - 2022-07-02 13:46:13 --> Call to undefined method CodeIgniter\Router\RouteCollection::getwarga()
#0 C:\xampp\htdocs\lab12_Iuran_KAS_RT_php_ci\ci4\system\CodeIgniter.php(713): require()
#1 C:\xampp\htdocs\lab12_Iuran_KAS_RT_php_ci\ci4\system\CodeIgniter.php(368): CodeIgniter\CodeIgniter->tryToRouteIt(Object(CodeIgniter\Router\RouteCollection))
#2 C:\xampp\htdocs\lab12_Iuran_KAS_RT_php_ci\ci4\system\CodeIgniter.php(326): CodeIgniter\CodeIgniter->handleRequest(NULL, Object(Config\Cache), false)
#3 C:\xampp\htdocs\lab12_Iuran_KAS_RT_php_ci\ci4\public\index.php(37): CodeIgniter\CodeIgniter->run()
#4 C:\xampp\htdocs\lab12_Iuran_KAS_RT_php_ci\ci4\system\Commands\Server\rewrite.php(43): require_once('C:\\xampp\\htdocs...')
#5 {main}
CRITICAL - 2022-07-02 13:46:13 --> Call to undefined method CodeIgniter\Router\RouteCollection::getwarga()
#0 C:\xampp\htdocs\lab12_Iuran_KAS_RT_php_ci\ci4\system\CodeIgniter.php(713): require()
#1 C:\xampp\htdocs\lab12_Iuran_KAS_RT_php_ci\ci4\system\CodeIgniter.php(368): CodeIgniter\CodeIgniter->tryToRouteIt(Object(CodeIgniter\Router\RouteCollection))
#2 C:\xampp\htdocs\lab12_Iuran_KAS_RT_php_ci\ci4\system\CodeIgniter.php(326): CodeIgniter\CodeIgniter->handleRequest(NULL, Object(Config\Cache), false)
#3 C:\xampp\htdocs\lab12_Iuran_KAS_RT_php_ci\ci4\public\index.php(37): CodeIgniter\CodeIgniter->run()
#4 C:\xampp\htdocs\lab12_Iuran_KAS_RT_php_ci\ci4\system\Commands\Server\rewrite.php(43): require_once('C:\\xampp\\htdocs...')
#5 {main}
