CRITICAL - 2023-07-01 14:51:26 --> The framework needs the following extension(s) installed and loaded: curl, intl, mbstring.
#0 C:\Users\ianfi\Downloads\12_UAS_Iuran_KAS_RTWeb-master\12_UAS_Iuran_KAS_RTWeb-master\ci4\system\CodeIgniter.php(219): CodeIgniter\Exceptions\FrameworkException::forMissingExtension('curl, intl, mbs...')
#1 C:\Users\ianfi\Downloads\12_UAS_Iuran_KAS_RTWeb-master\12_UAS_Iuran_KAS_RTWeb-master\ci4\system\CodeIgniter.php(177): CodeIgniter\CodeIgniter->resolvePlatformExtensions()
#2 C:\Users\ianfi\Downloads\12_UAS_Iuran_KAS_RTWeb-master\12_UAS_Iuran_KAS_RTWeb-master\ci4\system\bootstrap.php(146): CodeIgniter\CodeIgniter->initialize()
#3 C:\Users\ianfi\Downloads\12_UAS_Iuran_KAS_RTWeb-master\12_UAS_Iuran_KAS_RTWeb-master\ci4\spark(45): require('C:\\Users\\ianfi\\...')
#4 {main}
CRITICAL - 2023-07-01 14:51:26 --> Uncaught Error: Call to undefined function CodeIgniter\CLI\mb_strpos() in C:\Users\ianfi\Downloads\12_UAS_Iuran_KAS_RTWeb-master\12_UAS_Iuran_KAS_RTWeb-master\ci4\system\CLI\CLI.php:758
Stack trace:
#0 C:\Users\ianfi\Downloads\12_UAS_Iuran_KAS_RTWeb-master\12_UAS_Iuran_KAS_RTWeb-master\ci4\system\CLI\CLI.php(161): CodeIgniter\CLI\CLI::parseCommandLine()
#1 C:\Users\ianfi\Downloads\12_UAS_Iuran_KAS_RTWeb-master\12_UAS_Iuran_KAS_RTWeb-master\ci4\system\CLI\CLI.php(1000): CodeIgniter\CLI\CLI::init()
#2 C:\Users\ianfi\Downloads\12_UAS_Iuran_KAS_RTWeb-master\12_UAS_Iuran_KAS_RTWeb-master\ci4\system\Autoloader\Autoloader.php(264): include_once('C:\\Users\\ianfi\\...')
#3 C:\Users\ianfi\Downloads\12_UAS_Iuran_KAS_RTWeb-master\12_UAS_Iuran_KAS_RTWeb-master\ci4\system\Autoloader\Autoloader.php(241): CodeIgniter\Autoloader\Autoloader->includeFile('C:\\Users\\ianfi\\...')
#4 C:\Users\ianfi\Downloads\12_UAS_Iuran_KAS_RTWeb-master\12_UAS_Iuran_KAS_RTWeb-master\ci4\system\Autoloader\Autoloader.php(219): CodeIgniter\Autoloader\Autoloader->loadInNamespace('CodeIgniter\\CLI...')
#5 C:\Users\ianfi\Downloads\12_UAS_Iuran_KAS_RTWeb-master\12_UAS_Iuran_KAS_RTWeb-master\ci4\app\Views\errors\cli\error_exception.php(6): CodeIgniter\Autoloader\Autoloader->loadClass('CodeIgniter\\CLI...')
#6 C:\Users\ianfi\Downloads\12_UAS_Iuran_KAS_RTWeb-master\12_UAS_Iuran_KAS_RTWeb-master\ci4\system\Debug\Exceptions.php(234): include('C:\\Users\\ianfi\\...')
#7 C:\Users\ianfi\Downloads\12_UAS_Iuran_KAS_RTWeb-master\12_UAS_Iuran_KAS_RTWeb-master\ci4\system\Debug\Exceptions.php(237): CodeIgniter\Debug\Exceptions->CodeIgniter\Debug\{closure}()
#8 C:\Users\ianfi\Downloads\12_UAS_Iuran_KAS_RTWeb-master\12_UAS_Iuran_KAS_RTWeb-master\ci4\system\Debug\Exceptions.php(121): CodeIgniter\Debug\Exceptions->render(Object(CodeIgniter\Exceptions\FrameworkException), 500)
#9 [internal function]: CodeIgniter\Debug\Exceptions->exceptionHandler(Object(CodeIgniter\Exceptions\FrameworkException))
#10 {main}
  thrown
#0 [internal function]: CodeIgniter\Debug\Exceptions->shutdownHandler()
#1 {main}
CRITICAL - 2023-07-01 14:54:10 --> The framework needs the following extension(s) installed and loaded: curl, intl, mbstring.
#0 C:\Users\ianfi\Downloads\12_UAS_Iuran_KAS_RTWeb-master\12_UAS_Iuran_KAS_RTWeb-master\ci4\system\CodeIgniter.php(219): CodeIgniter\Exceptions\FrameworkException::forMissingExtension('curl, intl, mbs...')
#1 C:\Users\ianfi\Downloads\12_UAS_Iuran_KAS_RTWeb-master\12_UAS_Iuran_KAS_RTWeb-master\ci4\system\CodeIgniter.php(177): CodeIgniter\CodeIgniter->resolvePlatformExtensions()
#2 C:\Users\ianfi\Downloads\12_UAS_Iuran_KAS_RTWeb-master\12_UAS_Iuran_KAS_RTWeb-master\ci4\system\bootstrap.php(146): CodeIgniter\CodeIgniter->initialize()
#3 C:\Users\ianfi\Downloads\12_UAS_Iuran_KAS_RTWeb-master\12_UAS_Iuran_KAS_RTWeb-master\ci4\spark(45): require('C:\\Users\\ianfi\\...')
#4 {main}
CRITICAL - 2023-07-01 14:54:10 --> Uncaught Error: Call to undefined function CodeIgniter\CLI\mb_strpos() in C:\Users\ianfi\Downloads\12_UAS_Iuran_KAS_RTWeb-master\12_UAS_Iuran_KAS_RTWeb-master\ci4\system\CLI\CLI.php:758
Stack trace:
#0 C:\Users\ianfi\Downloads\12_UAS_Iuran_KAS_RTWeb-master\12_UAS_Iuran_KAS_RTWeb-master\ci4\system\CLI\CLI.php(161): CodeIgniter\CLI\CLI::parseCommandLine()
#1 C:\Users\ianfi\Downloads\12_UAS_Iuran_KAS_RTWeb-master\12_UAS_Iuran_KAS_RTWeb-master\ci4\system\CLI\CLI.php(1000): CodeIgniter\CLI\CLI::init()
#2 C:\Users\ianfi\Downloads\12_UAS_Iuran_KAS_RTWeb-master\12_UAS_Iuran_KAS_RTWeb-master\ci4\system\Autoloader\Autoloader.php(264): include_once('C:\\Users\\ianfi\\...')
#3 C:\Users\ianfi\Downloads\12_UAS_Iuran_KAS_RTWeb-master\12_UAS_Iuran_KAS_RTWeb-master\ci4\system\Autoloader\Autoloader.php(241): CodeIgniter\Autoloader\Autoloader->includeFile('C:\\Users\\ianfi\\...')
#4 C:\Users\ianfi\Downloads\12_UAS_Iuran_KAS_RTWeb-master\12_UAS_Iuran_KAS_RTWeb-master\ci4\system\Autoloader\Autoloader.php(219): CodeIgniter\Autoloader\Autoloader->loadInNamespace('CodeIgniter\\CLI...')
#5 C:\Users\ianfi\Downloads\12_UAS_Iuran_KAS_RTWeb-master\12_UAS_Iuran_KAS_RTWeb-master\ci4\app\Views\errors\cli\error_exception.php(6): CodeIgniter\Autoloader\Autoloader->loadClass('CodeIgniter\\CLI...')
#6 C:\Users\ianfi\Downloads\12_UAS_Iuran_KAS_RTWeb-master\12_UAS_Iuran_KAS_RTWeb-master\ci4\system\Debug\Exceptions.php(234): include('C:\\Users\\ianfi\\...')
#7 C:\Users\ianfi\Downloads\12_UAS_Iuran_KAS_RTWeb-master\12_UAS_Iuran_KAS_RTWeb-master\ci4\system\Debug\Exceptions.php(237): CodeIgniter\Debug\Exceptions->CodeIgniter\Debug\{closure}()
#8 C:\Users\ianfi\Downloads\12_UAS_Iuran_KAS_RTWeb-master\12_UAS_Iuran_KAS_RTWeb-master\ci4\system\Debug\Exceptions.php(121): CodeIgniter\Debug\Exceptions->render(Object(CodeIgniter\Exceptions\FrameworkException), 500)
#9 [internal function]: CodeIgniter\Debug\Exceptions->exceptionHandler(Object(CodeIgniter\Exceptions\FrameworkException))
#10 {main}
  thrown
#0 [internal function]: CodeIgniter\Debug\Exceptions->shutdownHandler()
#1 {main}
