CRITICAL - 2022-07-05 10:19:14 --> Invalid file: warga_view.php
#0 C:\xampp\htdocs\lab12_Iuran_KAS_RT_php_ci\ci4\system\View\View.php(198): CodeIgniter\Exceptions\FrameworkException::forInvalidFile('warga_view.php')
#1 C:\xampp\htdocs\lab12_Iuran_KAS_RT_php_ci\ci4\system\Common.php(1089): CodeIgniter\View\View->render('warga_view', Array, true)
#2 C:\xampp\htdocs\lab12_Iuran_KAS_RT_php_ci\ci4\app\Controllers\warga.php(14): view('warga_view', Array)
#3 C:\xampp\htdocs\lab12_Iuran_KAS_RT_php_ci\ci4\system\CodeIgniter.php(832): App\Controllers\warga->index()
#4 C:\xampp\htdocs\lab12_Iuran_KAS_RT_php_ci\ci4\system\CodeIgniter.php(419): CodeIgniter\CodeIgniter->runController(Object(App\Controllers\warga))
#5 C:\xampp\htdocs\lab12_Iuran_KAS_RT_php_ci\ci4\system\CodeIgniter.php(326): CodeIgniter\CodeIgniter->handleRequest(NULL, Object(Config\Cache), false)
#6 C:\xampp\htdocs\lab12_Iuran_KAS_RT_php_ci\ci4\public\index.php(37): CodeIgniter\CodeIgniter->run()
#7 C:\xampp\htdocs\lab12_Iuran_KAS_RT_php_ci\ci4\system\Commands\Server\rewrite.php(43): require_once('C:\\xampp\\htdocs...')
#8 {main}
CRITICAL - 2022-07-05 10:19:21 --> Invalid file: warga_view.php
#0 C:\xampp\htdocs\lab12_Iuran_KAS_RT_php_ci\ci4\system\View\View.php(198): CodeIgniter\Exceptions\FrameworkException::forInvalidFile('warga_view.php')
#1 C:\xampp\htdocs\lab12_Iuran_KAS_RT_php_ci\ci4\system\Common.php(1089): CodeIgniter\View\View->render('warga_view', Array, true)
#2 C:\xampp\htdocs\lab12_Iuran_KAS_RT_php_ci\ci4\app\Controllers\warga.php(14): view('warga_view', Array)
#3 C:\xampp\htdocs\lab12_Iuran_KAS_RT_php_ci\ci4\system\CodeIgniter.php(832): App\Controllers\warga->index()
#4 C:\xampp\htdocs\lab12_Iuran_KAS_RT_php_ci\ci4\system\CodeIgniter.php(419): CodeIgniter\CodeIgniter->runController(Object(App\Controllers\warga))
#5 C:\xampp\htdocs\lab12_Iuran_KAS_RT_php_ci\ci4\system\CodeIgniter.php(326): CodeIgniter\CodeIgniter->handleRequest(NULL, Object(Config\Cache), false)
#6 C:\xampp\htdocs\lab12_Iuran_KAS_RT_php_ci\ci4\public\index.php(37): CodeIgniter\CodeIgniter->run()
#7 C:\xampp\htdocs\lab12_Iuran_KAS_RT_php_ci\ci4\system\Commands\Server\rewrite.php(43): require_once('C:\\xampp\\htdocs...')
#8 {main}
CRITICAL - 2022-07-05 10:20:05 --> Invalid file: warga_view.php
#0 C:\xampp\htdocs\lab12_Iuran_KAS_RT_php_ci\ci4\system\View\View.php(198): CodeIgniter\Exceptions\FrameworkException::forInvalidFile('warga_view.php')
#1 C:\xampp\htdocs\lab12_Iuran_KAS_RT_php_ci\ci4\system\Common.php(1089): CodeIgniter\View\View->render('warga_view', Array, true)
#2 C:\xampp\htdocs\lab12_Iuran_KAS_RT_php_ci\ci4\app\Controllers\warga.php(14): view('warga_view', Array)
#3 C:\xampp\htdocs\lab12_Iuran_KAS_RT_php_ci\ci4\system\CodeIgniter.php(832): App\Controllers\warga->index()
#4 C:\xampp\htdocs\lab12_Iuran_KAS_RT_php_ci\ci4\system\CodeIgniter.php(419): CodeIgniter\CodeIgniter->runController(Object(App\Controllers\warga))
#5 C:\xampp\htdocs\lab12_Iuran_KAS_RT_php_ci\ci4\system\CodeIgniter.php(326): CodeIgniter\CodeIgniter->handleRequest(NULL, Object(Config\Cache), false)
#6 C:\xampp\htdocs\lab12_Iuran_KAS_RT_php_ci\ci4\public\index.php(37): CodeIgniter\CodeIgniter->run()
#7 C:\xampp\htdocs\lab12_Iuran_KAS_RT_php_ci\ci4\system\Commands\Server\rewrite.php(43): require_once('C:\\xampp\\htdocs...')
#8 {main}
CRITICAL - 2022-07-05 10:20:08 --> Invalid file: warga_view.php
#0 C:\xampp\htdocs\lab12_Iuran_KAS_RT_php_ci\ci4\system\View\View.php(198): CodeIgniter\Exceptions\FrameworkException::forInvalidFile('warga_view.php')
#1 C:\xampp\htdocs\lab12_Iuran_KAS_RT_php_ci\ci4\system\Common.php(1089): CodeIgniter\View\View->render('warga_view', Array, true)
#2 C:\xampp\htdocs\lab12_Iuran_KAS_RT_php_ci\ci4\app\Controllers\warga.php(14): view('warga_view', Array)
#3 C:\xampp\htdocs\lab12_Iuran_KAS_RT_php_ci\ci4\system\CodeIgniter.php(832): App\Controllers\warga->index()
#4 C:\xampp\htdocs\lab12_Iuran_KAS_RT_php_ci\ci4\system\CodeIgniter.php(419): CodeIgniter\CodeIgniter->runController(Object(App\Controllers\warga))
#5 C:\xampp\htdocs\lab12_Iuran_KAS_RT_php_ci\ci4\system\CodeIgniter.php(326): CodeIgniter\CodeIgniter->handleRequest(NULL, Object(Config\Cache), false)
#6 C:\xampp\htdocs\lab12_Iuran_KAS_RT_php_ci\ci4\public\index.php(37): CodeIgniter\CodeIgniter->run()
#7 C:\xampp\htdocs\lab12_Iuran_KAS_RT_php_ci\ci4\system\Commands\Server\rewrite.php(43): require_once('C:\\xampp\\htdocs...')
#8 {main}
CRITICAL - 2022-07-05 10:26:48 --> Invalid file: warga_view.php
#0 C:\xampp\htdocs\lab12_Iuran_KAS_RT_php_ci\ci4\system\View\View.php(198): CodeIgniter\Exceptions\FrameworkException::forInvalidFile('warga_view.php')
#1 C:\xampp\htdocs\lab12_Iuran_KAS_RT_php_ci\ci4\system\Common.php(1089): CodeIgniter\View\View->render('warga_view', Array, true)
#2 C:\xampp\htdocs\lab12_Iuran_KAS_RT_php_ci\ci4\app\Controllers\warga.php(14): view('warga_view', Array)
#3 C:\xampp\htdocs\lab12_Iuran_KAS_RT_php_ci\ci4\system\CodeIgniter.php(832): App\Controllers\warga->index()
#4 C:\xampp\htdocs\lab12_Iuran_KAS_RT_php_ci\ci4\system\CodeIgniter.php(419): CodeIgniter\CodeIgniter->runController(Object(App\Controllers\warga))
#5 C:\xampp\htdocs\lab12_Iuran_KAS_RT_php_ci\ci4\system\CodeIgniter.php(326): CodeIgniter\CodeIgniter->handleRequest(NULL, Object(Config\Cache), false)
#6 C:\xampp\htdocs\lab12_Iuran_KAS_RT_php_ci\ci4\public\index.php(37): CodeIgniter\CodeIgniter->run()
#7 C:\xampp\htdocs\lab12_Iuran_KAS_RT_php_ci\ci4\system\Commands\Server\rewrite.php(43): require_once('C:\\xampp\\htdocs...')
#8 {main}
CRITICAL - 2022-07-05 10:26:50 --> Invalid file: warga_view.php
#0 C:\xampp\htdocs\lab12_Iuran_KAS_RT_php_ci\ci4\system\View\View.php(198): CodeIgniter\Exceptions\FrameworkException::forInvalidFile('warga_view.php')
#1 C:\xampp\htdocs\lab12_Iuran_KAS_RT_php_ci\ci4\system\Common.php(1089): CodeIgniter\View\View->render('warga_view', Array, true)
#2 C:\xampp\htdocs\lab12_Iuran_KAS_RT_php_ci\ci4\app\Controllers\warga.php(14): view('warga_view', Array)
#3 C:\xampp\htdocs\lab12_Iuran_KAS_RT_php_ci\ci4\system\CodeIgniter.php(832): App\Controllers\warga->index()
#4 C:\xampp\htdocs\lab12_Iuran_KAS_RT_php_ci\ci4\system\CodeIgniter.php(419): CodeIgniter\CodeIgniter->runController(Object(App\Controllers\warga))
#5 C:\xampp\htdocs\lab12_Iuran_KAS_RT_php_ci\ci4\system\CodeIgniter.php(326): CodeIgniter\CodeIgniter->handleRequest(NULL, Object(Config\Cache), false)
#6 C:\xampp\htdocs\lab12_Iuran_KAS_RT_php_ci\ci4\public\index.php(37): CodeIgniter\CodeIgniter->run()
#7 C:\xampp\htdocs\lab12_Iuran_KAS_RT_php_ci\ci4\system\Commands\Server\rewrite.php(43): require_once('C:\\xampp\\htdocs...')
#8 {main}
CRITICAL - 2022-07-05 10:26:50 --> Invalid file: warga_view.php
#0 C:\xampp\htdocs\lab12_Iuran_KAS_RT_php_ci\ci4\system\View\View.php(198): CodeIgniter\Exceptions\FrameworkException::forInvalidFile('warga_view.php')
#1 C:\xampp\htdocs\lab12_Iuran_KAS_RT_php_ci\ci4\system\Common.php(1089): CodeIgniter\View\View->render('warga_view', Array, true)
#2 C:\xampp\htdocs\lab12_Iuran_KAS_RT_php_ci\ci4\app\Controllers\warga.php(14): view('warga_view', Array)
#3 C:\xampp\htdocs\lab12_Iuran_KAS_RT_php_ci\ci4\system\CodeIgniter.php(832): App\Controllers\warga->index()
#4 C:\xampp\htdocs\lab12_Iuran_KAS_RT_php_ci\ci4\system\CodeIgniter.php(419): CodeIgniter\CodeIgniter->runController(Object(App\Controllers\warga))
#5 C:\xampp\htdocs\lab12_Iuran_KAS_RT_php_ci\ci4\system\CodeIgniter.php(326): CodeIgniter\CodeIgniter->handleRequest(NULL, Object(Config\Cache), false)
#6 C:\xampp\htdocs\lab12_Iuran_KAS_RT_php_ci\ci4\public\index.php(37): CodeIgniter\CodeIgniter->run()
#7 C:\xampp\htdocs\lab12_Iuran_KAS_RT_php_ci\ci4\system\Commands\Server\rewrite.php(43): require_once('C:\\xampp\\htdocs...')
#8 {main}
CRITICAL - 2022-07-05 10:26:51 --> Invalid file: warga_view.php
#0 C:\xampp\htdocs\lab12_Iuran_KAS_RT_php_ci\ci4\system\View\View.php(198): CodeIgniter\Exceptions\FrameworkException::forInvalidFile('warga_view.php')
#1 C:\xampp\htdocs\lab12_Iuran_KAS_RT_php_ci\ci4\system\Common.php(1089): CodeIgniter\View\View->render('warga_view', Array, true)
#2 C:\xampp\htdocs\lab12_Iuran_KAS_RT_php_ci\ci4\app\Controllers\warga.php(14): view('warga_view', Array)
#3 C:\xampp\htdocs\lab12_Iuran_KAS_RT_php_ci\ci4\system\CodeIgniter.php(832): App\Controllers\warga->index()
#4 C:\xampp\htdocs\lab12_Iuran_KAS_RT_php_ci\ci4\system\CodeIgniter.php(419): CodeIgniter\CodeIgniter->runController(Object(App\Controllers\warga))
#5 C:\xampp\htdocs\lab12_Iuran_KAS_RT_php_ci\ci4\system\CodeIgniter.php(326): CodeIgniter\CodeIgniter->handleRequest(NULL, Object(Config\Cache), false)
#6 C:\xampp\htdocs\lab12_Iuran_KAS_RT_php_ci\ci4\public\index.php(37): CodeIgniter\CodeIgniter->run()
#7 C:\xampp\htdocs\lab12_Iuran_KAS_RT_php_ci\ci4\system\Commands\Server\rewrite.php(43): require_once('C:\\xampp\\htdocs...')
#8 {main}
CRITICAL - 2022-07-05 10:26:51 --> Invalid file: warga_view.php
#0 C:\xampp\htdocs\lab12_Iuran_KAS_RT_php_ci\ci4\system\View\View.php(198): CodeIgniter\Exceptions\FrameworkException::forInvalidFile('warga_view.php')
#1 C:\xampp\htdocs\lab12_Iuran_KAS_RT_php_ci\ci4\system\Common.php(1089): CodeIgniter\View\View->render('warga_view', Array, true)
#2 C:\xampp\htdocs\lab12_Iuran_KAS_RT_php_ci\ci4\app\Controllers\warga.php(14): view('warga_view', Array)
#3 C:\xampp\htdocs\lab12_Iuran_KAS_RT_php_ci\ci4\system\CodeIgniter.php(832): App\Controllers\warga->index()
#4 C:\xampp\htdocs\lab12_Iuran_KAS_RT_php_ci\ci4\system\CodeIgniter.php(419): CodeIgniter\CodeIgniter->runController(Object(App\Controllers\warga))
#5 C:\xampp\htdocs\lab12_Iuran_KAS_RT_php_ci\ci4\system\CodeIgniter.php(326): CodeIgniter\CodeIgniter->handleRequest(NULL, Object(Config\Cache), false)
#6 C:\xampp\htdocs\lab12_Iuran_KAS_RT_php_ci\ci4\public\index.php(37): CodeIgniter\CodeIgniter->run()
#7 C:\xampp\htdocs\lab12_Iuran_KAS_RT_php_ci\ci4\system\Commands\Server\rewrite.php(43): require_once('C:\\xampp\\htdocs...')
#8 {main}
CRITICAL - 2022-07-05 10:26:51 --> Invalid file: warga_view.php
#0 C:\xampp\htdocs\lab12_Iuran_KAS_RT_php_ci\ci4\system\View\View.php(198): CodeIgniter\Exceptions\FrameworkException::forInvalidFile('warga_view.php')
#1 C:\xampp\htdocs\lab12_Iuran_KAS_RT_php_ci\ci4\system\Common.php(1089): CodeIgniter\View\View->render('warga_view', Array, true)
#2 C:\xampp\htdocs\lab12_Iuran_KAS_RT_php_ci\ci4\app\Controllers\warga.php(14): view('warga_view', Array)
#3 C:\xampp\htdocs\lab12_Iuran_KAS_RT_php_ci\ci4\system\CodeIgniter.php(832): App\Controllers\warga->index()
#4 C:\xampp\htdocs\lab12_Iuran_KAS_RT_php_ci\ci4\system\CodeIgniter.php(419): CodeIgniter\CodeIgniter->runController(Object(App\Controllers\warga))
#5 C:\xampp\htdocs\lab12_Iuran_KAS_RT_php_ci\ci4\system\CodeIgniter.php(326): CodeIgniter\CodeIgniter->handleRequest(NULL, Object(Config\Cache), false)
#6 C:\xampp\htdocs\lab12_Iuran_KAS_RT_php_ci\ci4\public\index.php(37): CodeIgniter\CodeIgniter->run()
#7 C:\xampp\htdocs\lab12_Iuran_KAS_RT_php_ci\ci4\system\Commands\Server\rewrite.php(43): require_once('C:\\xampp\\htdocs...')
#8 {main}
CRITICAL - 2022-07-05 10:26:51 --> Invalid file: warga_view.php
#0 C:\xampp\htdocs\lab12_Iuran_KAS_RT_php_ci\ci4\system\View\View.php(198): CodeIgniter\Exceptions\FrameworkException::forInvalidFile('warga_view.php')
#1 C:\xampp\htdocs\lab12_Iuran_KAS_RT_php_ci\ci4\system\Common.php(1089): CodeIgniter\View\View->render('warga_view', Array, true)
#2 C:\xampp\htdocs\lab12_Iuran_KAS_RT_php_ci\ci4\app\Controllers\warga.php(14): view('warga_view', Array)
#3 C:\xampp\htdocs\lab12_Iuran_KAS_RT_php_ci\ci4\system\CodeIgniter.php(832): App\Controllers\warga->index()
#4 C:\xampp\htdocs\lab12_Iuran_KAS_RT_php_ci\ci4\system\CodeIgniter.php(419): CodeIgniter\CodeIgniter->runController(Object(App\Controllers\warga))
#5 C:\xampp\htdocs\lab12_Iuran_KAS_RT_php_ci\ci4\system\CodeIgniter.php(326): CodeIgniter\CodeIgniter->handleRequest(NULL, Object(Config\Cache), false)
#6 C:\xampp\htdocs\lab12_Iuran_KAS_RT_php_ci\ci4\public\index.php(37): CodeIgniter\CodeIgniter->run()
#7 C:\xampp\htdocs\lab12_Iuran_KAS_RT_php_ci\ci4\system\Commands\Server\rewrite.php(43): require_once('C:\\xampp\\htdocs...')
#8 {main}
CRITICAL - 2022-07-05 10:26:52 --> Invalid file: warga_view.php
#0 C:\xampp\htdocs\lab12_Iuran_KAS_RT_php_ci\ci4\system\View\View.php(198): CodeIgniter\Exceptions\FrameworkException::forInvalidFile('warga_view.php')
#1 C:\xampp\htdocs\lab12_Iuran_KAS_RT_php_ci\ci4\system\Common.php(1089): CodeIgniter\View\View->render('warga_view', Array, true)
#2 C:\xampp\htdocs\lab12_Iuran_KAS_RT_php_ci\ci4\app\Controllers\warga.php(14): view('warga_view', Array)
#3 C:\xampp\htdocs\lab12_Iuran_KAS_RT_php_ci\ci4\system\CodeIgniter.php(832): App\Controllers\warga->index()
#4 C:\xampp\htdocs\lab12_Iuran_KAS_RT_php_ci\ci4\system\CodeIgniter.php(419): CodeIgniter\CodeIgniter->runController(Object(App\Controllers\warga))
#5 C:\xampp\htdocs\lab12_Iuran_KAS_RT_php_ci\ci4\system\CodeIgniter.php(326): CodeIgniter\CodeIgniter->handleRequest(NULL, Object(Config\Cache), false)
#6 C:\xampp\htdocs\lab12_Iuran_KAS_RT_php_ci\ci4\public\index.php(37): CodeIgniter\CodeIgniter->run()
#7 C:\xampp\htdocs\lab12_Iuran_KAS_RT_php_ci\ci4\system\Commands\Server\rewrite.php(43): require_once('C:\\xampp\\htdocs...')
#8 {main}
CRITICAL - 2022-07-05 10:27:09 --> Invalid file: warga_view.php
#0 C:\xampp\htdocs\lab12_Iuran_KAS_RT_php_ci\ci4\system\View\View.php(198): CodeIgniter\Exceptions\FrameworkException::forInvalidFile('warga_view.php')
#1 C:\xampp\htdocs\lab12_Iuran_KAS_RT_php_ci\ci4\system\Common.php(1089): CodeIgniter\View\View->render('warga_view', Array, true)
#2 C:\xampp\htdocs\lab12_Iuran_KAS_RT_php_ci\ci4\app\Controllers\warga.php(14): view('warga_view', Array)
#3 C:\xampp\htdocs\lab12_Iuran_KAS_RT_php_ci\ci4\system\CodeIgniter.php(832): App\Controllers\warga->index()
#4 C:\xampp\htdocs\lab12_Iuran_KAS_RT_php_ci\ci4\system\CodeIgniter.php(419): CodeIgniter\CodeIgniter->runController(Object(App\Controllers\warga))
#5 C:\xampp\htdocs\lab12_Iuran_KAS_RT_php_ci\ci4\system\CodeIgniter.php(326): CodeIgniter\CodeIgniter->handleRequest(NULL, Object(Config\Cache), false)
#6 C:\xampp\htdocs\lab12_Iuran_KAS_RT_php_ci\ci4\public\index.php(37): CodeIgniter\CodeIgniter->run()
#7 C:\xampp\htdocs\lab12_Iuran_KAS_RT_php_ci\ci4\system\Commands\Server\rewrite.php(43): require_once('C:\\xampp\\htdocs...')
#8 {main}
CRITICAL - 2022-07-05 10:48:43 --> Invalid file: template/header.php
#0 C:\xampp\htdocs\lab12_Iuran_KAS_RT_php_ci\ci4\system\View\View.php(198): CodeIgniter\Exceptions\FrameworkException::forInvalidFile('template/header...')
#1 C:\xampp\htdocs\lab12_Iuran_KAS_RT_php_ci\ci4\system\View\View.php(424): CodeIgniter\View\View->render('template/header', NULL, true)
#2 C:\xampp\htdocs\lab12_Iuran_KAS_RT_php_ci\ci4\app\Views\about.php(8): CodeIgniter\View\View->include('template/header')
#3 C:\xampp\htdocs\lab12_Iuran_KAS_RT_php_ci\ci4\system\View\View.php(210): include('C:\\xampp\\htdocs...')
#4 C:\xampp\htdocs\lab12_Iuran_KAS_RT_php_ci\ci4\system\View\View.php(213): CodeIgniter\View\View->CodeIgniter\View\{closure}()
#5 C:\xampp\htdocs\lab12_Iuran_KAS_RT_php_ci\ci4\system\Common.php(1089): CodeIgniter\View\View->render('about', Array, true)
#6 C:\xampp\htdocs\lab12_Iuran_KAS_RT_php_ci\ci4\app\Controllers\page.php(8): view('about', Array)
#7 C:\xampp\htdocs\lab12_Iuran_KAS_RT_php_ci\ci4\system\CodeIgniter.php(832): App\Controllers\Page->about()
#8 C:\xampp\htdocs\lab12_Iuran_KAS_RT_php_ci\ci4\system\CodeIgniter.php(419): CodeIgniter\CodeIgniter->runController(Object(App\Controllers\Page))
#9 C:\xampp\htdocs\lab12_Iuran_KAS_RT_php_ci\ci4\system\CodeIgniter.php(326): CodeIgniter\CodeIgniter->handleRequest(NULL, Object(Config\Cache), false)
#10 C:\xampp\htdocs\lab12_Iuran_KAS_RT_php_ci\ci4\public\index.php(37): CodeIgniter\CodeIgniter->run()
#11 C:\xampp\htdocs\lab12_Iuran_KAS_RT_php_ci\ci4\system\Commands\Server\rewrite.php(43): require_once('C:\\xampp\\htdocs...')
#12 {main}
ERROR - 2022-07-05 12:30:06 --> You have an error in your SQL syntax; check the manual that corresponds to your MariaDB server version for the right syntax to use near '`Warga`, `Jenis` `Kelamin`, `Alamat`, `No`.`Rumah`, `Status`) VALUES ('312010...' at line 1
CRITICAL - 2022-07-05 12:30:06 --> You have an error in your SQL syntax; check the manual that corresponds to your MariaDB server version for the right syntax to use near '`Warga`, `Jenis` `Kelamin`, `Alamat`, `No`.`Rumah`, `Status`) VALUES ('312010...' at line 1
#0 C:\xampp\htdocs\lab12_Iuran_KAS_RT_php_ci\ci4\system\Database\MySQLi\Connection.php(292): mysqli->query('INSERT INTO `wa...', 0)
#1 C:\xampp\htdocs\lab12_Iuran_KAS_RT_php_ci\ci4\system\Database\BaseConnection.php(670): CodeIgniter\Database\MySQLi\Connection->execute('INSERT INTO `wa...')
#2 C:\xampp\htdocs\lab12_Iuran_KAS_RT_php_ci\ci4\system\Database\BaseConnection.php(598): CodeIgniter\Database\BaseConnection->simpleQuery('INSERT INTO `wa...')
#3 C:\xampp\htdocs\lab12_Iuran_KAS_RT_php_ci\ci4\system\Database\BaseBuilder.php(1771): CodeIgniter\Database\BaseConnection->query('INSERT INTO `wa...', Array, false)
#4 C:\xampp\htdocs\lab12_Iuran_KAS_RT_php_ci\ci4\app\Models\Warga_Model.php(23): CodeIgniter\Database\BaseBuilder->insert(Array)
#5 C:\xampp\htdocs\lab12_Iuran_KAS_RT_php_ci\ci4\app\Controllers\warga.php(34): App\Models\Warga_Model->savewarga(Array)
#6 C:\xampp\htdocs\lab12_Iuran_KAS_RT_php_ci\ci4\system\CodeIgniter.php(832): App\Controllers\warga->add()
#7 C:\xampp\htdocs\lab12_Iuran_KAS_RT_php_ci\ci4\system\CodeIgniter.php(419): CodeIgniter\CodeIgniter->runController(Object(App\Controllers\warga))
#8 C:\xampp\htdocs\lab12_Iuran_KAS_RT_php_ci\ci4\system\CodeIgniter.php(326): CodeIgniter\CodeIgniter->handleRequest(NULL, Object(Config\Cache), false)
#9 C:\xampp\htdocs\lab12_Iuran_KAS_RT_php_ci\ci4\public\index.php(37): CodeIgniter\CodeIgniter->run()
#10 C:\xampp\htdocs\lab12_Iuran_KAS_RT_php_ci\ci4\system\Commands\Server\rewrite.php(43): require_once('C:\\xampp\\htdocs...')
#11 {main}
ERROR - 2022-07-05 12:36:06 --> You have an error in your SQL syntax; check the manual that corresponds to your MariaDB server version for the right syntax to use near '`Warga`, `Jenis` `Kelamin`, `Alamat`, `No`.`Rumah`, `Status`) VALUES ('312010...' at line 1
CRITICAL - 2022-07-05 12:36:06 --> You have an error in your SQL syntax; check the manual that corresponds to your MariaDB server version for the right syntax to use near '`Warga`, `Jenis` `Kelamin`, `Alamat`, `No`.`Rumah`, `Status`) VALUES ('312010...' at line 1
#0 C:\xampp\htdocs\lab12_Iuran_KAS_RT_php_ci\ci4\system\Database\MySQLi\Connection.php(292): mysqli->query('INSERT INTO `wa...', 0)
#1 C:\xampp\htdocs\lab12_Iuran_KAS_RT_php_ci\ci4\system\Database\BaseConnection.php(670): CodeIgniter\Database\MySQLi\Connection->execute('INSERT INTO `wa...')
#2 C:\xampp\htdocs\lab12_Iuran_KAS_RT_php_ci\ci4\system\Database\BaseConnection.php(598): CodeIgniter\Database\BaseConnection->simpleQuery('INSERT INTO `wa...')
#3 C:\xampp\htdocs\lab12_Iuran_KAS_RT_php_ci\ci4\system\Database\BaseBuilder.php(1771): CodeIgniter\Database\BaseConnection->query('INSERT INTO `wa...', Array, false)
#4 C:\xampp\htdocs\lab12_Iuran_KAS_RT_php_ci\ci4\app\Models\Warga_Model.php(23): CodeIgniter\Database\BaseBuilder->insert(Array)
#5 C:\xampp\htdocs\lab12_Iuran_KAS_RT_php_ci\ci4\app\Controllers\warga.php(34): App\Models\Warga_Model->savewarga(Array)
#6 C:\xampp\htdocs\lab12_Iuran_KAS_RT_php_ci\ci4\system\CodeIgniter.php(832): App\Controllers\warga->add()
#7 C:\xampp\htdocs\lab12_Iuran_KAS_RT_php_ci\ci4\system\CodeIgniter.php(419): CodeIgniter\CodeIgniter->runController(Object(App\Controllers\warga))
#8 C:\xampp\htdocs\lab12_Iuran_KAS_RT_php_ci\ci4\system\CodeIgniter.php(326): CodeIgniter\CodeIgniter->handleRequest(NULL, Object(Config\Cache), false)
#9 C:\xampp\htdocs\lab12_Iuran_KAS_RT_php_ci\ci4\public\index.php(37): CodeIgniter\CodeIgniter->run()
#10 C:\xampp\htdocs\lab12_Iuran_KAS_RT_php_ci\ci4\system\Commands\Server\rewrite.php(43): require_once('C:\\xampp\\htdocs...')
#11 {main}
ERROR - 2022-07-05 12:40:36 --> You have an error in your SQL syntax; check the manual that corresponds to your MariaDB server version for the right syntax to use near '`Warga`, `Jenis` `Kelamin`, `Alamat`, `No`.`Rumah`, `Status`) VALUES ('4', '3...' at line 1
CRITICAL - 2022-07-05 12:40:36 --> You have an error in your SQL syntax; check the manual that corresponds to your MariaDB server version for the right syntax to use near '`Warga`, `Jenis` `Kelamin`, `Alamat`, `No`.`Rumah`, `Status`) VALUES ('4', '3...' at line 1
#0 C:\xampp\htdocs\lab12_Iuran_KAS_RT_php_ci\ci4\system\Database\MySQLi\Connection.php(292): mysqli->query('INSERT INTO `wa...', 0)
#1 C:\xampp\htdocs\lab12_Iuran_KAS_RT_php_ci\ci4\system\Database\BaseConnection.php(670): CodeIgniter\Database\MySQLi\Connection->execute('INSERT INTO `wa...')
#2 C:\xampp\htdocs\lab12_Iuran_KAS_RT_php_ci\ci4\system\Database\BaseConnection.php(598): CodeIgniter\Database\BaseConnection->simpleQuery('INSERT INTO `wa...')
#3 C:\xampp\htdocs\lab12_Iuran_KAS_RT_php_ci\ci4\system\Database\BaseBuilder.php(1771): CodeIgniter\Database\BaseConnection->query('INSERT INTO `wa...', Array, false)
#4 C:\xampp\htdocs\lab12_Iuran_KAS_RT_php_ci\ci4\app\Models\Warga_Model.php(23): CodeIgniter\Database\BaseBuilder->insert(Array)
#5 C:\xampp\htdocs\lab12_Iuran_KAS_RT_php_ci\ci4\app\Controllers\warga.php(35): App\Models\Warga_Model->savewarga(Array)
#6 C:\xampp\htdocs\lab12_Iuran_KAS_RT_php_ci\ci4\system\CodeIgniter.php(832): App\Controllers\warga->add()
#7 C:\xampp\htdocs\lab12_Iuran_KAS_RT_php_ci\ci4\system\CodeIgniter.php(419): CodeIgniter\CodeIgniter->runController(Object(App\Controllers\warga))
#8 C:\xampp\htdocs\lab12_Iuran_KAS_RT_php_ci\ci4\system\CodeIgniter.php(326): CodeIgniter\CodeIgniter->handleRequest(NULL, Object(Config\Cache), false)
#9 C:\xampp\htdocs\lab12_Iuran_KAS_RT_php_ci\ci4\public\index.php(37): CodeIgniter\CodeIgniter->run()
#10 C:\xampp\htdocs\lab12_Iuran_KAS_RT_php_ci\ci4\system\Commands\Server\rewrite.php(43): require_once('C:\\xampp\\htdocs...')
#11 {main}
ERROR - 2022-07-05 12:48:19 --> Duplicate entry '312010100' for key 'nik_UNIQUE'
CRITICAL - 2022-07-05 12:48:19 --> Duplicate entry '312010100' for key 'nik_UNIQUE'
#0 C:\xampp\htdocs\lab12_Iuran_KAS_RT_php_ci\ci4\system\Database\MySQLi\Connection.php(292): mysqli->query('INSERT INTO `wa...', 0)
#1 C:\xampp\htdocs\lab12_Iuran_KAS_RT_php_ci\ci4\system\Database\BaseConnection.php(670): CodeIgniter\Database\MySQLi\Connection->execute('INSERT INTO `wa...')
#2 C:\xampp\htdocs\lab12_Iuran_KAS_RT_php_ci\ci4\system\Database\BaseConnection.php(598): CodeIgniter\Database\BaseConnection->simpleQuery('INSERT INTO `wa...')
#3 C:\xampp\htdocs\lab12_Iuran_KAS_RT_php_ci\ci4\system\Database\BaseBuilder.php(1771): CodeIgniter\Database\BaseConnection->query('INSERT INTO `wa...', Array, false)
#4 C:\xampp\htdocs\lab12_Iuran_KAS_RT_php_ci\ci4\app\Models\Warga_Model.php(23): CodeIgniter\Database\BaseBuilder->insert(Array)
#5 C:\xampp\htdocs\lab12_Iuran_KAS_RT_php_ci\ci4\app\Controllers\warga.php(35): App\Models\Warga_Model->savewarga(Array)
#6 C:\xampp\htdocs\lab12_Iuran_KAS_RT_php_ci\ci4\system\CodeIgniter.php(832): App\Controllers\warga->add()
#7 C:\xampp\htdocs\lab12_Iuran_KAS_RT_php_ci\ci4\system\CodeIgniter.php(419): CodeIgniter\CodeIgniter->runController(Object(App\Controllers\warga))
#8 C:\xampp\htdocs\lab12_Iuran_KAS_RT_php_ci\ci4\system\CodeIgniter.php(326): CodeIgniter\CodeIgniter->handleRequest(NULL, Object(Config\Cache), false)
#9 C:\xampp\htdocs\lab12_Iuran_KAS_RT_php_ci\ci4\public\index.php(37): CodeIgniter\CodeIgniter->run()
#10 C:\xampp\htdocs\lab12_Iuran_KAS_RT_php_ci\ci4\system\Commands\Server\rewrite.php(43): require_once('C:\\xampp\\htdocs...')
#11 {main}
